Log file open, 10/31/20 19:08:09
LogWindows: Failed to load 'aqProf.dll' (GetLastError=126)
LogWindows: File 'aqProf.dll' does not exist
LogWindows: Failed to load 'VtuneApi.dll' (GetLastError=126)
LogWindows: File 'VtuneApi.dll' does not exist
LogWindows: Failed to load 'VtuneApi32e.dll' (GetLastError=126)
LogWindows: File 'VtuneApi32e.dll' does not exist
LogConsoleResponse: Display: Failed to find resolution value strings in scalability ini. Falling back to default.
LogInit: Display: Running engine for game: UE4Self
LogPakFile: Registered encryption key '00000000000000000000000000000000': 0 pak files mounted, 0 remain pending
LogPlatformFile: Not using cached read wrapper
LogTaskGraph: Started task graph with 5 named threads and 35 total threads with 3 sets of task threads.
LogStats: Stats thread started at 0.972227
LogD3D11RHI: Loaded GFSDK_Aftermath_Lib.x64.dll
LogICUInternationalization: ICU TimeZone Detection - Raw Offset: +9:00, Platform Override: ''
LogPluginManager: Mounting plugin Paper2D
LogPluginManager: Mounting plugin AISupport
LogPluginManager: Mounting plugin LightPropagationVolume
LogPluginManager: Mounting plugin ActorLayerUtilities
LogPluginManager: Mounting plugin AnimationSharing
LogPluginManager: Mounting plugin CLionSourceCodeAccess
LogPluginManager: Mounting plugin CodeLiteSourceCodeAccess
LogPluginManager: Mounting plugin GitSourceControl
LogPluginManager: Mounting plugin KDevelopSourceCodeAccess
LogPluginManager: Mounting plugin NullSourceCodeAccess
LogPluginManager: Mounting plugin PerforceSourceControl
LogPluginManager: Mounting plugin SubversionSourceControl
LogPluginManager: Mounting plugin UObjectPlugin
LogPluginManager: Mounting plugin VisualStudioCodeSourceCodeAccess
LogPluginManager: Mounting plugin VisualStudioSourceCodeAccess
LogPluginManager: Mounting plugin XCodeSourceCodeAccess
LogPluginManager: Mounting plugin AssetManagerEditor
LogPluginManager: Mounting plugin CryptoKeys
LogPluginManager: Mounting plugin DataValidation
LogPluginManager: Mounting plugin FacialAnimation
LogPluginManager: Mounting plugin GameplayTagsEditor
LogPluginManager: Mounting plugin MacGraphicsSwitching
LogPluginManager: Mounting plugin MaterialAnalyzer
LogPluginManager: Mounting plugin MobileLauncherProfileWizard
LogPluginManager: Mounting plugin PluginBrowser
LogPluginManager: Mounting plugin SpeedTreeImporter
LogPluginManager: Mounting plugin DatasmithContent
LogPluginManager: Mounting plugin VariantManagerContent
LogPluginManager: Mounting plugin AlembicImporter
LogPluginManager: Mounting plugin AppleImageUtils
LogPluginManager: Mounting plugin AppleVision
LogPluginManager: Mounting plugin BackChannel
LogPluginManager: Mounting plugin CharacterAI
LogPluginManager: Mounting plugin GeometryCache
LogPluginManager: Mounting plugin HTML5Networking
LogPluginManager: Mounting plugin ProxyLODPlugin
LogPluginManager: Mounting plugin SkeletalReduction
LogPluginManager: Mounting plugin MagicLeap
LogPluginManager: Mounting plugin MagicLeapMedia
LogPluginManager: Mounting plugin AndroidMedia
LogPluginManager: Mounting plugin AvfMedia
LogPluginManager: Mounting plugin ImgMedia
LogPluginManager: Mounting plugin LinearTimecode
LogPluginManager: Mounting plugin MediaCompositing
LogPluginManager: Mounting plugin MediaPlayerEditor
LogPluginManager: Mounting plugin WebMMedia
LogPluginManager: Mounting plugin WmfMedia
LogPluginManager: Mounting plugin TcpMessaging
LogPluginManager: Mounting plugin UdpMessaging
LogPluginManager: Mounting plugin ActorSequence
LogPluginManager: Mounting plugin LevelSequenceEditor
LogPluginManager: Mounting plugin MatineeToLevelSequence
LogPluginManager: Mounting plugin NetcodeUnitTest
LogPluginManager: Mounting plugin NUTUnrealEngine4
LogPluginManager: Mounting plugin OnlineSubsystemGooglePlay
LogPluginManager: Mounting plugin OnlineSubsystemIOS
LogPluginManager: Mounting plugin OnlineSubsystem
LogPluginManager: Mounting plugin OnlineSubsystemNull
LogPluginManager: Mounting plugin OnlineSubsystemUtils
LogPluginManager: Mounting plugin LauncherChunkInstaller
LogPluginManager: Mounting plugin AndroidDeviceProfileSelector
LogPluginManager: Mounting plugin AndroidMoviePlayer
LogPluginManager: Mounting plugin AndroidPermission
LogPluginManager: Mounting plugin AppleMoviePlayer
LogPluginManager: Mounting plugin ArchVisCharacter
LogPluginManager: Mounting plugin AudioCapture
LogPluginManager: Mounting plugin CableComponent
LogPluginManager: Mounting plugin CustomMeshComponent
LogPluginManager: Mounting plugin EditableMesh
LogPluginManager: Mounting plugin ExampleDeviceProfileSelector
LogPluginManager: Mounting plugin Firebase
LogPluginManager: Mounting plugin GoogleCloudMessaging
LogPluginManager: Mounting plugin IOSDeviceProfileSelector
LogPluginManager: Mounting plugin LinuxDeviceProfileSelector
LogPluginManager: Mounting plugin LocationServicesBPLibrary
LogPluginManager: Mounting plugin MobilePatchingUtils
LogPluginManager: Mounting plugin OculusVR
LogPluginManager: Mounting plugin PhysXVehicles
LogPluginManager: Mounting plugin ProceduralMeshComponent
LogPluginManager: Mounting plugin RuntimePhysXCooking
LogPluginManager: Mounting plugin SignificanceManager
LogPluginManager: Mounting plugin SteamVR
LogPluginManager: Mounting plugin WebMMoviePlayer
LogPluginManager: Mounting plugin WindowsMoviePlayer
LogInit: Using libcurl 7.55.1-DEV
LogInit:  - built for x86_64-pc-win32
LogInit:  - supports SSL with OpenSSL/1.1.1
LogInit:  - supports HTTP deflate (compression) using libz 1.2.8
LogInit:  - other features:
LogInit:      CURL_VERSION_SSL
LogInit:      CURL_VERSION_LIBZ
LogInit:      CURL_VERSION_IPV6
LogInit:      CURL_VERSION_ASYNCHDNS
LogInit:      CURL_VERSION_LARGEFILE
LogInit:      CURL_VERSION_IDN
LogInit:  CurlRequestOptions (configurable via config and command line):
LogInit:  - bVerifyPeer = true  - Libcurl will verify peer certificate
LogInit:  - bUseHttpProxy = false  - Libcurl will NOT use HTTP proxy
LogInit:  - bDontReuseConnections = false  - Libcurl will reuse connections
LogInit:  - MaxHostConnections = 16  - Libcurl will limit the number of connections to a host
LogInit:  - LocalHostAddr = Default
LogInit:  - BufferSize = 65536
LogInit: WinSock: version 1.1 (2.2), MaxSocks=32767, MaxUdp=65467
LogInit: Build: ++UE4+Release-4.22-CL-7053642
LogInit: Engine Version: 4.22.3-7053642+++UE4+Release-4.22
LogInit: Compatible Engine Version: 4.22.0-5660361+++UE4+Release-4.22
LogInit: Net CL: 5660361
LogInit: OS: Windows 10 (Release 2004) (), CPU: Intel(R) Core(TM) i7-9750H CPU @ 2.60GHz, GPU: Intel(R) UHD Graphics 630
LogInit: Compiled (64-bit): Jun 18 2019 03:09:11
LogInit: Compiled with Visual C++: 19.16.27025.01
LogInit: Build Configuration: Development
LogInit: Branch Name: ++UE4+Release-4.22
LogInit: Command Line: 
LogInit: Base Directory: C:/Program Files/Epic Games/UE_4.22/Engine/Binaries/Win64/
LogInit: Installed Engine Build: 1
LogDevObjectVersion: Number of dev versions registered: 23
LogDevObjectVersion:   Dev-Blueprints (B0D832E4-1F89-4F0D-ACCF-7EB736FD4AA2): 10
LogDevObjectVersion:   Dev-Build (E1C64328-A22C-4D53-A36C-8E866417BD8C): 0
LogDevObjectVersion:   Dev-Core (375EC13C-06E4-48FB-B500-84F0262A717E): 3
LogDevObjectVersion:   Dev-Editor (E4B068ED-F494-42E9-A231-DA0B2E46BB41): 30
LogDevObjectVersion:   Dev-Framework (CFFC743F-43B0-4480-9391-14DF171D2073): 35
LogDevObjectVersion:   Dev-Mobile (B02B49B5-BB20-44E9-A304-32B752E40360): 2
LogDevObjectVersion:   Dev-Networking (A4E4105C-59A1-49B5-A7C5-40C4547EDFEE): 0
LogDevObjectVersion:   Dev-Online (39C831C9-5AE6-47DC-9A44-9C173E1C8E7C): 0
LogDevObjectVersion:   Dev-Physics (78F01B33-EBEA-4F98-B9B4-84EACCB95AA2): 0
LogDevObjectVersion:   Dev-Platform (6631380F-2D4D-43E0-8009-CF276956A95A): 0
LogDevObjectVersion:   Dev-Rendering (12F88B9F-8875-4AFC-A67C-D90C383ABD29): 28
LogDevObjectVersion:   Dev-Sequencer (7B5AE74C-D270-4C10-A958-57980B212A5A): 11
LogDevObjectVersion:   Dev-VR (D7296918-1DD6-4BDD-9DE2-64A83CC13884): 2
LogDevObjectVersion:   Dev-LoadTimes (C2A15278-BFE7-4AFE-6C17-90FF531DF755): 1
LogDevObjectVersion:   Private-Geometry (6EACA3D4-40EC-4CC1-B786-8BED09428FC5): 3
LogDevObjectVersion:   Dev-AnimPhys (29E575DD-E0A3-4627-9D10-D276232CDCEA): 17
LogDevObjectVersion:   Dev-Anim (AF43A65D-7FD3-4947-9873-3E8ED9C1BB05): 2
LogDevObjectVersion:   Dev-ReflectionCapture (6B266CEC-1EC7-4B8F-A30B-E4D90942FC07): 1
LogDevObjectVersion:   Dev-Automation (0DF73D61-A23F-47EA-B727-89E90C41499A): 1
LogDevObjectVersion:   FortniteMain (601D1886-AC64-4F84-AA16-D3DE0DEAC7D6): 25
LogDevObjectVersion:   Dev-Enterprise (9DFFBCD6-494F-0158-E221-12823C92A888): 6
LogDevObjectVersion:   Dev-Niagara (F2AED0AC-9AFE-416F-8664-AA7FFA26D6FC): 1
LogDevObjectVersion:   Dev-Destruction (174F1F0B-B4C6-45A5-B13F-2EE8D0FB917D): 2
LogInit: Presizing for max 16777216 objects, including 0 objects not considered by GC, pre-allocating 0 bytes for permanent pool.
LogInit: Object subsystem initialized
LogConfig: Setting CVar [[con.DebugEarlyDefault:1]]
LogConfig: Setting CVar [[r.setres:1280x720]]
[2020.10.31-10.08.09:995][  0]LogConfig: Setting CVar [[r.VSync:0]]
[2020.10.31-10.08.09:995][  0]LogConfig: Setting CVar [[r.RHICmdBypass:0]]
[2020.10.31-10.08.09:995][  0]LogConfig: Applying CVar settings from Section [/Script/Engine.RendererSettings] File [C:/Users/wonji/Desktop/UnrealProjects/UE4Self/UE4Self/Saved/Config/Windows/Engine.ini]
[2020.10.31-10.08.09:995][  0]LogConfig: Setting CVar [[r.GPUCrashDebugging:0]]
[2020.10.31-10.08.09:995][  0]LogConfig: Applying CVar settings from Section [/Script/Engine.RendererOverrideSettings] File [C:/Users/wonji/Desktop/UnrealProjects/UE4Self/UE4Self/Saved/Config/Windows/Engine.ini]
[2020.10.31-10.08.09:995][  0]LogConfig: Applying CVar settings from Section [/Script/Engine.StreamingSettings] File [C:/Users/wonji/Desktop/UnrealProjects/UE4Self/UE4Self/Saved/Config/Windows/Engine.ini]
[2020.10.31-10.08.09:995][  0]LogConfig: Setting CVar [[s.MinBulkDataSizeForAsyncLoading:131072]]
[2020.10.31-10.08.09:995][  0]LogConfig: Setting CVar [[s.AsyncLoadingThreadEnabled:0]]
[2020.10.31-10.08.09:995][  0]LogConfig: Setting CVar [[s.EventDrivenLoaderEnabled:1]]
[2020.10.31-10.08.09:995][  0]LogConfig: Setting CVar [[s.WarnIfTimeLimitExceeded:0]]
[2020.10.31-10.08.09:995][  0]LogConfig: Setting CVar [[s.TimeLimitExceededMultiplier:1.5]]
[2020.10.31-10.08.09:995][  0]LogConfig: Setting CVar [[s.TimeLimitExceededMinTime:0.005]]
[2020.10.31-10.08.09:995][  0]LogConfig: Setting CVar [[s.UseBackgroundLevelStreaming:1]]
[2020.10.31-10.08.09:995][  0]LogConfig: Setting CVar [[s.PriorityAsyncLoadingExtraTime:15.0]]
[2020.10.31-10.08.09:995][  0]LogConfig: Setting CVar [[s.LevelStreamingActorsUpdateTimeLimit:5.0]]
[2020.10.31-10.08.09:995][  0]LogConfig: Setting CVar [[s.PriorityLevelStreamingActorsUpdateExtraTime:5.0]]
[2020.10.31-10.08.09:995][  0]LogConfig: Setting CVar [[s.LevelStreamingComponentsRegistrationGranularity:10]]
[2020.10.31-10.08.09:995][  0]LogConfig: Setting CVar [[s.UnregisterComponentsTimeLimit:1.0]]
[2020.10.31-10.08.09:995][  0]LogConfig: Setting CVar [[s.LevelStreamingComponentsUnregistrationGranularity:5]]
[2020.10.31-10.08.09:995][  0]LogConfig: Applying CVar settings from Section [/Script/Engine.GarbageCollectionSettings] File [C:/Users/wonji/Desktop/UnrealProjects/UE4Self/UE4Self/Saved/Config/Windows/Engine.ini]
[2020.10.31-10.08.09:995][  0]LogConfig: Setting CVar [[gc.MaxObjectsNotConsideredByGC:1]]
[2020.10.31-10.08.09:995][  0]LogConfig: Setting CVar [[gc.SizeOfPermanentObjectPool:0]]
[2020.10.31-10.08.09:995][  0]LogConfig: Setting CVar [[gc.FlushStreamingOnGC:0]]
[2020.10.31-10.08.09:995][  0]LogConfig: Setting CVar [[gc.NumRetriesBeforeForcingGC:10]]
[2020.10.31-10.08.09:995][  0]LogConfig: Setting CVar [[gc.AllowParallelGC:1]]
[2020.10.31-10.08.09:995][  0]LogConfig: Setting CVar [[gc.TimeBetweenPurgingPendingKillObjects:61.1]]
[2020.10.31-10.08.09:995][  0]LogConfig: Setting CVar [[gc.MaxObjectsInEditor:16777216]]
[2020.10.31-10.08.09:995][  0]LogConfig: Setting CVar [[gc.IncrementalBeginDestroyEnabled:1]]
[2020.10.31-10.08.09:996][  0]LogConfig: Setting CVar [[gc.CreateGCClusters:1]]
[2020.10.31-10.08.09:996][  0]LogConfig: Setting CVar [[gc.MinGCClusterSize:5]]
[2020.10.31-10.08.09:996][  0]LogConfig: Setting CVar [[gc.ActorClusteringEnabled:0]]
[2020.10.31-10.08.09:996][  0]LogConfig: Setting CVar [[gc.BlueprintClusteringEnabled:0]]
[2020.10.31-10.08.09:996][  0]LogConfig: Setting CVar [[gc.UseDisregardForGCOnDedicatedServers:0]]
[2020.10.31-10.08.09:996][  0]LogConfig: Applying CVar settings from Section [/Script/Engine.NetworkSettings] File [C:/Users/wonji/Desktop/UnrealProjects/UE4Self/UE4Self/Saved/Config/Windows/Engine.ini]
[2020.10.31-10.08.09:996][  0]LogConfig: Applying CVar settings from Section [/Script/UnrealEd.CookerSettings] File [C:/Users/wonji/Desktop/UnrealProjects/UE4Self/UE4Self/Saved/Config/Windows/Engine.ini]
[2020.10.31-10.08.10:002][  0]LogConfig: Applying CVar settings from Section [ViewDistanceQuality@3] File [C:/Users/wonji/Desktop/UnrealProjects/UE4Self/UE4Self/Saved/Config/Windows/Scalability.ini]
[2020.10.31-10.08.10:002][  0]LogConfig: Setting CVar [[r.SkeletalMeshLODBias:0]]
[2020.10.31-10.08.10:002][  0]LogConfig: Setting CVar [[r.ViewDistanceScale:1.0]]
[2020.10.31-10.08.10:002][  0]LogConfig: Applying CVar settings from Section [AntiAliasingQuality@3] File [C:/Users/wonji/Desktop/UnrealProjects/UE4Self/UE4Self/Saved/Config/Windows/Scalability.ini]
[2020.10.31-10.08.10:002][  0]LogConfig: Setting CVar [[r.PostProcessAAQuality:4]]
[2020.10.31-10.08.10:002][  0]LogConfig: Applying CVar settings from Section [ShadowQuality@3] File [C:/Users/wonji/Desktop/UnrealProjects/UE4Self/UE4Self/Saved/Config/Windows/Scalability.ini]
[2020.10.31-10.08.10:002][  0]LogConfig: Setting CVar [[r.LightFunctionQuality:1]]
[2020.10.31-10.08.10:002][  0]LogConfig: Setting CVar [[r.ShadowQuality:5]]
[2020.10.31-10.08.10:002][  0]LogConfig: Setting CVar [[r.Shadow.CSM.MaxCascades:10]]
[2020.10.31-10.08.10:002][  0]LogConfig: Setting CVar [[r.Shadow.MaxResolution:2048]]
[2020.10.31-10.08.10:002][  0]LogConfig: Setting CVar [[r.Shadow.MaxCSMResolution:2048]]
[2020.10.31-10.08.10:002][  0]LogConfig: Setting CVar [[r.Shadow.RadiusThreshold:0.01]]
[2020.10.31-10.08.10:002][  0]LogConfig: Setting CVar [[r.Shadow.DistanceScale:1.0]]
[2020.10.31-10.08.10:002][  0]LogConfig: Setting CVar [[r.Shadow.CSM.TransitionScale:1.0]]
[2020.10.31-10.08.10:002][  0]LogConfig: Setting CVar [[r.Shadow.PreShadowResolutionFactor:1.0]]
[2020.10.31-10.08.10:002][  0]LogConfig: Setting CVar [[r.DistanceFieldShadowing:1]]
[2020.10.31-10.08.10:002][  0]LogConfig: Setting CVar [[r.DistanceFieldAO:1]]
[2020.10.31-10.08.10:002][  0]LogConfig: Setting CVar [[r.AOQuality:2]]
[2020.10.31-10.08.10:002][  0]LogConfig: Setting CVar [[r.VolumetricFog:1]]
[2020.10.31-10.08.10:002][  0]LogConfig: Setting CVar [[r.VolumetricFog.GridPixelSize:8]]
[2020.10.31-10.08.10:002][  0]LogConfig: Setting CVar [[r.VolumetricFog.GridSizeZ:128]]
[2020.10.31-10.08.10:002][  0]LogConfig: Setting CVar [[r.VolumetricFog.HistoryMissSupersampleCount:4]]
[2020.10.31-10.08.10:002][  0]LogConfig: Setting CVar [[r.LightMaxDrawDistanceScale:1]]
[2020.10.31-10.08.10:002][  0]LogConfig: Setting CVar [[r.CapsuleShadows:1]]
[2020.10.31-10.08.10:002][  0]LogConfig: Applying CVar settings from Section [PostProcessQuality@3] File [C:/Users/wonji/Desktop/UnrealProjects/UE4Self/UE4Self/Saved/Config/Windows/Scalability.ini]
[2020.10.31-10.08.10:002][  0]LogConfig: Setting CVar [[r.MotionBlurQuality:4]]
[2020.10.31-10.08.10:002][  0]LogConfig: Setting CVar [[r.AmbientOcclusionMipLevelFactor:0.4]]
[2020.10.31-10.08.10:002][  0]LogConfig: Setting CVar [[r.AmbientOcclusionMaxQuality:100]]
[2020.10.31-10.08.10:002][  0]LogConfig: Setting CVar [[r.AmbientOcclusionLevels:-1]]
[2020.10.31-10.08.10:002][  0]LogConfig: Setting CVar [[r.AmbientOcclusionRadiusScale:1.0]]
[2020.10.31-10.08.10:002][  0]LogConfig: Setting CVar [[r.DepthOfFieldQuality:2]]
[2020.10.31-10.08.10:002][  0]LogConfig: Setting CVar [[r.RenderTargetPoolMin:400]]
[2020.10.31-10.08.10:002][  0]LogConfig: Setting CVar [[r.LensFlareQuality:2]]
[2020.10.31-10.08.10:002][  0]LogConfig: Setting CVar [[r.SceneColorFringeQuality:1]]
[2020.10.31-10.08.10:002][  0]LogConfig: Setting CVar [[r.EyeAdaptationQuality:2]]
[2020.10.31-10.08.10:002][  0]LogConfig: Setting CVar [[r.BloomQuality:5]]
[2020.10.31-10.08.10:002][  0]LogConfig: Setting CVar [[r.FastBlurThreshold:100]]
[2020.10.31-10.08.10:002][  0]LogConfig: Setting CVar [[r.Upscale.Quality:3]]
[2020.10.31-10.08.10:002][  0]LogConfig: Setting CVar [[r.Tonemapper.GrainQuantization:1]]
[2020.10.31-10.08.10:002][  0]LogConfig: Setting CVar [[r.LightShaftQuality:1]]
[2020.10.31-10.08.10:002][  0]LogConfig: Setting CVar [[r.Filter.SizeScale:1]]
[2020.10.31-10.08.10:002][  0]LogConfig: Setting CVar [[r.Tonemapper.Quality:5]]
[2020.10.31-10.08.10:002][  0]LogConfig: Setting CVar [[r.DOF.Gather.AccumulatorQuality:1        ; higher gathering accumulator quality]]
[2020.10.31-10.08.10:002][  0]LogConfig: Setting CVar [[r.DOF.Gather.PostfilterMethod:1          ; Median3x3 postfilering method]]
[2020.10.31-10.08.10:002][  0]LogConfig: Setting CVar [[r.DOF.Gather.EnableBokehSettings:0       ; no bokeh simulation when gathering]]
[2020.10.31-10.08.10:002][  0]LogConfig: Setting CVar [[r.DOF.Gather.RingCount:4                 ; medium number of samples when gathering]]
[2020.10.31-10.08.10:002][  0]LogConfig: Setting CVar [[r.DOF.Scatter.ForegroundCompositing:1    ; additive foreground scattering]]
[2020.10.31-10.08.10:002][  0]LogConfig: Setting CVar [[r.DOF.Scatter.BackgroundCompositing:2    ; additive background scattering]]
[2020.10.31-10.08.10:002][  0]LogConfig: Setting CVar [[r.DOF.Scatter.EnableBokehSettings:1      ; bokeh simulation when scattering]]
[2020.10.31-10.08.10:002][  0]LogConfig: Setting CVar [[r.DOF.Scatter.MaxSpriteRatio:0.1         ; only a maximum of 10% of scattered bokeh]]
[2020.10.31-10.08.10:002][  0]LogConfig: Setting CVar [[r.DOF.Recombine.Quality:1                ; cheap slight out of focus]]
[2020.10.31-10.08.10:002][  0]LogConfig: Setting CVar [[r.DOF.Recombine.EnableBokehSettings:0    ; no bokeh simulation on slight out of focus]]
[2020.10.31-10.08.10:002][  0]LogConfig: Setting CVar [[r.DOF.TemporalAAQuality:1                ; more stable temporal accumulation]]
[2020.10.31-10.08.10:002][  0]LogConfig: Setting CVar [[r.DOF.Kernel.MaxForegroundRadius:0.025]]
[2020.10.31-10.08.10:002][  0]LogConfig: Setting CVar [[r.DOF.Kernel.MaxBackgroundRadius:0.025]]
[2020.10.31-10.08.10:002][  0]LogConfig: Applying CVar settings from Section [TextureQuality@3] File [C:/Users/wonji/Desktop/UnrealProjects/UE4Self/UE4Self/Saved/Config/Windows/Scalability.ini]
[2020.10.31-10.08.10:002][  0]LogConfig: Setting CVar [[r.Streaming.MipBias:0]]
[2020.10.31-10.08.10:003][  0]LogConfig: Setting CVar [[r.Streaming.AmortizeCPUToGPUCopy:0]]
[2020.10.31-10.08.10:003][  0]LogConfig: Setting CVar [[r.Streaming.MaxNumTexturesToStreamPerFrame:0]]
[2020.10.31-10.08.10:003][  0]LogConfig: Setting CVar [[r.Streaming.Boost:1]]
[2020.10.31-10.08.10:003][  0]LogConfig: Setting CVar [[r.MaxAnisotropy:8]]
[2020.10.31-10.08.10:003][  0]LogConfig: Setting CVar [[r.Streaming.LimitPoolSizeToVRAM:0]]
[2020.10.31-10.08.10:003][  0]LogConfig: Setting CVar [[r.Streaming.PoolSize:1000]]
[2020.10.31-10.08.10:003][  0]LogConfig: Setting CVar [[r.Streaming.MaxEffectiveScreenSize:0]]
[2020.10.31-10.08.10:003][  0]LogConfig: Applying CVar settings from Section [EffectsQuality@3] File [C:/Users/wonji/Desktop/UnrealProjects/UE4Self/UE4Self/Saved/Config/Windows/Scalability.ini]
[2020.10.31-10.08.10:003][  0]LogConfig: Setting CVar [[r.TranslucencyLightingVolumeDim:64]]
[2020.10.31-10.08.10:003][  0]LogConfig: Setting CVar [[r.RefractionQuality:2]]
[2020.10.31-10.08.10:003][  0]LogConfig: Setting CVar [[r.SSR.Quality:3]]
[2020.10.31-10.08.10:003][  0]LogConfig: Setting CVar [[r.SceneColorFormat:4]]
[2020.10.31-10.08.10:003][  0]LogConfig: Setting CVar [[r.DetailMode:2]]
[2020.10.31-10.08.10:003][  0]LogConfig: Setting CVar [[r.TranslucencyVolumeBlur:1]]
[2020.10.31-10.08.10:003][  0]LogConfig: Setting CVar [[r.MaterialQualityLevel:1 ; High quality]]
[2020.10.31-10.08.10:003][  0]LogConfig: Setting CVar [[r.SSS.Scale:1]]
[2020.10.31-10.08.10:003][  0]LogConfig: Setting CVar [[r.SSS.SampleSet:2]]
[2020.10.31-10.08.10:003][  0]LogConfig: Setting CVar [[r.SSS.Quality:1]]
[2020.10.31-10.08.10:003][  0]LogConfig: Setting CVar [[r.SSS.HalfRes:1]]
[2020.10.31-10.08.10:003][  0]LogConfig: Setting CVar [[r.EmitterSpawnRateScale:1.0]]
[2020.10.31-10.08.10:003][  0]LogConfig: Setting CVar [[r.ParticleLightQuality:2]]
[2020.10.31-10.08.10:003][  0]LogConfig: Applying CVar settings from Section [FoliageQuality@3] File [C:/Users/wonji/Desktop/UnrealProjects/UE4Self/UE4Self/Saved/Config/Windows/Scalability.ini]
[2020.10.31-10.08.10:003][  0]LogConfig: Setting CVar [[foliage.DensityScale:1.0]]
[2020.10.31-10.08.10:003][  0]LogConfig: Setting CVar [[grass.DensityScale:1.0]]
[2020.10.31-10.08.10:004][  0]LogInit: Selected Device Profile: [Windows]
[2020.10.31-10.08.10:004][  0]LogInit: Applying CVar settings loaded from the selected device profile: [Windows]
[2020.10.31-10.08.10:027][  0]LogHAL: Display: Platform has ~ 16 GB [17073135616 / 17179869184 / 16], which maps to Larger [LargestMinGB=32, LargerMinGB=12, DefaultMinGB=8, SmallerMinGB=6, SmallestMinGB=0)
[2020.10.31-10.08.10:027][  0]LogConfig: Setting CVar [[r.Vulkan.UseRealUBs:0		; Required until we fix HLR fall-out]]
[2020.10.31-10.08.10:027][  0]LogInit: Going up to parent DeviceProfile []
[2020.10.31-10.08.10:027][  0]LogConfig: Applying CVar settings from Section [ViewDistanceQuality@3] File [C:/Users/wonji/Desktop/UnrealProjects/UE4Self/UE4Self/Saved/Config/Windows/Scalability.ini]
[2020.10.31-10.08.10:027][  0]LogConfig: Setting CVar [[r.SkeletalMeshLODBias:0]]
[2020.10.31-10.08.10:027][  0]LogConfig: Setting CVar [[r.ViewDistanceScale:1.0]]
[2020.10.31-10.08.10:027][  0]LogConfig: Applying CVar settings from Section [AntiAliasingQuality@3] File [C:/Users/wonji/Desktop/UnrealProjects/UE4Self/UE4Self/Saved/Config/Windows/Scalability.ini]
[2020.10.31-10.08.10:028][  0]LogConfig: Setting CVar [[r.PostProcessAAQuality:4]]
[2020.10.31-10.08.10:028][  0]LogConfig: Applying CVar settings from Section [ShadowQuality@3] File [C:/Users/wonji/Desktop/UnrealProjects/UE4Self/UE4Self/Saved/Config/Windows/Scalability.ini]
[2020.10.31-10.08.10:028][  0]LogConfig: Setting CVar [[r.LightFunctionQuality:1]]
[2020.10.31-10.08.10:028][  0]LogConfig: Setting CVar [[r.ShadowQuality:5]]
[2020.10.31-10.08.10:028][  0]LogConfig: Setting CVar [[r.Shadow.CSM.MaxCascades:10]]
[2020.10.31-10.08.10:028][  0]LogConfig: Setting CVar [[r.Shadow.MaxResolution:2048]]
[2020.10.31-10.08.10:028][  0]LogConfig: Setting CVar [[r.Shadow.MaxCSMResolution:2048]]
[2020.10.31-10.08.10:028][  0]LogConfig: Setting CVar [[r.Shadow.RadiusThreshold:0.01]]
[2020.10.31-10.08.10:028][  0]LogConfig: Setting CVar [[r.Shadow.DistanceScale:1.0]]
[2020.10.31-10.08.10:028][  0]LogConfig: Setting CVar [[r.Shadow.CSM.TransitionScale:1.0]]
[2020.10.31-10.08.10:028][  0]LogConfig: Setting CVar [[r.Shadow.PreShadowResolutionFactor:1.0]]
[2020.10.31-10.08.10:028][  0]LogConfig: Setting CVar [[r.DistanceFieldShadowing:1]]
[2020.10.31-10.08.10:028][  0]LogConfig: Setting CVar [[r.DistanceFieldAO:1]]
[2020.10.31-10.08.10:028][  0]LogConfig: Setting CVar [[r.AOQuality:2]]
[2020.10.31-10.08.10:028][  0]LogConfig: Setting CVar [[r.VolumetricFog:1]]
[2020.10.31-10.08.10:028][  0]LogConfig: Setting CVar [[r.VolumetricFog.GridPixelSize:8]]
[2020.10.31-10.08.10:028][  0]LogConfig: Setting CVar [[r.VolumetricFog.GridSizeZ:128]]
[2020.10.31-10.08.10:028][  0]LogConfig: Setting CVar [[r.VolumetricFog.HistoryMissSupersampleCount:4]]
[2020.10.31-10.08.10:028][  0]LogConfig: Setting CVar [[r.LightMaxDrawDistanceScale:1]]
[2020.10.31-10.08.10:028][  0]LogConfig: Setting CVar [[r.CapsuleShadows:1]]
[2020.10.31-10.08.10:028][  0]LogConfig: Applying CVar settings from Section [PostProcessQuality@3] File [C:/Users/wonji/Desktop/UnrealProjects/UE4Self/UE4Self/Saved/Config/Windows/Scalability.ini]
[2020.10.31-10.08.10:028][  0]LogConfig: Setting CVar [[r.MotionBlurQuality:4]]
[2020.10.31-10.08.10:028][  0]LogConfig: Setting CVar [[r.AmbientOcclusionMipLevelFactor:0.4]]
[2020.10.31-10.08.10:028][  0]LogConfig: Setting CVar [[r.AmbientOcclusionMaxQuality:100]]
[2020.10.31-10.08.10:028][  0]LogConfig: Setting CVar [[r.AmbientOcclusionLevels:-1]]
[2020.10.31-10.08.10:028][  0]LogConfig: Setting CVar [[r.AmbientOcclusionRadiusScale:1.0]]
[2020.10.31-10.08.10:028][  0]LogConfig: Setting CVar [[r.DepthOfFieldQuality:2]]
[2020.10.31-10.08.10:028][  0]LogConfig: Setting CVar [[r.RenderTargetPoolMin:400]]
[2020.10.31-10.08.10:028][  0]LogConfig: Setting CVar [[r.LensFlareQuality:2]]
[2020.10.31-10.08.10:028][  0]LogConfig: Setting CVar [[r.SceneColorFringeQuality:1]]
[2020.10.31-10.08.10:028][  0]LogConfig: Setting CVar [[r.EyeAdaptationQuality:2]]
[2020.10.31-10.08.10:028][  0]LogConfig: Setting CVar [[r.BloomQuality:5]]
[2020.10.31-10.08.10:028][  0]LogConfig: Setting CVar [[r.FastBlurThreshold:100]]
[2020.10.31-10.08.10:028][  0]LogConfig: Setting CVar [[r.Upscale.Quality:3]]
[2020.10.31-10.08.10:028][  0]LogConfig: Setting CVar [[r.Tonemapper.GrainQuantization:1]]
[2020.10.31-10.08.10:028][  0]LogConfig: Setting CVar [[r.LightShaftQuality:1]]
[2020.10.31-10.08.10:028][  0]LogConfig: Setting CVar [[r.Filter.SizeScale:1]]
[2020.10.31-10.08.10:028][  0]LogConfig: Setting CVar [[r.Tonemapper.Quality:5]]
[2020.10.31-10.08.10:028][  0]LogConfig: Setting CVar [[r.DOF.Gather.AccumulatorQuality:1        ; higher gathering accumulator quality]]
[2020.10.31-10.08.10:028][  0]LogConfig: Setting CVar [[r.DOF.Gather.PostfilterMethod:1          ; Median3x3 postfilering method]]
[2020.10.31-10.08.10:028][  0]LogConfig: Setting CVar [[r.DOF.Gather.EnableBokehSettings:0       ; no bokeh simulation when gathering]]
[2020.10.31-10.08.10:028][  0]LogConfig: Setting CVar [[r.DOF.Gather.RingCount:4                 ; medium number of samples when gathering]]
[2020.10.31-10.08.10:028][  0]LogConfig: Setting CVar [[r.DOF.Scatter.ForegroundCompositing:1    ; additive foreground scattering]]
[2020.10.31-10.08.10:028][  0]LogConfig: Setting CVar [[r.DOF.Scatter.BackgroundCompositing:2    ; additive background scattering]]
[2020.10.31-10.08.10:028][  0]LogConfig: Setting CVar [[r.DOF.Scatter.EnableBokehSettings:1      ; bokeh simulation when scattering]]
[2020.10.31-10.08.10:028][  0]LogConfig: Setting CVar [[r.DOF.Scatter.MaxSpriteRatio:0.1         ; only a maximum of 10% of scattered bokeh]]
[2020.10.31-10.08.10:028][  0]LogConfig: Setting CVar [[r.DOF.Recombine.Quality:1                ; cheap slight out of focus]]
[2020.10.31-10.08.10:028][  0]LogConfig: Setting CVar [[r.DOF.Recombine.EnableBokehSettings:0    ; no bokeh simulation on slight out of focus]]
[2020.10.31-10.08.10:028][  0]LogConfig: Setting CVar [[r.DOF.TemporalAAQuality:1                ; more stable temporal accumulation]]
[2020.10.31-10.08.10:028][  0]LogConfig: Setting CVar [[r.DOF.Kernel.MaxForegroundRadius:0.025]]
[2020.10.31-10.08.10:028][  0]LogConfig: Setting CVar [[r.DOF.Kernel.MaxBackgroundRadius:0.025]]
[2020.10.31-10.08.10:028][  0]LogConfig: Applying CVar settings from Section [TextureQuality@3] File [C:/Users/wonji/Desktop/UnrealProjects/UE4Self/UE4Self/Saved/Config/Windows/Scalability.ini]
[2020.10.31-10.08.10:028][  0]LogConfig: Setting CVar [[r.Streaming.MipBias:0]]
[2020.10.31-10.08.10:028][  0]LogConfig: Setting CVar [[r.Streaming.AmortizeCPUToGPUCopy:0]]
[2020.10.31-10.08.10:028][  0]LogConfig: Setting CVar [[r.Streaming.MaxNumTexturesToStreamPerFrame:0]]
[2020.10.31-10.08.10:028][  0]LogConfig: Setting CVar [[r.Streaming.Boost:1]]
[2020.10.31-10.08.10:028][  0]LogConfig: Setting CVar [[r.MaxAnisotropy:8]]
[2020.10.31-10.08.10:028][  0]LogConfig: Setting CVar [[r.Streaming.LimitPoolSizeToVRAM:0]]
[2020.10.31-10.08.10:028][  0]LogConfig: Setting CVar [[r.Streaming.PoolSize:1000]]
[2020.10.31-10.08.10:028][  0]LogConfig: Setting CVar [[r.Streaming.MaxEffectiveScreenSize:0]]
[2020.10.31-10.08.10:028][  0]LogConfig: Applying CVar settings from Section [EffectsQuality@3] File [C:/Users/wonji/Desktop/UnrealProjects/UE4Self/UE4Self/Saved/Config/Windows/Scalability.ini]
[2020.10.31-10.08.10:028][  0]LogConfig: Setting CVar [[r.TranslucencyLightingVolumeDim:64]]
[2020.10.31-10.08.10:028][  0]LogConfig: Setting CVar [[r.RefractionQuality:2]]
[2020.10.31-10.08.10:028][  0]LogConfig: Setting CVar [[r.SSR.Quality:3]]
[2020.10.31-10.08.10:028][  0]LogConfig: Setting CVar [[r.SceneColorFormat:4]]
[2020.10.31-10.08.10:028][  0]LogConfig: Setting CVar [[r.DetailMode:2]]
[2020.10.31-10.08.10:028][  0]LogConfig: Setting CVar [[r.TranslucencyVolumeBlur:1]]
[2020.10.31-10.08.10:028][  0]LogConfig: Setting CVar [[r.MaterialQualityLevel:1 ; High quality]]
[2020.10.31-10.08.10:028][  0]LogConfig: Setting CVar [[r.SSS.Scale:1]]
[2020.10.31-10.08.10:028][  0]LogConfig: Setting CVar [[r.SSS.SampleSet:2]]
[2020.10.31-10.08.10:028][  0]LogConfig: Setting CVar [[r.SSS.Quality:1]]
[2020.10.31-10.08.10:028][  0]LogConfig: Setting CVar [[r.SSS.HalfRes:1]]
[2020.10.31-10.08.10:028][  0]LogConfig: Setting CVar [[r.EmitterSpawnRateScale:1.0]]
[2020.10.31-10.08.10:028][  0]LogConfig: Setting CVar [[r.ParticleLightQuality:2]]
[2020.10.31-10.08.10:028][  0]LogConfig: Applying CVar settings from Section [FoliageQuality@3] File [C:/Users/wonji/Desktop/UnrealProjects/UE4Self/UE4Self/Saved/Config/Windows/Scalability.ini]
[2020.10.31-10.08.10:028][  0]LogConfig: Setting CVar [[foliage.DensityScale:1.0]]
[2020.10.31-10.08.10:028][  0]LogConfig: Setting CVar [[grass.DensityScale:1.0]]
[2020.10.31-10.08.10:028][  0]LogConfig: Applying CVar settings from Section [Startup] File [../../../Engine/Config/ConsoleVariables.ini]
[2020.10.31-10.08.10:034][  0]LogConfig: Setting CVar [[net.UseAdaptiveNetUpdateFrequency:0]]
[2020.10.31-10.08.10:034][  0]LogConfig: Setting CVar [[p.chaos.AllowCreatePhysxBodies:1]]
[2020.10.31-10.08.10:034][  0]LogConfig: Applying CVar settings from Section [ConsoleVariables] File [C:/Users/wonji/Desktop/UnrealProjects/UE4Self/UE4Self/Saved/Config/Windows/Engine.ini]
[2020.10.31-10.08.10:035][  0]LogInit: Computer: LAPTOP-1UG54T2R
[2020.10.31-10.08.10:035][  0]LogInit: User: wonji
[2020.10.31-10.08.10:035][  0]LogInit: CPU Page size=4096, Cores=6
[2020.10.31-10.08.10:035][  0]LogInit: High frequency timer resolution =10.000000 MHz
[2020.10.31-10.08.10:035][  0]LogMemory: Memory total: Physical=15.9GB (16GB approx)
[2020.10.31-10.08.10:035][  0]LogMemory: Platform Memory Stats for Windows
[2020.10.31-10.08.10:035][  0]LogMemory: Process Physical Memory: 99.15 MB used, 99.16 MB peak
[2020.10.31-10.08.10:035][  0]LogMemory: Process Virtual Memory: 89.62 MB used, 89.62 MB peak
[2020.10.31-10.08.10:035][  0]LogMemory: Physical Memory: 5817.23 MB used,  10464.98 MB free, 16282.21 MB total
[2020.10.31-10.08.10:035][  0]LogMemory: Virtual Memory: 4660.91 MB used,  134213064.00 MB free, 134217728.00 MB total
[2020.10.31-10.08.10:244][  0]LogInit: Using OS detected language (ko-KR).
[2020.10.31-10.08.10:244][  0]LogInit: Using OS detected locale (ko-KR).
[2020.10.31-10.08.10:245][  0]LogTextLocalizationManager: No specific localization for 'ko-KR' exists, so the 'ko' localization will be used.
[2020.10.31-10.08.10:414][  0]LogInit: Setting process to per monitor DPI aware
[2020.10.31-10.08.10:503][  0]LogSlate: New Slate User Created.  User Index 0, Is Virtual User: 0
[2020.10.31-10.08.10:503][  0]LogSlate: Slate User Registered.  User Index 0, Is Virtual User: 0
[2020.10.31-10.08.12:558][  0]LogHMD: Failed to initialize OpenVR with code 110
[2020.10.31-10.08.12:558][  0]LogD3D11RHI: D3D11 adapters:
[2020.10.31-10.08.12:652][  0]LogD3D11RHI:    0. 'NVIDIA GeForce RTX 2080 with Max-Q Design' (Feature Level 11_0)
[2020.10.31-10.08.12:652][  0]LogD3D11RHI:       8010/0/8141 MB DedicatedVideo/DedicatedSystem/SharedSystem, Outputs:2, VendorId:0x10de
[2020.10.31-10.08.12:679][  0]LogD3D11RHI:    1. 'Intel(R) UHD Graphics 630' (Feature Level 11_0)
[2020.10.31-10.08.12:679][  0]LogD3D11RHI:       128/0/8141 MB DedicatedVideo/DedicatedSystem/SharedSystem, Outputs:0, VendorId:0x8086
[2020.10.31-10.08.12:681][  0]LogD3D11RHI:    2. 'Microsoft Basic Render Driver' (Feature Level 11_0)
[2020.10.31-10.08.12:681][  0]LogD3D11RHI:       0/0/8141 MB DedicatedVideo/DedicatedSystem/SharedSystem, Outputs:0, VendorId:0x1414
[2020.10.31-10.08.12:681][  0]LogD3D11RHI: Chosen D3D11 Adapter: 0
[2020.10.31-10.08.12:714][  0]LogD3D11RHI: Creating new Direct3DDevice
[2020.10.31-10.08.12:714][  0]LogD3D11RHI:     GPU DeviceId: 0x1e90 (for the marketing name, search the web for "GPU Device Id")
[2020.10.31-10.08.12:714][  0]LogWindows: EnumDisplayDevices:
[2020.10.31-10.08.12:714][  0]LogWindows:    0. 'Intel(R) UHD Graphics 630' (P:1 D:1)
[2020.10.31-10.08.12:714][  0]LogWindows:    1. 'Intel(R) UHD Graphics 630' (P:0 D:0)
[2020.10.31-10.08.12:714][  0]LogWindows:    2. 'Intel(R) UHD Graphics 630' (P:0 D:0)
[2020.10.31-10.08.12:715][  0]LogWindows:    3. 'NVIDIA GeForce RTX 2080 with Max-Q Design' (P:0 D:1)
[2020.10.31-10.08.12:715][  0]LogWindows:    4. 'NVIDIA GeForce RTX 2080 with Max-Q Design' (P:0 D:0)
[2020.10.31-10.08.12:715][  0]LogWindows:    5. 'NVIDIA GeForce RTX 2080 with Max-Q Design' (P:0 D:0)
[2020.10.31-10.08.12:715][  0]LogWindows:    6. 'NVIDIA GeForce RTX 2080 with Max-Q Design' (P:0 D:0)
[2020.10.31-10.08.12:715][  0]LogWindows: DebugString: PrimaryIsNotTheChoosenAdapter PrimaryIsNotTheChoosenAdapter PrimaryIsNotTheChoosenAdapter FoundDriverCount:4 
[2020.10.31-10.08.12:715][  0]LogD3D11RHI:     Adapter Name: NVIDIA GeForce RTX 2080 with Max-Q Design
[2020.10.31-10.08.12:715][  0]LogD3D11RHI:   Driver Version: 425.45 (internal:25.21.14.2545, unified:425.45)
[2020.10.31-10.08.12:715][  0]LogD3D11RHI:      Driver Date: 4-23-2019
[2020.10.31-10.08.12:715][  0]LogRHI: Texture pool is 5607 MB (70% of 8010 MB)
[2020.10.31-10.08.12:772][  0]LogD3D11RHI: Async texture creation enabled
[2020.10.31-10.08.12:780][  0]LogRendererCore: FGlobalReadBuffer::InitRHI
[2020.10.31-10.08.12:780][  0]LogRendererCore: FGlobalReadBuffer::InitRHI
[2020.10.31-10.08.12:780][  0]LogRendererCore: FGlobalReadBuffer::InitRHI
[2020.10.31-10.08.12:794][  0]LogD3D11RHI: GPU Timing Frequency: 1000.000000 (Debug: 2 2)
[2020.10.31-10.08.13:138][  0]LogTemp: Display: Module 'AllDesktopTargetPlatform' loaded TargetPlatform 'AllDesktop'
[2020.10.31-10.08.13:151][  0]LogTemp: Display: Module 'MacClientTargetPlatform' loaded TargetPlatform 'MacClient'
[2020.10.31-10.08.13:164][  0]LogTemp: Display: Module 'MacNoEditorTargetPlatform' loaded TargetPlatform 'MacNoEditor'
[2020.10.31-10.08.13:177][  0]LogTemp: Display: Module 'MacServerTargetPlatform' loaded TargetPlatform 'MacServer'
[2020.10.31-10.08.13:195][  0]LogTemp: Display: Module 'MacTargetPlatform' loaded TargetPlatform 'Mac'
[2020.10.31-10.08.13:209][  0]LogTemp: Display: Module 'WindowsClientTargetPlatform' loaded TargetPlatform 'WindowsClient'
[2020.10.31-10.08.13:223][  0]LogTemp: Display: Module 'WindowsNoEditorTargetPlatform' loaded TargetPlatform 'WindowsNoEditor'
[2020.10.31-10.08.13:238][  0]LogTemp: Display: Module 'WindowsServerTargetPlatform' loaded TargetPlatform 'WindowsServer'
[2020.10.31-10.08.13:251][  0]LogTemp: Display: Module 'WindowsTargetPlatform' loaded TargetPlatform 'Windows'
[2020.10.31-10.08.13:332][  0]LogTemp: Display: Module 'AndroidTargetPlatform' loaded TargetPlatform 'Android'
[2020.10.31-10.08.13:332][  0]LogTemp: Display: Module 'AndroidTargetPlatform' loaded TargetPlatform 'Android_ASTC'
[2020.10.31-10.08.13:332][  0]LogTemp: Display: Module 'AndroidTargetPlatform' loaded TargetPlatform 'Android_ATC'
[2020.10.31-10.08.13:332][  0]LogTemp: Display: Module 'AndroidTargetPlatform' loaded TargetPlatform 'Android_DXT'
[2020.10.31-10.08.13:332][  0]LogTemp: Display: Module 'AndroidTargetPlatform' loaded TargetPlatform 'Android_ETC1'
[2020.10.31-10.08.13:332][  0]LogTemp: Display: Module 'AndroidTargetPlatform' loaded TargetPlatform 'Android_ETC1a'
[2020.10.31-10.08.13:332][  0]LogTemp: Display: Module 'AndroidTargetPlatform' loaded TargetPlatform 'Android_ETC2'
[2020.10.31-10.08.13:332][  0]LogTemp: Display: Module 'AndroidTargetPlatform' loaded TargetPlatform 'Android_PVRTC'
[2020.10.31-10.08.13:332][  0]LogTemp: Display: Module 'AndroidTargetPlatform' loaded TargetPlatform 'AndroidClient'
[2020.10.31-10.08.13:332][  0]LogTemp: Display: Module 'AndroidTargetPlatform' loaded TargetPlatform 'Android_ASTCClient'
[2020.10.31-10.08.13:332][  0]LogTemp: Display: Module 'AndroidTargetPlatform' loaded TargetPlatform 'Android_ATCClient'
[2020.10.31-10.08.13:332][  0]LogTemp: Display: Module 'AndroidTargetPlatform' loaded TargetPlatform 'Android_DXTClient'
[2020.10.31-10.08.13:332][  0]LogTemp: Display: Module 'AndroidTargetPlatform' loaded TargetPlatform 'Android_ETC1Client'
[2020.10.31-10.08.13:332][  0]LogTemp: Display: Module 'AndroidTargetPlatform' loaded TargetPlatform 'Android_ETC1aClient'
[2020.10.31-10.08.13:332][  0]LogTemp: Display: Module 'AndroidTargetPlatform' loaded TargetPlatform 'Android_ETC2Client'
[2020.10.31-10.08.13:332][  0]LogTemp: Display: Module 'AndroidTargetPlatform' loaded TargetPlatform 'Android_PVRTCClient'
[2020.10.31-10.08.13:332][  0]LogTemp: Display: Module 'AndroidTargetPlatform' loaded TargetPlatform 'Android_Multi'
[2020.10.31-10.08.13:332][  0]LogTemp: Display: Module 'AndroidTargetPlatform' loaded TargetPlatform 'Android_MultiClient'
[2020.10.31-10.08.13:335][  0]LogTemp: Display: Module 'HTML5TargetPlatform' loaded TargetPlatform 'HTML5'
[2020.10.31-10.08.13:393][  0]LogTemp: Display: Module 'IOSTargetPlatform' loaded TargetPlatform 'IOSClient'
[2020.10.31-10.08.13:393][  0]LogTemp: Display: Module 'IOSTargetPlatform' loaded TargetPlatform 'IOS'
[2020.10.31-10.08.13:414][  0]LogTemp: Display: Module 'TVOSTargetPlatform' loaded TargetPlatform 'TVOSClient'
[2020.10.31-10.08.13:414][  0]LogTemp: Display: Module 'TVOSTargetPlatform' loaded TargetPlatform 'TVOS'
[2020.10.31-10.08.13:426][  0]LogTemp: Display: Module 'LinuxClientTargetPlatform' loaded TargetPlatform 'LinuxClient'
[2020.10.31-10.08.13:437][  0]LogTemp: Display: Module 'LinuxNoEditorTargetPlatform' loaded TargetPlatform 'LinuxNoEditor'
[2020.10.31-10.08.13:454][  0]LogTemp: Display: Module 'LinuxServerTargetPlatform' loaded TargetPlatform 'LinuxServer'
[2020.10.31-10.08.13:474][  0]LogTemp: Display: Module 'LinuxTargetPlatform' loaded TargetPlatform 'Linux'
[2020.10.31-10.08.13:517][  0]LogTemp: Display: Module 'LuminTargetPlatform' loaded TargetPlatform 'Lumin'
[2020.10.31-10.08.13:517][  0]LogTemp: Display: Module 'LuminTargetPlatform' loaded TargetPlatform 'LuminClient'
[2020.10.31-10.08.13:518][  0]LogTargetPlatformManager: Display: Building Assets For Windows
[2020.10.31-10.08.13:529][  0]LogAudioDebug: Display: Lib vorbis DLL was dynamically loaded.
[2020.10.31-10.08.13:657][  0]LogShaderCompilers: Guid format shader working directory is -23 characters bigger than the processId version (../../../../../../Users/wonji/Desktop/UnrealProjects/UE4Self/UE4Self/Intermediate/Shaders/WorkingDirectory/14204/).
[2020.10.31-10.08.13:657][  0]LogShaderCompilers: Cleaned the shader compiler working directory 'C:/Users/wonji/AppData/Local/Temp/UnrealShaderWorkingDir/5446CD2E478BDD6D7095D49F9C518D6D/'.
[2020.10.31-10.08.13:660][  0]LogXGEController: Cleaning working directory: C:/Users/wonji/AppData/Local/Temp/UnrealXGEWorkingDir/
[2020.10.31-10.08.13:660][  0]LogXGEController: Cannot use XGE Controller as Incredibuild is not installed on this machine.
[2020.10.31-10.08.13:661][  0]LogShaderCompilers: Cannot use XGE Shader Compiler as Incredibuild is not installed on this machine.
[2020.10.31-10.08.13:661][  0]LogShaderCompilers: Display: Using Local Shader Compiler.
[2020.10.31-10.08.15:838][  0]LogDerivedDataCache: Display: Max Cache Size: 512 MB
[2020.10.31-10.08.15:935][  0]LogDerivedDataCache: Loaded boot cache 0.10s 72MB C:/Users/wonji/AppData/Local/UnrealEngine/4.22/DerivedDataCache/Boot.ddc.
[2020.10.31-10.08.15:935][  0]LogDerivedDataCache: Display: Loaded Boot cache: C:/Users/wonji/AppData/Local/UnrealEngine/4.22/DerivedDataCache/Boot.ddc
[2020.10.31-10.08.15:935][  0]LogDerivedDataCache: FDerivedDataBackendGraph:  Pak pak cache file ../../../../../../Users/wonji/Desktop/UnrealProjects/UE4Self/UE4Self/DerivedDataCache/DDC.ddp not found, will not use a pak cache.
[2020.10.31-10.08.15:935][  0]LogDerivedDataCache: Unable to find inner node Pak for hierarchical cache Hierarchy.
[2020.10.31-10.08.15:935][  0]LogDerivedDataCache: FDerivedDataBackendGraph:  CompressedPak pak cache file ../../../../../../Users/wonji/Desktop/UnrealProjects/UE4Self/UE4Self/DerivedDataCache/Compressed.ddp not found, will not use a pak cache.
[2020.10.31-10.08.15:935][  0]LogDerivedDataCache: Unable to find inner node CompressedPak for hierarchical cache Hierarchy.
[2020.10.31-10.08.15:952][  0]LogDerivedDataCache: Display: Pak cache opened for reading ../../../Engine/DerivedDataCache/Compressed.ddp.
[2020.10.31-10.08.15:952][  0]LogDerivedDataCache: FDerivedDataBackendGraph:  EnterprisePak pak cache file ../../../Enterprise/DerivedDataCache/Compressed.ddp not found, will not use a pak cache.
[2020.10.31-10.08.15:952][  0]LogDerivedDataCache: Unable to find inner node EnterprisePak for hierarchical cache Hierarchy.
[2020.10.31-10.08.15:965][  0]LogDerivedDataCache: Using Local data cache path C:/Users/wonji/AppData/Local/UnrealEngine/Common/DerivedDataCache: Writable
[2020.10.31-10.08.15:965][  0]LogDerivedDataCache: Shared data cache path not found in *engine.ini, will not use an Shared cache.
[2020.10.31-10.08.15:965][  0]LogDerivedDataCache: Unable to find inner node Shared for hierarchical cache Hierarchy.
[2020.10.31-10.08.16:008][  0]LogMaterial: Verifying Global Shaders for PCD3D_SM5
[2020.10.31-10.08.16:013][  0]LogSlate: Using FreeType 2.6.0
[2020.10.31-10.08.16:024][  0]LogSlate: SlateFontServices - WITH_FREETYPE: 1, WITH_HARFBUZZ: 1
[2020.10.31-10.08.16:174][  0]LogAssetRegistry: FAssetRegistry took 0.0338 seconds to start up
[2020.10.31-10.08.16:550][  0]LogInit: Selected Device Profile: [Windows]
[2020.10.31-10.08.16:906][  0]LogMeshReduction: Using QuadricMeshReduction for automatic static mesh reduction
[2020.10.31-10.08.16:906][  0]LogMeshReduction: Using SimplygonMeshReduction for automatic skeletal mesh reduction
[2020.10.31-10.08.16:906][  0]LogMeshReduction: Using ProxyLODMeshReduction for automatic mesh merging
[2020.10.31-10.08.16:906][  0]LogMeshReduction: No distributed automatic mesh merging module available
[2020.10.31-10.08.16:906][  0]LogMeshMerging: No distributed automatic mesh merging module available
[2020.10.31-10.08.16:955][  0]LogNetVersion: UE4Self 1.0.0, NetCL: 5660361, EngineNetVer: 10, GameNetVer: 0 (Checksum: 3979475100)
[2020.10.31-10.08.18:248][  0]LogPackageLocalizationCache: Processed 10 localized package path(s) for 1 prioritized culture(s) in 0.072153 seconds
[2020.10.31-10.08.18:260][  0]LogUObjectArray: 42205 objects as part of root set at end of initial load.
[2020.10.31-10.08.18:260][  0]LogUObjectAllocator: 7325032 out of 0 bytes used by permanent object pool.
[2020.10.31-10.08.18:260][  0]LogUObjectArray: CloseDisregardForGC: 0/0 objects in disregard for GC pool
[2020.10.31-10.08.20:149][  0]LogTcpMessaging: Initializing TcpMessaging bridge
[2020.10.31-10.08.20:165][  0]LogUdpMessaging: Initializing bridge on interface 0.0.0.0:0 to multicast group 230.0.0.1:6666.
[2020.10.31-10.08.20:414][  0]LogUObjectGlobals: Warning: Class which was marked abstract was trying to be loaded.  It will be nulled out on save. MOVEMENT PawnMovementComponent
[2020.10.31-10.08.28:279][  0]LogStats: FPlatformStackWalk::StackWalkAndDump -  7.865 s
[2020.10.31-10.08.28:279][  0]LogOutputDevice: Error: === Handled ensure: ===
[2020.10.31-10.08.28:279][  0]LogOutputDevice: Error: 
[2020.10.31-10.08.28:279][  0]LogOutputDevice: Error: Ensure condition failed: false [File:D:\Build\++UE4\Sync\Engine\Source\Runtime\CoreUObject\Private\UObject\UObjectGlobals.cpp] [Line: 2184]
[2020.10.31-10.08.28:279][  0]LogOutputDevice: Error: Class which was marked abstract was trying to be loaded.  It will be nulled out on save. MOVEMENT PawnMovementComponent
[2020.10.31-10.08.28:279][  0]LogOutputDevice: Error: Stack: 
[2020.10.31-10.08.28:279][  0]LogOutputDevice: Error: [Callstack] 0x00007ffe82cd4d98 UE4Editor-CoreUObject.dll!DispatchCheckVerify<bool,<lambda_66917936361af7021c9de027589ae75a> >() [d:\build\++ue4\sync\engine\source\runtime\core\public\misc\assertionmacros.h:161]
[2020.10.31-10.08.28:279][  0]LogOutputDevice: Error: [Callstack] 0x00007ffe82c199fc UE4Editor-CoreUObject.dll!StaticAllocateObjectErrorTests() [d:\build\++ue4\sync\engine\source\runtime\coreuobject\private\uobject\uobjectglobals.cpp:2184]
[2020.10.31-10.08.28:279][  0]LogOutputDevice: Error: [Callstack] 0x00007ffe82c182dc UE4Editor-CoreUObject.dll!StaticAllocateObject() [d:\build\++ue4\sync\engine\source\runtime\coreuobject\private\uobject\uobjectglobals.cpp:2252]
[2020.10.31-10.08.28:279][  0]LogOutputDevice: Error: [Callstack] 0x00007ffe82c1a4ef UE4Editor-CoreUObject.dll!StaticConstructObject_Internal() [d:\build\++ue4\sync\engine\source\runtime\coreuobject\private\uobject\uobjectglobals.cpp:3080]
[2020.10.31-10.08.28:279][  0]LogOutputDevice: Error: [Callstack] 0x00007ffe82bf6058 UE4Editor-CoreUObject.dll!FObjectInitializer::CreateDefaultSubobject() [d:\build\++ue4\sync\engine\source\runtime\coreuobject\private\uobject\uobjectglobals.cpp:3678]
[2020.10.31-10.08.28:279][  0]LogOutputDevice: Error: [Callstack] 0x00007ffe82b53c18 UE4Editor-CoreUObject.dll!UObject::CreateDefaultSubobject() [d:\build\++ue4\sync\engine\source\runtime\coreuobject\private\uobject\obj.cpp:107]
[2020.10.31-10.08.28:279][  0]LogOutputDevice: Error: [Callstack] 0x00007ffe60f562a6 UE4Editor-UE4Self-0069.dll!APawn_Main::APawn_Main() [C:\Users\wonji\Desktop\UnrealProjects\UE4Self\UE4Self\Source\UE4Self\Pawn_Main.cpp:14]
[2020.10.31-10.08.28:279][  0]LogOutputDevice: Error: [Callstack] 0x00007ffe829e610f UE4Editor-CoreUObject.dll!UClass::CreateDefaultObject() [d:\build\++ue4\sync\engine\source\runtime\coreuobject\private\uobject\class.cpp:3076]
[2020.10.31-10.08.28:279][  0]LogOutputDevice: Error: [Callstack] 0x00007ffe82c21056 UE4Editor-CoreUObject.dll!UObjectLoadAllCompiledInDefaultProperties() [d:\build\++ue4\sync\engine\source\runtime\coreuobject\private\uobject\uobjectbase.cpp:793]
[2020.10.31-10.08.28:279][  0]LogOutputDevice: Error: [Callstack] 0x00007ffe82c0edef UE4Editor-CoreUObject.dll!ProcessNewlyLoadedUObjects() [d:\build\++ue4\sync\engine\source\runtime\coreuobject\private\uobject\uobjectbase.cpp:869]
[2020.10.31-10.08.28:279][  0]LogOutputDevice: Error: [Callstack] 0x00007ffe829ea727 UE4Editor-CoreUObject.dll!TBaseStaticDelegateInstance<void __cdecl(void)>::ExecuteIfSafe() [d:\build\++ue4\sync\engine\source\runtime\core\public\delegates\delegateinstancesimpl.h:813]
[2020.10.31-10.08.28:279][  0]LogOutputDevice: Error: [Callstack] 0x00007ffe7e7f4a2b UE4Editor-Core.dll!TBaseMulticastDelegate<void>::Broadcast() [d:\build\++ue4\sync\engine\source\runtime\core\public\delegates\delegatesignatureimpl.inl:977]
[2020.10.31-10.08.28:279][  0]LogOutputDevice: Error: [Callstack] 0x00007ffe7e9c5cb5 UE4Editor-Core.dll!FModuleManager::LoadModuleWithFailureReason() [d:\build\++ue4\sync\engine\source\runtime\core\private\modules\modulemanager.cpp:530]
[2020.10.31-10.08.28:279][  0]LogOutputDevice: Error: [Callstack] 0x00007ffea05e8d67 UE4Editor-Projects.dll!FModuleDescriptor::LoadModulesForPhase() [d:\build\++ue4\sync\engine\source\runtime\projects\private\moduledescriptor.cpp:596]
[2020.10.31-10.08.28:280][  0]LogOutputDevice: Error: [Callstack] 0x00007ffea05e8ff7 UE4Editor-Projects.dll!FProjectManager::LoadModulesForProject() [d:\build\++ue4\sync\engine\source\runtime\projects\private\projectmanager.cpp:63]
[2020.10.31-10.08.28:280][  0]LogOutputDevice: Error: [Callstack] 0x00007ff711787eb1 UE4Editor.exe!FEngineLoop::LoadStartupModules() [d:\build\++ue4\sync\engine\source\runtime\launch\private\launchengineloop.cpp:3135]
[2020.10.31-10.08.28:280][  0]LogOutputDevice: Error: [Callstack] 0x00007ff71178d671 UE4Editor.exe!FEngineLoop::PreInit() [d:\build\++ue4\sync\engine\source\runtime\launch\private\launchengineloop.cpp:2536]
[2020.10.31-10.08.28:280][  0]LogOutputDevice: Error: [Callstack] 0x00007ff711785377 UE4Editor.exe!GuardedMain() [d:\build\++ue4\sync\engine\source\runtime\launch\private\launch.cpp:129]
[2020.10.31-10.08.28:280][  0]LogOutputDevice: Error: [Callstack] 0x00007ff7117855ca UE4Editor.exe!GuardedMainWrapper() [d:\build\++ue4\sync\engine\source\runtime\launch\private\windows\launchwindows.cpp:145]
[2020.10.31-10.08.28:280][  0]LogOutputDevice: Error: [Callstack] 0x00007ff71179316c UE4Editor.exe!WinMain() [d:\build\++ue4\sync\engine\source\runtime\launch\private\windows\launchwindows.cpp:275]
[2020.10.31-10.08.28:280][  0]LogOutputDevice: Error: [Callstack] 0x00007ff711795b8e UE4Editor.exe!__scrt_common_main_seh() [d:\agent\_work\3\s\src\vctools\crt\vcstartup\src\startup\exe_common.inl:288]
[2020.10.31-10.08.28:280][  0]LogOutputDevice: Error: [Callstack] 0x00007ffee4807034 KERNEL32.DLL!UnknownFunction []
[2020.10.31-10.08.28:280][  0]LogOutputDevice: Error: [Callstack] 0x00007ffee665cec1 ntdll.dll!UnknownFunction []
[2020.10.31-10.08.28:280][  0]LogOutputDevice: Error: 
[2020.10.31-10.08.28:288][  0]LogStats:                SubmitErrorReport -  0.000 s
[2020.10.31-10.08.28:741][  0]LogStats:                    SendNewReport -  0.454 s
[2020.10.31-10.08.28:741][  0]LogStats:             FDebug::EnsureFailed -  8.327 s
[2020.10.31-10.08.28:838][  0]SourceControl: 소스 컨트롤이 꺼져 있습니다.
[2020.10.31-10.08.28:838][  0]SourceControl: 소스 컨트롤이 꺼져 있습니다.
[2020.10.31-10.08.28:845][  0]SourceControl: 소스 컨트롤이 꺼져 있습니다.
[2020.10.31-10.08.28:849][  0]SourceControl: 소스 컨트롤이 꺼져 있습니다.
[2020.10.31-10.08.29:006][  0]LogAndroidPermission: UAndroidPermissionCallbackProxy::GetInstance
[2020.10.31-10.08.29:138][  0]LogOcInput: OculusInput pre-init called
[2020.10.31-10.08.29:908][  0]LogEngine: Initializing Engine...
[2020.10.31-10.08.29:909][  0]LogHMD: Failed to initialize OpenVR with code 110
[2020.10.31-10.08.29:910][  0]LogStats: UGameplayTagsManager::InitializeManager -  0.000 s
[2020.10.31-10.08.30:275][  0]LogInit: Initializing FReadOnlyCVARCache
[2020.10.31-10.08.30:361][  0]LogAIModule: Creating AISystem for world Untitled
[2020.10.31-10.08.30:404][  0]LogInit: XAudio2 using 'Speakers(Realtek(R) Audio)' : 2 channels at 48 kHz using 32 bits per sample (channel mask 0x3)
[2020.10.31-10.08.30:692][  0]LogInit: FAudioDevice initialized.
[2020.10.31-10.08.30:692][  0]LogNetVersion: Set ProjectVersion to 1.0.0.0. Version Checksum will be recalculated on next use.
[2020.10.31-10.08.30:763][  0]LogDerivedDataCache: Saved boot cache 0.07s 72MB C:/Users/wonji/AppData/Local/UnrealEngine/4.22/DerivedDataCache/Boot.ddc.
[2020.10.31-10.08.30:771][  0]LogInit: Texture streaming: Enabled
[2020.10.31-10.08.30:800][  0]LogEngineSessionManager: EngineSessionManager initialized
[2020.10.31-10.08.30:843][  0]LogInit: Transaction tracking system initialized
[2020.10.31-10.08.30:925][  0]BlueprintLog: New page: 에디터 로드
[2020.10.31-10.08.31:186][  0]LocalizationService: 현지화 서비스가 비활성화되었습니다.
[2020.10.31-10.08.31:837][  0]LogFileCache: Scanning file cache for directory 'C:/Users/wonji/Desktop/UnrealProjects/UE4Self/UE4Self/Content/' took 0.02s
[2020.10.31-10.08.31:837][  0]LogCook: Display: Max memory allowance for cook 16384mb min free memory 0mb
[2020.10.31-10.08.31:837][  0]LogCook: Display: Mobile HDR setting 1
[2020.10.31-10.08.32:300][  0]SourceControl: 소스 컨트롤이 꺼져 있습니다.
[2020.10.31-10.08.32:301][  0]Cmd: MAP LOAD FILE="../../../../../../Users/wonji/Desktop/UnrealProjects/UE4Self/UE4Self/Content/ThirdPersonCPP/Maps/Sample.umap" TEMPLATE=0 SHOWPROGRESS=1 FEATURELEVEL=3
[2020.10.31-10.08.32:307][  0]LightingResults: New page: 라이팅 빌드
[2020.10.31-10.08.32:316][  0]MapCheck: New page: 맵 체크
[2020.10.31-10.08.32:316][  0]LightingResults: New page: 라이팅 빌드
[2020.10.31-10.08.32:346][  0]LogUObjectHash: Compacting FUObjectHashTables data took   1.34ms
[2020.10.31-10.08.32:512][  0]LogAIModule: Creating AISystem for world Sample
[2020.10.31-10.08.32:530][  0]LogEditorServer: Finished looking for orphan Actors (0.000 secs)
[2020.10.31-10.08.32:562][  0]LogUObjectHash: Compacting FUObjectHashTables data took   1.53ms
[2020.10.31-10.08.32:562][  0]Cmd: MAP CHECKDEP NOCLEARLOG
[2020.10.31-10.08.32:562][  0]MapCheck: 맵 체크 완료: 오류 0 회, 경고 0 회, 소요 시간 0.11ms.
[2020.10.31-10.08.32:562][  0]LogFileHelpers: Loading map 'Sample' took 0.262
[2020.10.31-10.08.32:735][  0]LogSlate: Updating window title bar state: overlay mode, drag disabled, window buttons hidden, title bar hidden
[2020.10.31-10.08.32:742][  0]LogSlate: Updating window title bar state: overlay mode, drag disabled, window buttons hidden, title bar hidden
[2020.10.31-10.08.32:747][  0]LogSlate: Updating window title bar state: overlay mode, drag disabled, window buttons hidden, title bar hidden
[2020.10.31-10.08.32:755][  0]LogSlate: Updating window title bar state: overlay mode, drag disabled, window buttons hidden, title bar hidden
[2020.10.31-10.08.32:781][  0]LogCollectionManager: Loaded 0 collections in 0.002411 seconds
[2020.10.31-10.08.32:834][  0]LogFileCache: Scanning file cache for directory 'C:/Users/wonji/Desktop/UnrealProjects/UE4Self/UE4Self/Saved/Collections/' took 0.01s
[2020.10.31-10.08.32:834][  0]LogFileCache: Scanning file cache for directory 'C:/Users/wonji/Desktop/UnrealProjects/UE4Self/UE4Self/Content/Developers/wonji/Collections/' took 0.01s
[2020.10.31-10.08.32:834][  0]LogFileCache: Scanning file cache for directory 'C:/Users/wonji/Desktop/UnrealProjects/UE4Self/UE4Self/Content/Collections/' took 0.00s
[2020.10.31-10.08.32:834][  0]LogCollectionManager: Rebuilt the GUID cache for 0 collections in 0.000001 seconds
[2020.10.31-10.08.32:857][  0]LogContentBrowser: Native class hierarchy populated in 0.0205 seconds. Added 2741 classes and 661 folders.
[2020.10.31-10.08.32:882][  0]LogContentBrowser: Native class hierarchy updated for 'WidgetCarousel' in 0.0007 seconds. Added 0 classes and 0 folders.
[2020.10.31-10.08.32:891][  0]LogPakFile: Registered encryption key '00000000000000000000000000000000': 0 pak files mounted, 0 remain pending
[2020.10.31-10.08.32:900][  0]LogPakFile: Registered encryption key '00000000000000000000000000000000': 0 pak files mounted, 0 remain pending
[2020.10.31-10.08.32:919][  0]LogPakFile: Registered encryption key '00000000000000000000000000000000': 0 pak files mounted, 0 remain pending
[2020.10.31-10.08.32:933][  0]LogPakFile: Registered encryption key '00000000000000000000000000000000': 0 pak files mounted, 0 remain pending
[2020.10.31-10.08.32:948][  0]LogPakFile: Registered encryption key '00000000000000000000000000000000': 0 pak files mounted, 0 remain pending
[2020.10.31-10.08.32:963][  0]LogPakFile: Registered encryption key '00000000000000000000000000000000': 0 pak files mounted, 0 remain pending
[2020.10.31-10.08.32:977][  0]LogPakFile: Registered encryption key '00000000000000000000000000000000': 0 pak files mounted, 0 remain pending
[2020.10.31-10.08.32:991][  0]LogPakFile: Registered encryption key '00000000000000000000000000000000': 0 pak files mounted, 0 remain pending
[2020.10.31-10.08.33:007][  0]LogPakFile: Registered encryption key '00000000000000000000000000000000': 0 pak files mounted, 0 remain pending
[2020.10.31-10.08.33:024][  0]LogPakFile: Registered encryption key '00000000000000000000000000000000': 0 pak files mounted, 0 remain pending
[2020.10.31-10.08.33:037][  0]LogPakFile: Registered encryption key '00000000000000000000000000000000': 0 pak files mounted, 0 remain pending
[2020.10.31-10.08.33:046][  0]LogPakFile: Registered encryption key '00000000000000000000000000000000': 0 pak files mounted, 0 remain pending
[2020.10.31-10.08.33:054][  0]LogPakFile: Registered encryption key '00000000000000000000000000000000': 0 pak files mounted, 0 remain pending
[2020.10.31-10.08.33:064][  0]LogPakFile: Registered encryption key '00000000000000000000000000000000': 0 pak files mounted, 0 remain pending
[2020.10.31-10.08.33:072][  0]LogPakFile: Registered encryption key '00000000000000000000000000000000': 0 pak files mounted, 0 remain pending
[2020.10.31-10.08.33:081][  0]LogPakFile: Registered encryption key '00000000000000000000000000000000': 0 pak files mounted, 0 remain pending
[2020.10.31-10.08.33:114][  0]LogPakFile: Registered encryption key '00000000000000000000000000000000': 0 pak files mounted, 0 remain pending
[2020.10.31-10.08.33:122][  0]LogPakFile: Registered encryption key '00000000000000000000000000000000': 0 pak files mounted, 0 remain pending
[2020.10.31-10.08.33:128][  0]LogPakFile: Registered encryption key '00000000000000000000000000000000': 0 pak files mounted, 0 remain pending
[2020.10.31-10.08.33:133][  0]LogPakFile: Registered encryption key '00000000000000000000000000000000': 0 pak files mounted, 0 remain pending
[2020.10.31-10.08.33:139][  0]LogPakFile: Registered encryption key '00000000000000000000000000000000': 0 pak files mounted, 0 remain pending
[2020.10.31-10.08.33:146][  0]LogPakFile: Registered encryption key '00000000000000000000000000000000': 0 pak files mounted, 0 remain pending
[2020.10.31-10.08.33:153][  0]LogPakFile: Registered encryption key '00000000000000000000000000000000': 0 pak files mounted, 0 remain pending
[2020.10.31-10.08.33:160][  0]LogPakFile: Registered encryption key '00000000000000000000000000000000': 0 pak files mounted, 0 remain pending
[2020.10.31-10.08.33:166][  0]LogPakFile: Registered encryption key '00000000000000000000000000000000': 0 pak files mounted, 0 remain pending
[2020.10.31-10.08.33:175][  0]LogPakFile: Registered encryption key '00000000000000000000000000000000': 0 pak files mounted, 0 remain pending
[2020.10.31-10.08.33:304][  0]LogContentBrowser: Native class hierarchy updated for 'AddContentDialog' in 0.0003 seconds. Added 0 classes and 0 folders.
[2020.10.31-10.08.33:324][  0]LogContentBrowser: Native class hierarchy updated for 'SceneOutliner' in 0.0004 seconds. Added 1 classes and 2 folders.
[2020.10.31-10.08.33:589][  0]LogSlate: Took 0.007742 seconds to synchronously load lazily loaded font '../../../Engine/Content/Slate/Fonts/Roboto-Regular.ttf' (155K)
[2020.10.31-10.08.33:601][  0]LogSlate: Took 0.010266 seconds to synchronously load lazily loaded font '../../../Engine/Content/Editor/Slate/Fonts/NanumGothic.ttf' (4243K)
[2020.10.31-10.08.33:610][  0]LogSlate: Took 0.009189 seconds to synchronously load lazily loaded font '../../../Engine/Content/Editor/Slate/Fonts/NanumGothicBold.ttf' (4188K)
[2020.10.31-10.08.33:616][  0]LogSlate: Took 0.005192 seconds to synchronously load lazily loaded font '../../../Engine/Content/Slate/Fonts/Roboto-Bold.ttf' (160K)
[2020.10.31-10.08.33:625][  0]LogSlate: Took 0.005637 seconds to synchronously load lazily loaded font '../../../Engine/Content/Editor/Slate/Fonts/FontAwesome.ttf' (139K)
[2020.10.31-10.08.33:825][  0]LogRenderer: Reallocating scene render targets to support 1208x576 Format 10 NumSamples 1 (Frame:1).
[2020.10.31-10.08.33:879][  0]LogSlate: Took 0.005377 seconds to synchronously load lazily loaded font '../../../Engine/Content/Slate/Fonts/Roboto-Light.ttf' (167K)
[2020.10.31-10.08.33:978][  0]LogContentBrowser: Native class hierarchy updated for 'HierarchicalLODOutliner' in 0.0004 seconds. Added 0 classes and 0 folders.
[2020.10.31-10.08.33:978][  0]LogLoad: (Engine Initialization) Total time: 28.25 seconds
[2020.10.31-10.08.33:979][  0]LogLoad: (Engine Initialization) Total Blueprint compile time: 0.00 seconds
[2020.10.31-10.08.34:130][  0]LogAssetRegistry: Asset discovery search completed in 17.9788 seconds
[2020.10.31-10.08.34:132][  0]LogCollectionManager: Rebuilt the object cache for 0 collections in 0.000000 seconds (found 0 objects)
[2020.10.31-10.08.34:132][  0]LogCollectionManager: Fixed up redirectors for 0 collections in 0.000053 seconds (updated 0 objects)
[2020.10.31-10.08.34:136][  0]LogContentStreaming: Texture pool size now 1000 MB
[2020.10.31-10.08.34:213][  1]LogUObjectGlobals: Warning: Class which was marked abstract was trying to be loaded.  It will be nulled out on save. MOVEMENT PawnMovementComponent
[2020.10.31-10.10.12:625][901]LogSlate: FSceneViewport::OnFocusLost() reason 0
[2020.10.31-10.10.12:760][909]LogSlate: Took 0.000147 seconds to synchronously load lazily loaded font '../../../Engine/Content/Slate/Fonts/Roboto-Light.ttf' (167K)
[2020.10.31-10.10.12:768][909]LogAssetEditorManager: Opening Asset editor for Class /Script/UE4Self.MainCharacter
[2020.10.31-10.33.25:238][129]LogUObjectHash: Compacting FUObjectHashTables data took   0.73ms
[2020.10.31-10.33.25:308][129]LogSlate: Window 'UE4Self - 언리얼 에디터' being destroyed
[2020.10.31-10.33.25:517][130]Cmd: QUIT_EDITOR
[2020.10.31-10.33.25:545][130]LogWindowsTextInputMethodSystem: Display: IME system now activated using TSF (Microsoft 입력기).
[2020.10.31-10.33.25:556][130]LogExit: Preparing to exit.
[2020.10.31-10.33.25:952][130]LogExit: Editor shut down
[2020.10.31-10.33.25:952][130]LogExit: Transaction tracking system shut down
[2020.10.31-10.33.26:168][130]LogExit: Object subsystem successfully closed.
[2020.10.31-10.33.26:187][130]LogShaderCompilers: Display: Shaders left to compile 0
[2020.10.31-10.33.26:189][130]LogD3D11RHI: Shutdown
[2020.10.31-10.33.26:189][130]LogD3D11RHI: CleanupD3DDevice
[2020.10.31-10.33.26:189][130]LogRendererCore: FGlobalReadBuffer::ReleaseRHI
[2020.10.31-10.33.26:189][130]LogRendererCore: FGlobalDynamicReadBuffer::Cleanup()
[2020.10.31-10.33.26:189][130]LogRendererCore: FGlobalReadBuffer::ReleaseRHI
[2020.10.31-10.33.26:189][130]LogRendererCore: FGlobalDynamicReadBuffer::Cleanup()
[2020.10.31-10.33.26:189][130]LogRendererCore: FGlobalReadBuffer::ReleaseRHI
[2020.10.31-10.33.26:189][130]LogRendererCore: FGlobalDynamicReadBuffer::Cleanup()
[2020.10.31-10.33.26:258][130]LogD3D11RHI: ~FD3D11DynamicRHI
[2020.10.31-10.33.26:285][130]LogModuleManager: Shutting down and abandoning module HierarchicalLODOutliner (644)
[2020.10.31-10.33.26:285][130]LogModuleManager: Shutting down and abandoning module SceneOutliner (642)
[2020.10.31-10.33.26:285][130]LogModuleManager: Shutting down and abandoning module AddContentDialog (640)
[2020.10.31-10.33.26:285][130]LogModuleManager: Shutting down and abandoning module WidgetCarousel (639)
[2020.10.31-10.33.26:286][130]LogModuleManager: Shutting down and abandoning module EditorWidgets (636)
[2020.10.31-10.33.26:286][130]LogModuleManager: Shutting down and abandoning module CollectionManager (634)
[2020.10.31-10.33.26:286][130]LogModuleManager: Shutting down and abandoning module StatsViewer (632)
[2020.10.31-10.33.26:286][130]LogModuleManager: Shutting down and abandoning module FoliageEdit (630)
[2020.10.31-10.33.26:286][130]LogModuleManager: Shutting down and abandoning module LandscapeEditor (628)
[2020.10.31-10.33.26:287][130]LogModuleManager: Shutting down and abandoning module MeshPaintMode (626)
[2020.10.31-10.33.26:287][130]LogModuleManager: Shutting down and abandoning module SceneDepthPickerMode (624)
[2020.10.31-10.33.26:287][130]LogModuleManager: Shutting down and abandoning module ActorPickerMode (622)
[2020.10.31-10.33.26:287][130]LogModuleManager: Shutting down and abandoning module GeometryMode (620)
[2020.10.31-10.33.26:287][130]LogModuleManager: Shutting down and abandoning module TextureAlignMode (618)
[2020.10.31-10.33.26:287][130]LogModuleManager: Shutting down and abandoning module BspMode (616)
[2020.10.31-10.33.26:287][130]LogModuleManager: Shutting down and abandoning module PIEPreviewDeviceProfileSelector (614)
[2020.10.31-10.33.26:287][130]LogModuleManager: Shutting down and abandoning module SequenceRecorderSections (612)
[2020.10.31-10.33.26:287][130]LogModuleManager: Shutting down and abandoning module AutomationWorker (610)
[2020.10.31-10.33.26:287][130]LogModuleManager: Shutting down and abandoning module OculusMR (608)
[2020.10.31-10.33.26:287][130]LogModuleManager: Shutting down and abandoning module AudioCaptureEditor (606)
[2020.10.31-10.33.26:287][130]LogModuleManager: Shutting down and abandoning module MatineeToLevelSequence (604)
[2020.10.31-10.33.26:287][130]LogModuleManager: Shutting down and abandoning module LevelSequenceEditor (602)
[2020.10.31-10.33.26:287][130]LogModuleManager: Shutting down and abandoning module PlacementMode (601)
[2020.10.31-10.33.26:287][130]LogModuleManager: Shutting down and abandoning module MaterialEditor (600)
[2020.10.31-10.33.26:288][130]LogModuleManager: Shutting down and abandoning module ActorSequenceEditor (596)
[2020.10.31-10.33.26:288][130]LogModuleManager: Shutting down and abandoning module WmfMediaFactory (594)
[2020.10.31-10.33.26:288][130]LogModuleManager: Shutting down and abandoning module WmfMediaEditor (592)
[2020.10.31-10.33.26:288][130]LogModuleManager: Shutting down and abandoning module WebMMediaFactory (590)
[2020.10.31-10.33.26:288][130]LogModuleManager: Shutting down and abandoning module WebMMediaEditor (588)
[2020.10.31-10.33.26:288][130]LogModuleManager: Shutting down and abandoning module WebMMedia (586)
[2020.10.31-10.33.26:288][130]LogModuleManager: Shutting down and abandoning module MediaPlayerEditor (584)
[2020.10.31-10.33.26:288][130]LogModuleManager: Shutting down and abandoning module MediaCompositingEditor (582)
[2020.10.31-10.33.26:288][130]LogModuleManager: Shutting down and abandoning module SequenceRecorder (581)
[2020.10.31-10.33.26:288][130]LogModuleManager: Shutting down and abandoning module OpenExrWrapper (578)
[2020.10.31-10.33.26:288][130]LogModuleManager: Shutting down and abandoning module ImgMediaFactory (576)
[2020.10.31-10.33.26:288][130]LogModuleManager: Shutting down and abandoning module ImgMediaEditor (574)
[2020.10.31-10.33.26:288][130]LogModuleManager: Shutting down and abandoning module AvfMediaFactory (572)
[2020.10.31-10.33.26:288][130]LogModuleManager: Shutting down and abandoning module AvfMediaEditor (570)
[2020.10.31-10.33.26:288][130]LogModuleManager: Shutting down and abandoning module AndroidMediaFactory (568)
[2020.10.31-10.33.26:288][130]LogModuleManager: Shutting down and abandoning module AndroidMediaEditor (566)
[2020.10.31-10.33.26:288][130]LogModuleManager: Shutting down and abandoning module MagicLeapCameraPreviewFactory (564)
[2020.10.31-10.33.26:288][130]LogModuleManager: Shutting down and abandoning module MagicLeapMediaCodecFactory (562)
[2020.10.31-10.33.26:288][130]LogModuleManager: Shutting down and abandoning module MagicLeapMediaFactory (560)
[2020.10.31-10.33.26:288][130]LogModuleManager: Shutting down and abandoning module MagicLeapMediaEditor (558)
[2020.10.31-10.33.26:288][130]LogModuleManager: Shutting down and abandoning module CharacterAI (556)
[2020.10.31-10.33.26:288][130]LogModuleManager: Shutting down and abandoning module SmartSnapping (554)
[2020.10.31-10.33.26:288][130]LogModuleManager: Shutting down and abandoning module SessionServices (552)
[2020.10.31-10.33.26:288][130]LogModuleManager: Shutting down and abandoning module MeshPaint (550)
[2020.10.31-10.33.26:288][130]LogModuleManager: Shutting down and abandoning module ViewportSnapping (548)
[2020.10.31-10.33.26:288][130]LogModuleManager: Shutting down and abandoning module ViewportInteraction (546)
[2020.10.31-10.33.26:288][130]LogModuleManager: Shutting down and abandoning module ClothPainter (544)
[2020.10.31-10.33.26:289][130]LogModuleManager: Shutting down and abandoning module SkeletalMeshEditor (543)
[2020.10.31-10.33.26:289][130]LogModuleManager: Shutting down and abandoning module LogVisualizer (540)
[2020.10.31-10.33.26:289][130]LogModuleManager: Shutting down and abandoning module IntroTutorials (538)
[2020.10.31-10.33.26:289][130]LogModuleManager: Shutting down and abandoning module GameProjectGeneration (537)
[2020.10.31-10.33.26:290][130]LogModuleManager: Shutting down and abandoning module LuminPlatformEditor (534)
[2020.10.31-10.33.26:290][130]LogModuleManager: Shutting down and abandoning module IOSPlatformEditor (532)
[2020.10.31-10.33.26:290][130]LogModuleManager: Shutting down and abandoning module HTML5PlatformEditor (530)
[2020.10.31-10.33.26:290][130]LogModuleManager: Shutting down and abandoning module AndroidPlatformEditor (528)
[2020.10.31-10.33.26:290][130]LogModuleManager: Shutting down and abandoning module AndroidDeviceDetection (527)
[2020.10.31-10.33.27:159][130]LogModuleManager: Shutting down and abandoning module WindowsPlatformEditor (524)
[2020.10.31-10.33.27:159][130]LogModuleManager: Shutting down and abandoning module LuminRuntimeSettings (522)
[2020.10.31-10.33.27:159][130]LogModuleManager: Shutting down and abandoning module IOSRuntimeSettings (520)
[2020.10.31-10.33.27:159][130]LogModuleManager: Shutting down and abandoning module AndroidRuntimeSettings (518)
[2020.10.31-10.33.27:159][130]LogModuleManager: Shutting down and abandoning module TimeManagementEditor (516)
[2020.10.31-10.33.27:159][130]LogModuleManager: Shutting down and abandoning module InputBindingEditor (514)
[2020.10.31-10.33.27:161][130]LogModuleManager: Shutting down and abandoning module MergeActors (512)
[2020.10.31-10.33.27:161][130]LogModuleManager: Shutting down and abandoning module LocalizationDashboard (510)
[2020.10.31-10.33.27:161][130]LogModuleManager: Shutting down and abandoning module LocalizationService (509)
[2020.10.31-10.33.27:161][130]LogModuleManager: Shutting down and abandoning module HardwareTargeting (506)
[2020.10.31-10.33.27:161][130]LogModuleManager: Shutting down and abandoning module DeviceProfileEditor (504)
[2020.10.31-10.33.27:161][130]LogModuleManager: Shutting down and abandoning module UndoHistory (502)
[2020.10.31-10.33.27:162][130]LogModuleManager: Shutting down and abandoning module XmlParser (500)
[2020.10.31-10.33.27:162][130]LogModuleManager: Shutting down and abandoning module Blutility (498)
[2020.10.31-10.33.27:162][130]LogModuleManager: Shutting down and abandoning module ProjectSettingsViewer (496)
[2020.10.31-10.33.27:162][130]LogModuleManager: Shutting down and abandoning module ProjectTargetPlatformEditor (495)
[2020.10.31-10.33.27:162][130]LogModuleManager: Shutting down and abandoning module EditorSettingsViewer (492)
[2020.10.31-10.33.27:162][130]LogModuleManager: Shutting down and abandoning module SettingsEditor (490)
[2020.10.31-10.33.27:162][130]LogModuleManager: Shutting down and abandoning module ProjectLauncher (488)
[2020.10.31-10.33.27:163][130]LogModuleManager: Shutting down and abandoning module SessionFrontend (486)
[2020.10.31-10.33.27:163][130]LogModuleManager: Shutting down and abandoning module ProfilerClient (484)
[2020.10.31-10.33.27:164][130]LogModuleManager: Shutting down and abandoning module DeviceManager (482)
[2020.10.31-10.33.27:164][130]LogModuleManager: Shutting down and abandoning module TargetDeviceServices (481)
[2020.10.31-10.33.27:196][130]LogModuleManager: Shutting down and abandoning module AutomationController (478)
[2020.10.31-10.33.27:196][130]LogModuleManager: Shutting down and abandoning module AutomationWindow (476)
[2020.10.31-10.33.27:197][130]LogModuleManager: Shutting down and abandoning module Layers (474)
[2020.10.31-10.33.27:200][130]LogModuleManager: Shutting down and abandoning module ComponentVisualizers (472)
[2020.10.31-10.33.27:200][130]LogModuleManager: Shutting down and abandoning module DetailCustomizations (470)
[2020.10.31-10.33.27:200][130]LogModuleManager: Shutting down and abandoning module PackagesDialog (468)
[2020.10.31-10.33.27:201][130]LogModuleManager: Shutting down and abandoning module AnimationBlueprintEditor (466)
[2020.10.31-10.33.27:202][130]LogModuleManager: Shutting down and abandoning module Persona (464)
[2020.10.31-10.33.27:204][130]LogModuleManager: Shutting down and abandoning module AdvancedPreviewScene (463)
[2020.10.31-10.33.27:204][130]LogModuleManager: Shutting down and abandoning module AnimGraph (461)
[2020.10.31-10.33.27:204][130]LogModuleManager: Shutting down and abandoning module Kismet (458)
[2020.10.31-10.33.27:205][130]LogModuleManager: Shutting down and abandoning module GraphEditor (456)
[2020.10.31-10.33.27:207][130]LogModuleManager: Shutting down and abandoning module ClassViewer (454)
[2020.10.31-10.33.27:207][130]LogModuleManager: Shutting down and abandoning module Toolbox (452)
[2020.10.31-10.33.27:207][130]LogModuleManager: Shutting down and abandoning module DesktopPlatform (451)
[2020.10.31-10.33.27:207][130]LogModuleManager: Shutting down and abandoning module ModuleUI (448)
[2020.10.31-10.33.27:207][130]LogModuleManager: Shutting down and abandoning module MovieSceneTools (446)
[2020.10.31-10.33.27:207][130]LogModuleManager: Shutting down and abandoning module OutputLog (444)
[2020.10.31-10.33.27:207][130]LogModuleManager: Shutting down and abandoning module GammaUI (442)
[2020.10.31-10.33.27:207][130]LogModuleManager: Shutting down and abandoning module Documentation (440)
[2020.10.31-10.33.27:207][130]LogModuleManager: Shutting down and abandoning module LiveCoding (438)
[2020.10.31-10.33.27:207][130]LogModuleManager: Shutting down and abandoning module LevelSequence (436)
[2020.10.31-10.33.27:207][130]LogModuleManager: Shutting down and abandoning module MovieSceneTracks (434)
[2020.10.31-10.33.27:207][130]LogModuleManager: Shutting down and abandoning module MovieScene (432)
[2020.10.31-10.33.27:207][130]LogModuleManager: Shutting down and abandoning module StreamingPauseRendering (430)
[2020.10.31-10.33.27:207][130]LogModuleManager: Shutting down and abandoning module LauncherPlatform (428)
[2020.10.31-10.33.27:207][130]LogModuleManager: Shutting down and abandoning module AnalyticsET (426)
[2020.10.31-10.33.27:207][130]LogModuleManager: Shutting down and abandoning module PortalServices (424)
[2020.10.31-10.33.27:207][130]LogModuleManager: Shutting down and abandoning module PortalRpc (422)
[2020.10.31-10.33.27:207][130]LogModuleManager: Shutting down and abandoning module MessagingRpc (420)
[2020.10.31-10.33.27:207][130]LogModuleManager: Shutting down and abandoning module AIModule (418)
[2020.10.31-10.33.27:207][130]LogModuleManager: Shutting down and abandoning module GameplayDebugger (417)
[2020.10.31-10.33.27:207][130]LogModuleManager: Shutting down and abandoning module AITestSuite (415)
[2020.10.31-10.33.27:207][130]LogModuleManager: Shutting down and abandoning module NavigationSystem (413)
[2020.10.31-10.33.27:207][130]LogModuleManager: Shutting down and abandoning module ImageWriteQueue (410)
[2020.10.31-10.33.27:210][130]LogModuleManager: Shutting down and abandoning module ProfilerService (408)
[2020.10.31-10.33.27:400][130]LogModuleManager: Shutting down and abandoning module TaskGraph (406)
[2020.10.31-10.33.27:400][130]LogModuleManager: Shutting down and abandoning module SteamVRController (404)
[2020.10.31-10.33.27:401][130]LogModuleManager: Shutting down and abandoning module ProceduralMeshComponentEditor (402)
[2020.10.31-10.33.27:401][130]LogModuleManager: Shutting down and abandoning module ProceduralMeshComponent (400)
[2020.10.31-10.33.27:401][130]LogModuleManager: Shutting down and abandoning module OculusEditor (398)
[2020.10.31-10.33.27:401][130]LogModuleManager: Shutting down and abandoning module OculusInput (396)
[2020.10.31-10.33.27:401][130]LogModuleManager: Shutting down and abandoning module MobilePatchingUtils (394)
[2020.10.31-10.33.27:401][130]LogModuleManager: Shutting down and abandoning module EditableMesh (392)
[2020.10.31-10.33.27:401][130]LogModuleManager: Shutting down and abandoning module CustomMeshComponent (390)
[2020.10.31-10.33.27:401][130]LogModuleManager: Shutting down and abandoning module CableComponent (388)
[2020.10.31-10.33.27:401][130]LogModuleManager: Shutting down and abandoning module AudioCapture (386)
[2020.10.31-10.33.27:401][130]LogModuleManager: Shutting down and abandoning module ArchVisCharacter (384)
[2020.10.31-10.33.27:401][130]LogModuleManager: Shutting down and abandoning module AndroidPermission (382)
[2020.10.31-10.33.27:401][130]LogModuleManager: Shutting down and abandoning module NUTUnrealEngine4 (380)
[2020.10.31-10.33.27:401][130]LogModuleManager: Shutting down and abandoning module NetcodeUnitTest (378)
[2020.10.31-10.33.27:401][130]LogModuleManager: Shutting down and abandoning module MediaCompositing (376)
[2020.10.31-10.33.27:401][130]LogModuleManager: Shutting down and abandoning module LinearTimecode (374)
[2020.10.31-10.33.27:401][130]LogModuleManager: Shutting down and abandoning module ImgMedia (372)
[2020.10.31-10.33.27:401][130]LogModuleManager: Shutting down and abandoning module MagicLeapHelperVulkan (370)
[2020.10.31-10.33.27:401][130]LogModuleManager: Shutting down and abandoning module MagicLeapHelperOpenGL (368)
[2020.10.31-10.33.27:401][130]LogModuleManager: Shutting down and abandoning module MagicLeapAudio (366)
[2020.10.31-10.33.27:401][130]LogModuleManager: Shutting down and abandoning module HTML5Networking (364)
[2020.10.31-10.33.27:401][130]LogModuleManager: Shutting down and abandoning module GeometryCacheTracks (362)
[2020.10.31-10.33.27:401][130]LogModuleManager: Shutting down and abandoning module GeometryCacheSequencer (360)
[2020.10.31-10.33.27:401][130]LogModuleManager: Shutting down and abandoning module BackChannel (358)
[2020.10.31-10.33.27:401][130]LogModuleManager: Shutting down and abandoning module AppleVision (356)
[2020.10.31-10.33.27:401][130]LogModuleManager: Shutting down and abandoning module AppleImageUtilsBlueprintSupport (354)
[2020.10.31-10.33.27:401][130]LogModuleManager: Shutting down and abandoning module AppleImageUtils (352)
[2020.10.31-10.33.27:401][130]LogModuleManager: Shutting down and abandoning module AlembicImporter (350)
[2020.10.31-10.33.27:401][130]LogModuleManager: Shutting down and abandoning module AlembicLibrary (349)
[2020.10.31-10.33.27:401][130]LogModuleManager: Shutting down and abandoning module GeometryCache (348)
[2020.10.31-10.33.27:401][130]LogModuleManager: Shutting down and abandoning module GeometryCacheEd (347)
[2020.10.31-10.33.27:401][130]LogModuleManager: Shutting down and abandoning module VariantManagerContent (342)
[2020.10.31-10.33.27:401][130]LogModuleManager: Shutting down and abandoning module DatasmithContentEditor (340)
[2020.10.31-10.33.27:402][130]LogModuleManager: Shutting down and abandoning module SpeedTreeImporter (338)
[2020.10.31-10.33.27:402][130]LogModuleManager: Shutting down and abandoning module PluginBrowser (336)
[2020.10.31-10.33.27:402][130]LogModuleManager: Shutting down and abandoning module MobileLauncherProfileWizard (334)
[2020.10.31-10.33.27:402][130]LogModuleManager: Shutting down and abandoning module MaterialAnalyzer (332)
[2020.10.31-10.33.27:402][130]LogModuleManager: Shutting down and abandoning module CryptoKeysOpenSSL (330)
[2020.10.31-10.33.27:402][130]LogModuleManager: Shutting down and abandoning module CryptoKeys (328)
[2020.10.31-10.33.27:402][130]LogModuleManager: Shutting down and abandoning module VisualStudioSourceCodeAccess (326)
[2020.10.31-10.33.27:402][130]LogModuleManager: Shutting down and abandoning module VisualStudioCodeSourceCodeAccess (324)
[2020.10.31-10.33.27:402][130]LogModuleManager: Shutting down and abandoning module UObjectPlugin (322)
[2020.10.31-10.33.27:402][130]LogModuleManager: Shutting down and abandoning module SubversionSourceControl (320)
[2020.10.31-10.33.27:402][130]LogModuleManager: Shutting down and abandoning module PerforceSourceControl (318)
[2020.10.31-10.33.27:402][130]LogModuleManager: Shutting down and abandoning module GitSourceControl (316)
[2020.10.31-10.33.27:402][130]LogModuleManager: Shutting down and abandoning module SourceControl (315)
[2020.10.31-10.33.27:402][130]LogModuleManager: Shutting down and abandoning module CLionSourceCodeAccess (312)
[2020.10.31-10.33.27:402][130]LogModuleManager: Shutting down and abandoning module AnimationSharingEd (310)
[2020.10.31-10.33.27:402][130]LogModuleManager: Shutting down and abandoning module ActorLayerUtilitiesEditor (308)
[2020.10.31-10.33.27:402][130]LogModuleManager: Shutting down and abandoning module ActorLayerUtilities (306)
[2020.10.31-10.33.27:402][130]LogModuleManager: Shutting down and abandoning module LightPropagationVolumeEditor (304)
[2020.10.31-10.33.27:402][130]LogModuleManager: Shutting down and abandoning module PaperTiledImporter (302)
[2020.10.31-10.33.27:402][130]LogModuleManager: Shutting down and abandoning module PaperSpriteSheetImporter (300)
[2020.10.31-10.33.27:402][130]LogModuleManager: Shutting down and abandoning module Paper2DEditor (298)
[2020.10.31-10.33.27:403][130]LogModuleManager: Shutting down and abandoning module UE4Self (296)
[2020.10.31-10.33.27:403][130]LogModuleManager: Shutting down and abandoning module SignificanceManager (294)
[2020.10.31-10.33.27:403][130]LogModuleManager: Shutting down and abandoning module RuntimePhysXCooking (292)
[2020.10.31-10.33.27:403][130]LogModuleManager: Shutting down and abandoning module PhysXVehiclesEditor (290)
[2020.10.31-10.33.27:403][130]LogModuleManager: Shutting down and abandoning module PhysXVehicles (288)
[2020.10.31-10.33.27:403][130]LogModuleManager: Shutting down and abandoning module LocationServicesBPLibrary (286)
[2020.10.31-10.33.27:403][130]LogModuleManager: Shutting down and abandoning module ActorSequence (284)
[2020.10.31-10.33.27:403][130]LogModuleManager: Shutting down and abandoning module UdpMessaging (282)
[2020.10.31-10.33.27:504][130]LogModuleManager: Shutting down and abandoning module TcpMessaging (280)
[2020.10.31-10.33.27:605][130]LogModuleManager: Shutting down and abandoning module MagicLeapIdentity (278)
[2020.10.31-10.33.27:605][130]LogModuleManager: Shutting down and abandoning module MagicLeapSecureStorage (276)
[2020.10.31-10.33.27:605][130]LogModuleManager: Shutting down and abandoning module MagicLeapHandTracking (274)
[2020.10.31-10.33.27:605][130]LogModuleManager: Shutting down and abandoning module MagicLeapEyeTracker (272)
[2020.10.31-10.33.27:605][130]LogModuleManager: Shutting down and abandoning module MagicLeapController (270)
[2020.10.31-10.33.27:605][130]LogSlate: Slate User Destroyed.  User Index 0, Is Virtual User: 0
[2020.10.31-10.33.27:605][130]LogModuleManager: Shutting down and abandoning module MagicLeapAR (268)
[2020.10.31-10.33.27:605][130]LogModuleManager: Shutting down and abandoning module AugmentedReality (267)
[2020.10.31-10.33.27:605][130]LogModuleManager: Shutting down and abandoning module GameplayTagsEditor (264)
[2020.10.31-10.33.27:605][130]LogModuleManager: Shutting down and abandoning module FacialAnimationEditor (262)
[2020.10.31-10.33.27:605][130]LogModuleManager: Shutting down and abandoning module FacialAnimation (260)
[2020.10.31-10.33.27:605][130]LogModuleManager: Shutting down and abandoning module DataValidation (258)
[2020.10.31-10.33.27:605][130]LogModuleManager: Shutting down and abandoning module AssetManagerEditor (256)
[2020.10.31-10.33.27:606][130]LogModuleManager: Shutting down and abandoning module LevelEditor (255)
[2020.10.31-10.33.27:607][130]LogModuleManager: Shutting down and abandoning module PixelInspectorModule (254)
[2020.10.31-10.33.27:607][130]LogModuleManager: Shutting down and abandoning module CommonMenuExtensions (252)
[2020.10.31-10.33.27:607][130]LogModuleManager: Shutting down and abandoning module MainFrame (250)
[2020.10.31-10.33.27:607][130]LogModuleManager: Shutting down and abandoning module HotReload (249)
[2020.10.31-10.33.27:607][130]LogModuleManager: Shutting down and abandoning module ContentBrowser (245)
[2020.10.31-10.33.27:608][130]LogModuleManager: Shutting down and abandoning module TreeMap (243)
[2020.10.31-10.33.27:608][130]LogModuleManager: Shutting down and abandoning module AnimationSharing (240)
[2020.10.31-10.33.27:608][130]LogModuleManager: Shutting down and abandoning module LightPropagationVolumeRuntime (238)
[2020.10.31-10.33.27:608][130]LogModuleManager: Shutting down and abandoning module AISupportModule (236)
[2020.10.31-10.33.27:608][130]LogModuleManager: Shutting down and abandoning module Paper2D (234)
[2020.10.31-10.33.27:608][130]LogModuleManager: Shutting down and abandoning module WindowsMoviePlayer (232)
[2020.10.31-10.33.27:608][130]LogModuleManager: Shutting down and abandoning module WebMMoviePlayer (230)
[2020.10.31-10.33.27:608][130]LogModuleManager: Shutting down and abandoning module PacketHandler (228)
[2020.10.31-10.33.27:608][130]LogModuleManager: Shutting down and abandoning module ClothingSystemEditor (226)
[2020.10.31-10.33.27:608][130]LogModuleManager: Shutting down and abandoning module ClothingSystemRuntime (224)
[2020.10.31-10.33.27:609][130]LogModuleManager: Shutting down and abandoning module MediaAssets (222)
[2020.10.31-10.33.27:609][130]LogModuleManager: Shutting down and abandoning module Overlay (220)
[2020.10.31-10.33.27:609][130]LogModuleManager: Shutting down and abandoning module OverlayEditor (219)
[2020.10.31-10.33.27:609][130]LogModuleManager: Shutting down and abandoning module VREditor (216)
[2020.10.31-10.33.27:609][130]LogModuleManager: Shutting down and abandoning module StringTableEditor (214)
[2020.10.31-10.33.27:610][130]LogModuleManager: Shutting down and abandoning module GameplayTasksEditor (212)
[2020.10.31-10.33.27:610][130]LogModuleManager: Shutting down and abandoning module BehaviorTreeEditor (210)
[2020.10.31-10.33.27:610][130]LogModuleManager: Shutting down and abandoning module FunctionalTesting (208)
[2020.10.31-10.33.27:610][130]LogModuleManager: Shutting down and abandoning module CollisionAnalyzer (206)
[2020.10.31-10.33.27:611][130]LogModuleManager: Shutting down and abandoning module WorkspaceMenuStructure (205)
[2020.10.31-10.33.27:611][130]LogModuleManager: Shutting down and abandoning module UMG (202)
[2020.10.31-10.33.27:611][130]LogModuleManager: Shutting down and abandoning module UMGEditor (201)
[2020.10.31-10.33.27:613][130]LogModuleManager: Shutting down and abandoning module Sequencer (200)
[2020.10.31-10.33.27:614][130]LogModuleManager: Shutting down and abandoning module MessageLog (197)
[2020.10.31-10.33.27:614][130]LogModuleManager: Shutting down and abandoning module SlateReflector (192)
[2020.10.31-10.33.27:615][130]LogModuleManager: Shutting down and abandoning module Slate (190)
[2020.10.31-10.33.27:615][130]LogModuleManager: Shutting down and abandoning module EditorStyle (188)
[2020.10.31-10.33.27:616][130]LogModuleManager: Shutting down and abandoning module UnrealEd (186)
[2020.10.31-10.33.27:616][130]LogModuleManager: Shutting down and abandoning module MRMesh (184)
[2020.10.31-10.33.27:616][130]LogModuleManager: Shutting down and abandoning module SourceCodeAccess (182)
[2020.10.31-10.33.27:616][130]LogModuleManager: Shutting down and abandoning module HeadMountedDisplay (180)
[2020.10.31-10.33.27:616][130]LogModuleManager: Shutting down and abandoning module XAudio2 (178)
[2020.10.31-10.33.27:616][130]LogModuleManager: Shutting down and abandoning module Networking (176)
[2020.10.31-10.33.27:616][130]LogModuleManager: Shutting down and abandoning module Core (174)
[2020.10.31-10.33.27:616][130]LogModuleManager: Shutting down and abandoning module KismetCompiler (172)
[2020.10.31-10.33.27:616][130]LogModuleManager: Shutting down and abandoning module MeshUtilities (170)
[2020.10.31-10.33.27:616][130]LogModuleManager: Shutting down and abandoning module MeshMergeUtilities (169)
[2020.10.31-10.33.27:616][130]LogModuleManager: Shutting down and abandoning module MeshReductionInterface (168)
[2020.10.31-10.33.27:616][130]LogModuleManager: Shutting down and abandoning module SkeletalMeshReduction (167)
[2020.10.31-10.33.27:616][130]LogModuleManager: Shutting down and abandoning module ProxyLODMeshReduction (165)
[2020.10.31-10.33.27:617][130]LogModuleManager: Shutting down and abandoning module QuadricMeshReduction (163)
[2020.10.31-10.33.27:617][130]LogModuleManager: Shutting down and abandoning module MaterialBaking (159)
[2020.10.31-10.33.27:617][130]LogModuleManager: Shutting down and abandoning module DerivedDataCache (154)
[2020.10.31-10.33.27:715][130]LogDerivedDataCache: Shutdown
[2020.10.31-10.33.27:715][130]LogModuleManager: Shutting down and abandoning module XGEController (152)
[2020.10.31-10.33.27:716][130]LogXGEController: Cleaning working directory: C:/Users/wonji/AppData/Local/Temp/UnrealXGEWorkingDir/
[2020.10.31-10.33.27:716][130]LogModuleManager: Shutting down and abandoning module TargetPlatform (150)
[2020.10.31-10.33.27:716][130]LogModuleManager: Shutting down and abandoning module VulkanShaderFormat (149)
[2020.10.31-10.33.27:716][130]LogModuleManager: Shutting down and abandoning module ShaderFormatVectorVM (147)
[2020.10.31-10.33.27:716][130]LogModuleManager: Shutting down and abandoning module ShaderFormatOpenGL (145)
[2020.10.31-10.33.27:718][130]LogModuleManager: Shutting down and abandoning module ShaderFormatD3D (143)
[2020.10.31-10.33.27:718][130]LogModuleManager: Shutting down and abandoning module MetalShaderFormat (141)
[2020.10.31-10.33.27:718][130]LogModuleManager: Shutting down and abandoning module TextureFormatUncompressed (139)
[2020.10.31-10.33.27:718][130]LogModuleManager: Shutting down and abandoning module TextureFormatPVR (137)
[2020.10.31-10.33.27:718][130]LogModuleManager: Shutting down and abandoning module TextureFormatDXT (135)
[2020.10.31-10.33.27:718][130]LogModuleManager: Shutting down and abandoning module TextureFormatIntelISPCTexComp (133)
[2020.10.31-10.33.27:719][130]LogModuleManager: Shutting down and abandoning module TextureFormatASTC (131)
[2020.10.31-10.33.27:719][130]LogModuleManager: Shutting down and abandoning module ImageWrapper (130)
[2020.10.31-10.33.27:719][130]LogModuleManager: Shutting down and abandoning module TextureFormatAndroid (127)
[2020.10.31-10.33.27:719][130]LogModuleManager: Shutting down and abandoning module AudioFormatOpus (125)
[2020.10.31-10.33.27:719][130]LogModuleManager: Shutting down and abandoning module AudioFormatOgg (123)
[2020.10.31-10.33.27:719][130]LogModuleManager: Shutting down and abandoning module AudioFormatADPCM (121)
[2020.10.31-10.33.27:719][130]LogModuleManager: Shutting down and abandoning module LuminTargetPlatform (119)
[2020.10.31-10.33.27:719][130]LogModuleManager: Shutting down and abandoning module LinuxTargetPlatform (117)
[2020.10.31-10.33.27:719][130]LogModuleManager: Shutting down and abandoning module LinuxServerTargetPlatform (115)
[2020.10.31-10.33.27:719][130]LogModuleManager: Shutting down and abandoning module LinuxNoEditorTargetPlatform (113)
[2020.10.31-10.33.27:719][130]LogModuleManager: Shutting down and abandoning module LinuxClientTargetPlatform (111)
[2020.10.31-10.33.27:719][130]LogModuleManager: Shutting down and abandoning module TVOSTargetPlatform (109)
[2020.10.31-10.33.27:720][130]LogModuleManager: Shutting down and abandoning module Messaging (107)
[2020.10.31-10.33.27:720][130]LogModuleManager: Shutting down and abandoning module IOSTargetPlatform (105)
[2020.10.31-10.33.27:720][130]LogModuleManager: Shutting down and abandoning module HTML5TargetPlatform (103)
[2020.10.31-10.33.27:721][130]LogModuleManager: Shutting down and abandoning module AndroidTargetPlatform (101)
[2020.10.31-10.33.27:731][130]LogModuleManager: Shutting down and abandoning module WindowsTargetPlatform (99)
[2020.10.31-10.33.27:732][130]LogModuleManager: Shutting down and abandoning module WindowsServerTargetPlatform (97)
[2020.10.31-10.33.27:732][130]LogModuleManager: Shutting down and abandoning module WindowsNoEditorTargetPlatform (95)
[2020.10.31-10.33.27:732][130]LogModuleManager: Shutting down and abandoning module WindowsClientTargetPlatform (93)
[2020.10.31-10.33.27:732][130]LogModuleManager: Shutting down and abandoning module MacTargetPlatform (91)
[2020.10.31-10.33.27:732][130]LogModuleManager: Shutting down and abandoning module MacServerTargetPlatform (89)
[2020.10.31-10.33.27:732][130]LogModuleManager: Shutting down and abandoning module MacNoEditorTargetPlatform (87)
[2020.10.31-10.33.27:732][130]LogModuleManager: Shutting down and abandoning module MacClientTargetPlatform (85)
[2020.10.31-10.33.27:732][130]LogModuleManager: Shutting down and abandoning module AllDesktopTargetPlatform (83)
[2020.10.31-10.33.27:732][130]LogModuleManager: Shutting down and abandoning module InputCore (80)
[2020.10.31-10.33.27:732][130]LogModuleManager: Shutting down and abandoning module Settings (78)
[2020.10.31-10.33.27:732][130]LogModuleManager: Shutting down and abandoning module DirectoryWatcher (76)
[2020.10.31-10.33.27:732][130]LogModuleManager: Shutting down and abandoning module PhysXCooking (74)
[2020.10.31-10.33.27:732][130]LogModuleManager: Shutting down and abandoning module SteamVR (72)
[2020.10.31-10.33.27:732][130]LogHMD: Freeing OpenVRDLLHandle.
[2020.10.31-10.33.27:732][130]LogModuleManager: Shutting down and abandoning module OculusHMD (70)
[2020.10.31-10.33.27:732][130]LogModuleManager: Shutting down and abandoning module ExampleDeviceProfileSelector (68)
[2020.10.31-10.33.27:732][130]LogModuleManager: Shutting down and abandoning module LauncherChunkInstaller (66)
[2020.10.31-10.33.27:732][130]LogModuleManager: Shutting down and abandoning module OnlineBlueprintSupport (64)
[2020.10.31-10.33.27:732][130]LogModuleManager: Shutting down and abandoning module OnlineSubsystem (60)
[2020.10.31-10.33.27:733][130]LogModuleManager: Shutting down and abandoning module XMPP (55)
[2020.10.31-10.33.27:733][130]LogModuleManager: Shutting down and abandoning module WebSockets (54)
[2020.10.31-10.33.27:754][130]LogModuleManager: Shutting down and abandoning module HTTP (51)
[2020.10.31-10.33.27:754][130]LogHttp: Display: Http module shutting down, but needs to wait on 1 outstanding Http requests:
[2020.10.31-10.33.27:754][130]LogHttp: Display: 	verb=[POST] url=[https://datarouter.ol.epicgames.com/datarouter/api/v1/public/data?SessionID=%7B4EC931C7-4812-04EF-CBF1-9893A98A1D47%7D&AppID=UEEditor.Rocket.Release&AppVersion=4.22.3-7053642%2B%2B%2BUE4%2BRelease-4.22&UserID=f12ef1bb4e594f414e84f2897a34c226%7C3f48d6b6f70f467b93bb318a4d8594ab%7C9b5ca533-6ae9-4b13-bf4a-4b300a6c18da&AppEnvironment=datacollector-binary&UploadType=eteventstream] status=Processing
[2020.10.31-10.33.27:758][130]LogModuleManager: Shutting down and abandoning module SSL (50)
[2020.10.31-10.33.27:759][130]LogModuleManager: Shutting down and abandoning module WmfMedia (46)
[2020.10.31-10.33.27:761][130]LogModuleManager: Shutting down and abandoning module Media (45)
[2020.10.31-10.33.27:767][130]LogModuleManager: Shutting down and abandoning module MagicLeap (42)
[2020.10.31-10.33.27:767][130]LogModuleManager: Shutting down and abandoning module DatasmithContent (40)
[2020.10.31-10.33.27:768][130]LogModuleManager: Shutting down and abandoning module AnimationModifiers (38)
[2020.10.31-10.33.27:768][130]LogModuleManager: Shutting down and abandoning module PropertyEditor (37)
[2020.10.31-10.33.27:768][130]LogModuleManager: Shutting down and abandoning module AudioEditor (34)
[2020.10.31-10.33.27:770][130]LogModuleManager: Shutting down and abandoning module TextureCompressor (32)
[2020.10.31-10.33.27:771][130]LogModuleManager: Shutting down and abandoning module RenderCore (30)
[2020.10.31-10.33.27:771][130]LogModuleManager: Shutting down and abandoning module Landscape (28)
[2020.10.31-10.33.27:771][130]LogModuleManager: Shutting down and abandoning module SlateRHIRenderer (26)
[2020.10.31-10.33.27:771][130]LogModuleManager: Shutting down and abandoning module OpenGLDrv (24)
[2020.10.31-10.33.27:771][130]LogModuleManager: Shutting down and abandoning module D3D11RHI (22)
[2020.10.31-10.33.27:771][130]LogModuleManager: Shutting down and abandoning module AnimGraphRuntime (20)
[2020.10.31-10.33.27:771][130]LogModuleManager: Shutting down and abandoning module Renderer (18)
[2020.10.31-10.33.27:771][130]LogModuleManager: Shutting down and abandoning module Engine (16)
[2020.10.31-10.33.27:771][130]LogModuleManager: Shutting down and abandoning module CoreUObject (14)
[2020.10.31-10.33.27:771][130]LogModuleManager: Shutting down and abandoning module NetworkFile (12)
[2020.10.31-10.33.27:771][130]LogModuleManager: Shutting down and abandoning module CookedIterativeFile (10)
[2020.10.31-10.33.27:771][130]LogModuleManager: Shutting down and abandoning module StreamingFile (8)
[2020.10.31-10.33.27:771][130]LogModuleManager: Shutting down and abandoning module SandboxFile (6)
[2020.10.31-10.33.27:771][130]LogModuleManager: Shutting down and abandoning module PakFile (4)
[2020.10.31-10.33.27:771][130]LogModuleManager: Shutting down and abandoning module RSA (3)
[2020.10.31-10.33.27:782][130]LogExit: Exiting.
[2020.10.31-10.33.27:794][130]Log file closed, 10/31/20 19:33:27
