Log file open, 09/18/20 16:38:31
LogWindows: Failed to load 'aqProf.dll' (GetLastError=126)
LogWindows: File 'aqProf.dll' does not exist
LogWindows: Failed to load 'VtuneApi.dll' (GetLastError=126)
LogWindows: File 'VtuneApi.dll' does not exist
LogWindows: Failed to load 'VtuneApi32e.dll' (GetLastError=126)
LogWindows: File 'VtuneApi32e.dll' does not exist
LogConsoleResponse: Display: Failed to find resolution value strings in scalability ini. Falling back to default.
LogInit: Display: Running engine for game: UE4Self
LogPakFile: Registered encryption key '00000000000000000000000000000000': 0 pak files mounted, 0 remain pending
LogPlatformFile: Not using cached read wrapper
LogTaskGraph: Started task graph with 5 named threads and 35 total threads with 3 sets of task threads.
LogStats: Stats thread started at 0.967726
LogD3D11RHI: Loaded GFSDK_Aftermath_Lib.x64.dll
LogICUInternationalization: ICU TimeZone Detection - Raw Offset: +9:00, Platform Override: ''
LogPluginManager: Mounting plugin Paper2D
LogPluginManager: Mounting plugin AISupport
LogPluginManager: Mounting plugin LightPropagationVolume
LogPluginManager: Mounting plugin ActorLayerUtilities
LogPluginManager: Mounting plugin AnimationSharing
LogPluginManager: Mounting plugin CLionSourceCodeAccess
LogPluginManager: Mounting plugin CodeLiteSourceCodeAccess
LogPluginManager: Mounting plugin GitSourceControl
LogPluginManager: Mounting plugin KDevelopSourceCodeAccess
LogPluginManager: Mounting plugin NullSourceCodeAccess
LogPluginManager: Mounting plugin PerforceSourceControl
LogPluginManager: Mounting plugin SubversionSourceControl
LogPluginManager: Mounting plugin UObjectPlugin
LogPluginManager: Mounting plugin VisualStudioCodeSourceCodeAccess
LogPluginManager: Mounting plugin VisualStudioSourceCodeAccess
LogPluginManager: Mounting plugin XCodeSourceCodeAccess
LogPluginManager: Mounting plugin AssetManagerEditor
LogPluginManager: Mounting plugin CryptoKeys
LogPluginManager: Mounting plugin DataValidation
LogPluginManager: Mounting plugin FacialAnimation
LogPluginManager: Mounting plugin GameplayTagsEditor
LogPluginManager: Mounting plugin MacGraphicsSwitching
LogPluginManager: Mounting plugin MaterialAnalyzer
LogPluginManager: Mounting plugin MobileLauncherProfileWizard
LogPluginManager: Mounting plugin PluginBrowser
LogPluginManager: Mounting plugin SpeedTreeImporter
LogPluginManager: Mounting plugin DatasmithContent
LogPluginManager: Mounting plugin VariantManagerContent
LogPluginManager: Mounting plugin AlembicImporter
LogPluginManager: Mounting plugin AppleImageUtils
LogPluginManager: Mounting plugin AppleVision
LogPluginManager: Mounting plugin BackChannel
LogPluginManager: Mounting plugin CharacterAI
LogPluginManager: Mounting plugin GeometryCache
LogPluginManager: Mounting plugin HTML5Networking
LogPluginManager: Mounting plugin ProxyLODPlugin
LogPluginManager: Mounting plugin SkeletalReduction
LogPluginManager: Mounting plugin MagicLeap
LogPluginManager: Mounting plugin MagicLeapMedia
LogPluginManager: Mounting plugin AndroidMedia
LogPluginManager: Mounting plugin AvfMedia
LogPluginManager: Mounting plugin ImgMedia
LogPluginManager: Mounting plugin LinearTimecode
LogPluginManager: Mounting plugin MediaCompositing
LogPluginManager: Mounting plugin MediaPlayerEditor
LogPluginManager: Mounting plugin WebMMedia
LogPluginManager: Mounting plugin WmfMedia
LogPluginManager: Mounting plugin TcpMessaging
LogPluginManager: Mounting plugin UdpMessaging
LogPluginManager: Mounting plugin ActorSequence
LogPluginManager: Mounting plugin LevelSequenceEditor
LogPluginManager: Mounting plugin MatineeToLevelSequence
LogPluginManager: Mounting plugin NetcodeUnitTest
LogPluginManager: Mounting plugin NUTUnrealEngine4
LogPluginManager: Mounting plugin OnlineSubsystemGooglePlay
LogPluginManager: Mounting plugin OnlineSubsystemIOS
LogPluginManager: Mounting plugin OnlineSubsystem
LogPluginManager: Mounting plugin OnlineSubsystemNull
LogPluginManager: Mounting plugin OnlineSubsystemUtils
LogPluginManager: Mounting plugin LauncherChunkInstaller
LogPluginManager: Mounting plugin AndroidDeviceProfileSelector
LogPluginManager: Mounting plugin AndroidMoviePlayer
LogPluginManager: Mounting plugin AndroidPermission
LogPluginManager: Mounting plugin AppleMoviePlayer
LogPluginManager: Mounting plugin ArchVisCharacter
LogPluginManager: Mounting plugin AudioCapture
LogPluginManager: Mounting plugin CableComponent
LogPluginManager: Mounting plugin CustomMeshComponent
LogPluginManager: Mounting plugin EditableMesh
LogPluginManager: Mounting plugin ExampleDeviceProfileSelector
LogPluginManager: Mounting plugin Firebase
LogPluginManager: Mounting plugin GoogleCloudMessaging
LogPluginManager: Mounting plugin IOSDeviceProfileSelector
LogPluginManager: Mounting plugin LinuxDeviceProfileSelector
LogPluginManager: Mounting plugin LocationServicesBPLibrary
LogPluginManager: Mounting plugin MobilePatchingUtils
LogPluginManager: Mounting plugin OculusVR
LogPluginManager: Mounting plugin PhysXVehicles
LogPluginManager: Mounting plugin ProceduralMeshComponent
LogPluginManager: Mounting plugin RuntimePhysXCooking
LogPluginManager: Mounting plugin SignificanceManager
LogPluginManager: Mounting plugin SteamVR
LogPluginManager: Mounting plugin WebMMoviePlayer
LogPluginManager: Mounting plugin WindowsMoviePlayer
LogInit: Using libcurl 7.55.1-DEV
LogInit:  - built for x86_64-pc-win32
LogInit:  - supports SSL with OpenSSL/1.1.1
LogInit:  - supports HTTP deflate (compression) using libz 1.2.8
LogInit:  - other features:
LogInit:      CURL_VERSION_SSL
LogInit:      CURL_VERSION_LIBZ
LogInit:      CURL_VERSION_IPV6
LogInit:      CURL_VERSION_ASYNCHDNS
LogInit:      CURL_VERSION_LARGEFILE
LogInit:      CURL_VERSION_IDN
LogInit:  CurlRequestOptions (configurable via config and command line):
LogInit:  - bVerifyPeer = true  - Libcurl will verify peer certificate
LogInit:  - bUseHttpProxy = false  - Libcurl will NOT use HTTP proxy
LogInit:  - bDontReuseConnections = false  - Libcurl will reuse connections
LogInit:  - MaxHostConnections = 16  - Libcurl will limit the number of connections to a host
LogInit:  - LocalHostAddr = Default
LogInit:  - BufferSize = 65536
LogInit: WinSock: version 1.1 (2.2), MaxSocks=32767, MaxUdp=65467
LogInit: Build: ++UE4+Release-4.22-CL-7053642
LogInit: Engine Version: 4.22.3-7053642+++UE4+Release-4.22
LogInit: Compatible Engine Version: 4.22.0-5660361+++UE4+Release-4.22
LogInit: Net CL: 5660361
LogInit: OS: Windows 10 (Release 1903) (), CPU: Intel(R) Core(TM) i7-9750H CPU @ 2.60GHz, GPU: Intel(R) UHD Graphics 630
LogInit: Compiled (64-bit): Jun 18 2019 03:09:11
LogInit: Compiled with Visual C++: 19.16.27025.01
LogInit: Build Configuration: Development
LogInit: Branch Name: ++UE4+Release-4.22
LogInit: Command Line: 
LogInit: Base Directory: C:/Program Files/Epic Games/UE_4.22/Engine/Binaries/Win64/
LogInit: Installed Engine Build: 1
LogDevObjectVersion: Number of dev versions registered: 23
LogDevObjectVersion:   Dev-Blueprints (B0D832E4-1F89-4F0D-ACCF-7EB736FD4AA2): 10
LogDevObjectVersion:   Dev-Build (E1C64328-A22C-4D53-A36C-8E866417BD8C): 0
LogDevObjectVersion:   Dev-Core (375EC13C-06E4-48FB-B500-84F0262A717E): 3
LogDevObjectVersion:   Dev-Editor (E4B068ED-F494-42E9-A231-DA0B2E46BB41): 30
LogDevObjectVersion:   Dev-Framework (CFFC743F-43B0-4480-9391-14DF171D2073): 35
LogDevObjectVersion:   Dev-Mobile (B02B49B5-BB20-44E9-A304-32B752E40360): 2
LogDevObjectVersion:   Dev-Networking (A4E4105C-59A1-49B5-A7C5-40C4547EDFEE): 0
LogDevObjectVersion:   Dev-Online (39C831C9-5AE6-47DC-9A44-9C173E1C8E7C): 0
LogDevObjectVersion:   Dev-Physics (78F01B33-EBEA-4F98-B9B4-84EACCB95AA2): 0
LogDevObjectVersion:   Dev-Platform (6631380F-2D4D-43E0-8009-CF276956A95A): 0
LogDevObjectVersion:   Dev-Rendering (12F88B9F-8875-4AFC-A67C-D90C383ABD29): 28
LogDevObjectVersion:   Dev-Sequencer (7B5AE74C-D270-4C10-A958-57980B212A5A): 11
LogDevObjectVersion:   Dev-VR (D7296918-1DD6-4BDD-9DE2-64A83CC13884): 2
LogDevObjectVersion:   Dev-LoadTimes (C2A15278-BFE7-4AFE-6C17-90FF531DF755): 1
LogDevObjectVersion:   Private-Geometry (6EACA3D4-40EC-4CC1-B786-8BED09428FC5): 3
LogDevObjectVersion:   Dev-AnimPhys (29E575DD-E0A3-4627-9D10-D276232CDCEA): 17
LogDevObjectVersion:   Dev-Anim (AF43A65D-7FD3-4947-9873-3E8ED9C1BB05): 2
LogDevObjectVersion:   Dev-ReflectionCapture (6B266CEC-1EC7-4B8F-A30B-E4D90942FC07): 1
LogDevObjectVersion:   Dev-Automation (0DF73D61-A23F-47EA-B727-89E90C41499A): 1
LogDevObjectVersion:   FortniteMain (601D1886-AC64-4F84-AA16-D3DE0DEAC7D6): 25
LogDevObjectVersion:   Dev-Enterprise (9DFFBCD6-494F-0158-E221-12823C92A888): 6
LogDevObjectVersion:   Dev-Niagara (F2AED0AC-9AFE-416F-8664-AA7FFA26D6FC): 1
LogDevObjectVersion:   Dev-Destruction (174F1F0B-B4C6-45A5-B13F-2EE8D0FB917D): 2
LogInit: Presizing for max 16777216 objects, including 0 objects not considered by GC, pre-allocating 0 bytes for permanent pool.
LogInit: Object subsystem initialized
LogConfig: Setting CVar [[con.DebugEarlyDefault:1]]
LogConfig: Setting CVar [[r.setres:1280x720]]
[2020.09.18-07.38.32:401][  0]LogConfig: Setting CVar [[r.VSync:0]]
[2020.09.18-07.38.32:401][  0]LogConfig: Setting CVar [[r.RHICmdBypass:0]]
[2020.09.18-07.38.32:401][  0]LogConfig: Applying CVar settings from Section [/Script/Engine.RendererSettings] File [C:/Users/wonji/Desktop/UnrealProjects/UE4Self/UE4Self/Saved/Config/Windows/Engine.ini]
[2020.09.18-07.38.32:401][  0]LogConfig: Setting CVar [[r.GPUCrashDebugging:0]]
[2020.09.18-07.38.32:401][  0]LogConfig: Applying CVar settings from Section [/Script/Engine.RendererOverrideSettings] File [C:/Users/wonji/Desktop/UnrealProjects/UE4Self/UE4Self/Saved/Config/Windows/Engine.ini]
[2020.09.18-07.38.32:401][  0]LogConfig: Applying CVar settings from Section [/Script/Engine.StreamingSettings] File [C:/Users/wonji/Desktop/UnrealProjects/UE4Self/UE4Self/Saved/Config/Windows/Engine.ini]
[2020.09.18-07.38.32:401][  0]LogConfig: Setting CVar [[s.MinBulkDataSizeForAsyncLoading:131072]]
[2020.09.18-07.38.32:401][  0]LogConfig: Setting CVar [[s.AsyncLoadingThreadEnabled:0]]
[2020.09.18-07.38.32:401][  0]LogConfig: Setting CVar [[s.EventDrivenLoaderEnabled:1]]
[2020.09.18-07.38.32:401][  0]LogConfig: Setting CVar [[s.WarnIfTimeLimitExceeded:0]]
[2020.09.18-07.38.32:401][  0]LogConfig: Setting CVar [[s.TimeLimitExceededMultiplier:1.5]]
[2020.09.18-07.38.32:401][  0]LogConfig: Setting CVar [[s.TimeLimitExceededMinTime:0.005]]
[2020.09.18-07.38.32:401][  0]LogConfig: Setting CVar [[s.UseBackgroundLevelStreaming:1]]
[2020.09.18-07.38.32:401][  0]LogConfig: Setting CVar [[s.PriorityAsyncLoadingExtraTime:15.0]]
[2020.09.18-07.38.32:401][  0]LogConfig: Setting CVar [[s.LevelStreamingActorsUpdateTimeLimit:5.0]]
[2020.09.18-07.38.32:401][  0]LogConfig: Setting CVar [[s.PriorityLevelStreamingActorsUpdateExtraTime:5.0]]
[2020.09.18-07.38.32:401][  0]LogConfig: Setting CVar [[s.LevelStreamingComponentsRegistrationGranularity:10]]
[2020.09.18-07.38.32:401][  0]LogConfig: Setting CVar [[s.UnregisterComponentsTimeLimit:1.0]]
[2020.09.18-07.38.32:401][  0]LogConfig: Setting CVar [[s.LevelStreamingComponentsUnregistrationGranularity:5]]
[2020.09.18-07.38.32:401][  0]LogConfig: Applying CVar settings from Section [/Script/Engine.GarbageCollectionSettings] File [C:/Users/wonji/Desktop/UnrealProjects/UE4Self/UE4Self/Saved/Config/Windows/Engine.ini]
[2020.09.18-07.38.32:401][  0]LogConfig: Setting CVar [[gc.MaxObjectsNotConsideredByGC:1]]
[2020.09.18-07.38.32:401][  0]LogConfig: Setting CVar [[gc.SizeOfPermanentObjectPool:0]]
[2020.09.18-07.38.32:401][  0]LogConfig: Setting CVar [[gc.FlushStreamingOnGC:0]]
[2020.09.18-07.38.32:401][  0]LogConfig: Setting CVar [[gc.NumRetriesBeforeForcingGC:10]]
[2020.09.18-07.38.32:401][  0]LogConfig: Setting CVar [[gc.AllowParallelGC:1]]
[2020.09.18-07.38.32:401][  0]LogConfig: Setting CVar [[gc.TimeBetweenPurgingPendingKillObjects:61.1]]
[2020.09.18-07.38.32:401][  0]LogConfig: Setting CVar [[gc.MaxObjectsInEditor:16777216]]
[2020.09.18-07.38.32:401][  0]LogConfig: Setting CVar [[gc.IncrementalBeginDestroyEnabled:1]]
[2020.09.18-07.38.32:401][  0]LogConfig: Setting CVar [[gc.CreateGCClusters:1]]
[2020.09.18-07.38.32:401][  0]LogConfig: Setting CVar [[gc.MinGCClusterSize:5]]
[2020.09.18-07.38.32:401][  0]LogConfig: Setting CVar [[gc.ActorClusteringEnabled:0]]
[2020.09.18-07.38.32:401][  0]LogConfig: Setting CVar [[gc.BlueprintClusteringEnabled:0]]
[2020.09.18-07.38.32:401][  0]LogConfig: Setting CVar [[gc.UseDisregardForGCOnDedicatedServers:0]]
[2020.09.18-07.38.32:401][  0]LogConfig: Applying CVar settings from Section [/Script/Engine.NetworkSettings] File [C:/Users/wonji/Desktop/UnrealProjects/UE4Self/UE4Self/Saved/Config/Windows/Engine.ini]
[2020.09.18-07.38.32:401][  0]LogConfig: Applying CVar settings from Section [/Script/UnrealEd.CookerSettings] File [C:/Users/wonji/Desktop/UnrealProjects/UE4Self/UE4Self/Saved/Config/Windows/Engine.ini]
[2020.09.18-07.38.32:409][  0]LogConfig: Applying CVar settings from Section [ViewDistanceQuality@3] File [C:/Users/wonji/Desktop/UnrealProjects/UE4Self/UE4Self/Saved/Config/Windows/Scalability.ini]
[2020.09.18-07.38.32:409][  0]LogConfig: Setting CVar [[r.SkeletalMeshLODBias:0]]
[2020.09.18-07.38.32:409][  0]LogConfig: Setting CVar [[r.ViewDistanceScale:1.0]]
[2020.09.18-07.38.32:409][  0]LogConfig: Applying CVar settings from Section [AntiAliasingQuality@3] File [C:/Users/wonji/Desktop/UnrealProjects/UE4Self/UE4Self/Saved/Config/Windows/Scalability.ini]
[2020.09.18-07.38.32:409][  0]LogConfig: Setting CVar [[r.PostProcessAAQuality:4]]
[2020.09.18-07.38.32:409][  0]LogConfig: Applying CVar settings from Section [ShadowQuality@3] File [C:/Users/wonji/Desktop/UnrealProjects/UE4Self/UE4Self/Saved/Config/Windows/Scalability.ini]
[2020.09.18-07.38.32:409][  0]LogConfig: Setting CVar [[r.LightFunctionQuality:1]]
[2020.09.18-07.38.32:409][  0]LogConfig: Setting CVar [[r.ShadowQuality:5]]
[2020.09.18-07.38.32:409][  0]LogConfig: Setting CVar [[r.Shadow.CSM.MaxCascades:10]]
[2020.09.18-07.38.32:409][  0]LogConfig: Setting CVar [[r.Shadow.MaxResolution:2048]]
[2020.09.18-07.38.32:409][  0]LogConfig: Setting CVar [[r.Shadow.MaxCSMResolution:2048]]
[2020.09.18-07.38.32:409][  0]LogConfig: Setting CVar [[r.Shadow.RadiusThreshold:0.01]]
[2020.09.18-07.38.32:409][  0]LogConfig: Setting CVar [[r.Shadow.DistanceScale:1.0]]
[2020.09.18-07.38.32:409][  0]LogConfig: Setting CVar [[r.Shadow.CSM.TransitionScale:1.0]]
[2020.09.18-07.38.32:409][  0]LogConfig: Setting CVar [[r.Shadow.PreShadowResolutionFactor:1.0]]
[2020.09.18-07.38.32:409][  0]LogConfig: Setting CVar [[r.DistanceFieldShadowing:1]]
[2020.09.18-07.38.32:409][  0]LogConfig: Setting CVar [[r.DistanceFieldAO:1]]
[2020.09.18-07.38.32:409][  0]LogConfig: Setting CVar [[r.AOQuality:2]]
[2020.09.18-07.38.32:409][  0]LogConfig: Setting CVar [[r.VolumetricFog:1]]
[2020.09.18-07.38.32:409][  0]LogConfig: Setting CVar [[r.VolumetricFog.GridPixelSize:8]]
[2020.09.18-07.38.32:409][  0]LogConfig: Setting CVar [[r.VolumetricFog.GridSizeZ:128]]
[2020.09.18-07.38.32:409][  0]LogConfig: Setting CVar [[r.VolumetricFog.HistoryMissSupersampleCount:4]]
[2020.09.18-07.38.32:409][  0]LogConfig: Setting CVar [[r.LightMaxDrawDistanceScale:1]]
[2020.09.18-07.38.32:409][  0]LogConfig: Setting CVar [[r.CapsuleShadows:1]]
[2020.09.18-07.38.32:409][  0]LogConfig: Applying CVar settings from Section [PostProcessQuality@3] File [C:/Users/wonji/Desktop/UnrealProjects/UE4Self/UE4Self/Saved/Config/Windows/Scalability.ini]
[2020.09.18-07.38.32:409][  0]LogConfig: Setting CVar [[r.MotionBlurQuality:4]]
[2020.09.18-07.38.32:409][  0]LogConfig: Setting CVar [[r.AmbientOcclusionMipLevelFactor:0.4]]
[2020.09.18-07.38.32:409][  0]LogConfig: Setting CVar [[r.AmbientOcclusionMaxQuality:100]]
[2020.09.18-07.38.32:409][  0]LogConfig: Setting CVar [[r.AmbientOcclusionLevels:-1]]
[2020.09.18-07.38.32:409][  0]LogConfig: Setting CVar [[r.AmbientOcclusionRadiusScale:1.0]]
[2020.09.18-07.38.32:409][  0]LogConfig: Setting CVar [[r.DepthOfFieldQuality:2]]
[2020.09.18-07.38.32:409][  0]LogConfig: Setting CVar [[r.RenderTargetPoolMin:400]]
[2020.09.18-07.38.32:409][  0]LogConfig: Setting CVar [[r.LensFlareQuality:2]]
[2020.09.18-07.38.32:409][  0]LogConfig: Setting CVar [[r.SceneColorFringeQuality:1]]
[2020.09.18-07.38.32:409][  0]LogConfig: Setting CVar [[r.EyeAdaptationQuality:2]]
[2020.09.18-07.38.32:409][  0]LogConfig: Setting CVar [[r.BloomQuality:5]]
[2020.09.18-07.38.32:409][  0]LogConfig: Setting CVar [[r.FastBlurThreshold:100]]
[2020.09.18-07.38.32:409][  0]LogConfig: Setting CVar [[r.Upscale.Quality:3]]
[2020.09.18-07.38.32:409][  0]LogConfig: Setting CVar [[r.Tonemapper.GrainQuantization:1]]
[2020.09.18-07.38.32:409][  0]LogConfig: Setting CVar [[r.LightShaftQuality:1]]
[2020.09.18-07.38.32:409][  0]LogConfig: Setting CVar [[r.Filter.SizeScale:1]]
[2020.09.18-07.38.32:409][  0]LogConfig: Setting CVar [[r.Tonemapper.Quality:5]]
[2020.09.18-07.38.32:409][  0]LogConfig: Setting CVar [[r.DOF.Gather.AccumulatorQuality:1        ; higher gathering accumulator quality]]
[2020.09.18-07.38.32:409][  0]LogConfig: Setting CVar [[r.DOF.Gather.PostfilterMethod:1          ; Median3x3 postfilering method]]
[2020.09.18-07.38.32:409][  0]LogConfig: Setting CVar [[r.DOF.Gather.EnableBokehSettings:0       ; no bokeh simulation when gathering]]
[2020.09.18-07.38.32:409][  0]LogConfig: Setting CVar [[r.DOF.Gather.RingCount:4                 ; medium number of samples when gathering]]
[2020.09.18-07.38.32:409][  0]LogConfig: Setting CVar [[r.DOF.Scatter.ForegroundCompositing:1    ; additive foreground scattering]]
[2020.09.18-07.38.32:409][  0]LogConfig: Setting CVar [[r.DOF.Scatter.BackgroundCompositing:2    ; additive background scattering]]
[2020.09.18-07.38.32:409][  0]LogConfig: Setting CVar [[r.DOF.Scatter.EnableBokehSettings:1      ; bokeh simulation when scattering]]
[2020.09.18-07.38.32:409][  0]LogConfig: Setting CVar [[r.DOF.Scatter.MaxSpriteRatio:0.1         ; only a maximum of 10% of scattered bokeh]]
[2020.09.18-07.38.32:409][  0]LogConfig: Setting CVar [[r.DOF.Recombine.Quality:1                ; cheap slight out of focus]]
[2020.09.18-07.38.32:409][  0]LogConfig: Setting CVar [[r.DOF.Recombine.EnableBokehSettings:0    ; no bokeh simulation on slight out of focus]]
[2020.09.18-07.38.32:409][  0]LogConfig: Setting CVar [[r.DOF.TemporalAAQuality:1                ; more stable temporal accumulation]]
[2020.09.18-07.38.32:409][  0]LogConfig: Setting CVar [[r.DOF.Kernel.MaxForegroundRadius:0.025]]
[2020.09.18-07.38.32:409][  0]LogConfig: Setting CVar [[r.DOF.Kernel.MaxBackgroundRadius:0.025]]
[2020.09.18-07.38.32:409][  0]LogConfig: Applying CVar settings from Section [TextureQuality@3] File [C:/Users/wonji/Desktop/UnrealProjects/UE4Self/UE4Self/Saved/Config/Windows/Scalability.ini]
[2020.09.18-07.38.32:409][  0]LogConfig: Setting CVar [[r.Streaming.MipBias:0]]
[2020.09.18-07.38.32:409][  0]LogConfig: Setting CVar [[r.Streaming.AmortizeCPUToGPUCopy:0]]
[2020.09.18-07.38.32:409][  0]LogConfig: Setting CVar [[r.Streaming.MaxNumTexturesToStreamPerFrame:0]]
[2020.09.18-07.38.32:410][  0]LogConfig: Setting CVar [[r.Streaming.Boost:1]]
[2020.09.18-07.38.32:410][  0]LogConfig: Setting CVar [[r.MaxAnisotropy:8]]
[2020.09.18-07.38.32:410][  0]LogConfig: Setting CVar [[r.Streaming.LimitPoolSizeToVRAM:0]]
[2020.09.18-07.38.32:410][  0]LogConfig: Setting CVar [[r.Streaming.PoolSize:1000]]
[2020.09.18-07.38.32:410][  0]LogConfig: Setting CVar [[r.Streaming.MaxEffectiveScreenSize:0]]
[2020.09.18-07.38.32:410][  0]LogConfig: Applying CVar settings from Section [EffectsQuality@3] File [C:/Users/wonji/Desktop/UnrealProjects/UE4Self/UE4Self/Saved/Config/Windows/Scalability.ini]
[2020.09.18-07.38.32:410][  0]LogConfig: Setting CVar [[r.TranslucencyLightingVolumeDim:64]]
[2020.09.18-07.38.32:410][  0]LogConfig: Setting CVar [[r.RefractionQuality:2]]
[2020.09.18-07.38.32:410][  0]LogConfig: Setting CVar [[r.SSR.Quality:3]]
[2020.09.18-07.38.32:410][  0]LogConfig: Setting CVar [[r.SceneColorFormat:4]]
[2020.09.18-07.38.32:410][  0]LogConfig: Setting CVar [[r.DetailMode:2]]
[2020.09.18-07.38.32:410][  0]LogConfig: Setting CVar [[r.TranslucencyVolumeBlur:1]]
[2020.09.18-07.38.32:410][  0]LogConfig: Setting CVar [[r.MaterialQualityLevel:1 ; High quality]]
[2020.09.18-07.38.32:410][  0]LogConfig: Setting CVar [[r.SSS.Scale:1]]
[2020.09.18-07.38.32:410][  0]LogConfig: Setting CVar [[r.SSS.SampleSet:2]]
[2020.09.18-07.38.32:410][  0]LogConfig: Setting CVar [[r.SSS.Quality:1]]
[2020.09.18-07.38.32:410][  0]LogConfig: Setting CVar [[r.SSS.HalfRes:1]]
[2020.09.18-07.38.32:410][  0]LogConfig: Setting CVar [[r.EmitterSpawnRateScale:1.0]]
[2020.09.18-07.38.32:410][  0]LogConfig: Setting CVar [[r.ParticleLightQuality:2]]
[2020.09.18-07.38.32:410][  0]LogConfig: Applying CVar settings from Section [FoliageQuality@3] File [C:/Users/wonji/Desktop/UnrealProjects/UE4Self/UE4Self/Saved/Config/Windows/Scalability.ini]
[2020.09.18-07.38.32:410][  0]LogConfig: Setting CVar [[foliage.DensityScale:1.0]]
[2020.09.18-07.38.32:410][  0]LogConfig: Setting CVar [[grass.DensityScale:1.0]]
[2020.09.18-07.38.32:410][  0]LogInit: Selected Device Profile: [Windows]
[2020.09.18-07.38.32:410][  0]LogInit: Applying CVar settings loaded from the selected device profile: [Windows]
[2020.09.18-07.38.32:436][  0]LogHAL: Display: Platform has ~ 16 GB [17073135616 / 17179869184 / 16], which maps to Larger [LargestMinGB=32, LargerMinGB=12, DefaultMinGB=8, SmallerMinGB=6, SmallestMinGB=0)
[2020.09.18-07.38.32:436][  0]LogConfig: Setting CVar [[r.Vulkan.UseRealUBs:0		; Required until we fix HLR fall-out]]
[2020.09.18-07.38.32:436][  0]LogInit: Going up to parent DeviceProfile []
[2020.09.18-07.38.32:437][  0]LogConfig: Applying CVar settings from Section [ViewDistanceQuality@3] File [C:/Users/wonji/Desktop/UnrealProjects/UE4Self/UE4Self/Saved/Config/Windows/Scalability.ini]
[2020.09.18-07.38.32:437][  0]LogConfig: Setting CVar [[r.SkeletalMeshLODBias:0]]
[2020.09.18-07.38.32:437][  0]LogConfig: Setting CVar [[r.ViewDistanceScale:1.0]]
[2020.09.18-07.38.32:437][  0]LogConfig: Applying CVar settings from Section [AntiAliasingQuality@3] File [C:/Users/wonji/Desktop/UnrealProjects/UE4Self/UE4Self/Saved/Config/Windows/Scalability.ini]
[2020.09.18-07.38.32:437][  0]LogConfig: Setting CVar [[r.PostProcessAAQuality:4]]
[2020.09.18-07.38.32:437][  0]LogConfig: Applying CVar settings from Section [ShadowQuality@3] File [C:/Users/wonji/Desktop/UnrealProjects/UE4Self/UE4Self/Saved/Config/Windows/Scalability.ini]
[2020.09.18-07.38.32:437][  0]LogConfig: Setting CVar [[r.LightFunctionQuality:1]]
[2020.09.18-07.38.32:437][  0]LogConfig: Setting CVar [[r.ShadowQuality:5]]
[2020.09.18-07.38.32:437][  0]LogConfig: Setting CVar [[r.Shadow.CSM.MaxCascades:10]]
[2020.09.18-07.38.32:437][  0]LogConfig: Setting CVar [[r.Shadow.MaxResolution:2048]]
[2020.09.18-07.38.32:437][  0]LogConfig: Setting CVar [[r.Shadow.MaxCSMResolution:2048]]
[2020.09.18-07.38.32:437][  0]LogConfig: Setting CVar [[r.Shadow.RadiusThreshold:0.01]]
[2020.09.18-07.38.32:437][  0]LogConfig: Setting CVar [[r.Shadow.DistanceScale:1.0]]
[2020.09.18-07.38.32:437][  0]LogConfig: Setting CVar [[r.Shadow.CSM.TransitionScale:1.0]]
[2020.09.18-07.38.32:437][  0]LogConfig: Setting CVar [[r.Shadow.PreShadowResolutionFactor:1.0]]
[2020.09.18-07.38.32:437][  0]LogConfig: Setting CVar [[r.DistanceFieldShadowing:1]]
[2020.09.18-07.38.32:437][  0]LogConfig: Setting CVar [[r.DistanceFieldAO:1]]
[2020.09.18-07.38.32:437][  0]LogConfig: Setting CVar [[r.AOQuality:2]]
[2020.09.18-07.38.32:437][  0]LogConfig: Setting CVar [[r.VolumetricFog:1]]
[2020.09.18-07.38.32:437][  0]LogConfig: Setting CVar [[r.VolumetricFog.GridPixelSize:8]]
[2020.09.18-07.38.32:437][  0]LogConfig: Setting CVar [[r.VolumetricFog.GridSizeZ:128]]
[2020.09.18-07.38.32:437][  0]LogConfig: Setting CVar [[r.VolumetricFog.HistoryMissSupersampleCount:4]]
[2020.09.18-07.38.32:437][  0]LogConfig: Setting CVar [[r.LightMaxDrawDistanceScale:1]]
[2020.09.18-07.38.32:437][  0]LogConfig: Setting CVar [[r.CapsuleShadows:1]]
[2020.09.18-07.38.32:437][  0]LogConfig: Applying CVar settings from Section [PostProcessQuality@3] File [C:/Users/wonji/Desktop/UnrealProjects/UE4Self/UE4Self/Saved/Config/Windows/Scalability.ini]
[2020.09.18-07.38.32:437][  0]LogConfig: Setting CVar [[r.MotionBlurQuality:4]]
[2020.09.18-07.38.32:437][  0]LogConfig: Setting CVar [[r.AmbientOcclusionMipLevelFactor:0.4]]
[2020.09.18-07.38.32:437][  0]LogConfig: Setting CVar [[r.AmbientOcclusionMaxQuality:100]]
[2020.09.18-07.38.32:437][  0]LogConfig: Setting CVar [[r.AmbientOcclusionLevels:-1]]
[2020.09.18-07.38.32:437][  0]LogConfig: Setting CVar [[r.AmbientOcclusionRadiusScale:1.0]]
[2020.09.18-07.38.32:437][  0]LogConfig: Setting CVar [[r.DepthOfFieldQuality:2]]
[2020.09.18-07.38.32:437][  0]LogConfig: Setting CVar [[r.RenderTargetPoolMin:400]]
[2020.09.18-07.38.32:437][  0]LogConfig: Setting CVar [[r.LensFlareQuality:2]]
[2020.09.18-07.38.32:437][  0]LogConfig: Setting CVar [[r.SceneColorFringeQuality:1]]
[2020.09.18-07.38.32:437][  0]LogConfig: Setting CVar [[r.EyeAdaptationQuality:2]]
[2020.09.18-07.38.32:437][  0]LogConfig: Setting CVar [[r.BloomQuality:5]]
[2020.09.18-07.38.32:437][  0]LogConfig: Setting CVar [[r.FastBlurThreshold:100]]
[2020.09.18-07.38.32:437][  0]LogConfig: Setting CVar [[r.Upscale.Quality:3]]
[2020.09.18-07.38.32:437][  0]LogConfig: Setting CVar [[r.Tonemapper.GrainQuantization:1]]
[2020.09.18-07.38.32:437][  0]LogConfig: Setting CVar [[r.LightShaftQuality:1]]
[2020.09.18-07.38.32:437][  0]LogConfig: Setting CVar [[r.Filter.SizeScale:1]]
[2020.09.18-07.38.32:437][  0]LogConfig: Setting CVar [[r.Tonemapper.Quality:5]]
[2020.09.18-07.38.32:437][  0]LogConfig: Setting CVar [[r.DOF.Gather.AccumulatorQuality:1        ; higher gathering accumulator quality]]
[2020.09.18-07.38.32:437][  0]LogConfig: Setting CVar [[r.DOF.Gather.PostfilterMethod:1          ; Median3x3 postfilering method]]
[2020.09.18-07.38.32:437][  0]LogConfig: Setting CVar [[r.DOF.Gather.EnableBokehSettings:0       ; no bokeh simulation when gathering]]
[2020.09.18-07.38.32:437][  0]LogConfig: Setting CVar [[r.DOF.Gather.RingCount:4                 ; medium number of samples when gathering]]
[2020.09.18-07.38.32:437][  0]LogConfig: Setting CVar [[r.DOF.Scatter.ForegroundCompositing:1    ; additive foreground scattering]]
[2020.09.18-07.38.32:437][  0]LogConfig: Setting CVar [[r.DOF.Scatter.BackgroundCompositing:2    ; additive background scattering]]
[2020.09.18-07.38.32:437][  0]LogConfig: Setting CVar [[r.DOF.Scatter.EnableBokehSettings:1      ; bokeh simulation when scattering]]
[2020.09.18-07.38.32:437][  0]LogConfig: Setting CVar [[r.DOF.Scatter.MaxSpriteRatio:0.1         ; only a maximum of 10% of scattered bokeh]]
[2020.09.18-07.38.32:437][  0]LogConfig: Setting CVar [[r.DOF.Recombine.Quality:1                ; cheap slight out of focus]]
[2020.09.18-07.38.32:437][  0]LogConfig: Setting CVar [[r.DOF.Recombine.EnableBokehSettings:0    ; no bokeh simulation on slight out of focus]]
[2020.09.18-07.38.32:437][  0]LogConfig: Setting CVar [[r.DOF.TemporalAAQuality:1                ; more stable temporal accumulation]]
[2020.09.18-07.38.32:437][  0]LogConfig: Setting CVar [[r.DOF.Kernel.MaxForegroundRadius:0.025]]
[2020.09.18-07.38.32:437][  0]LogConfig: Setting CVar [[r.DOF.Kernel.MaxBackgroundRadius:0.025]]
[2020.09.18-07.38.32:437][  0]LogConfig: Applying CVar settings from Section [TextureQuality@3] File [C:/Users/wonji/Desktop/UnrealProjects/UE4Self/UE4Self/Saved/Config/Windows/Scalability.ini]
[2020.09.18-07.38.32:437][  0]LogConfig: Setting CVar [[r.Streaming.MipBias:0]]
[2020.09.18-07.38.32:437][  0]LogConfig: Setting CVar [[r.Streaming.AmortizeCPUToGPUCopy:0]]
[2020.09.18-07.38.32:437][  0]LogConfig: Setting CVar [[r.Streaming.MaxNumTexturesToStreamPerFrame:0]]
[2020.09.18-07.38.32:437][  0]LogConfig: Setting CVar [[r.Streaming.Boost:1]]
[2020.09.18-07.38.32:437][  0]LogConfig: Setting CVar [[r.MaxAnisotropy:8]]
[2020.09.18-07.38.32:437][  0]LogConfig: Setting CVar [[r.Streaming.LimitPoolSizeToVRAM:0]]
[2020.09.18-07.38.32:437][  0]LogConfig: Setting CVar [[r.Streaming.PoolSize:1000]]
[2020.09.18-07.38.32:437][  0]LogConfig: Setting CVar [[r.Streaming.MaxEffectiveScreenSize:0]]
[2020.09.18-07.38.32:437][  0]LogConfig: Applying CVar settings from Section [EffectsQuality@3] File [C:/Users/wonji/Desktop/UnrealProjects/UE4Self/UE4Self/Saved/Config/Windows/Scalability.ini]
[2020.09.18-07.38.32:437][  0]LogConfig: Setting CVar [[r.TranslucencyLightingVolumeDim:64]]
[2020.09.18-07.38.32:437][  0]LogConfig: Setting CVar [[r.RefractionQuality:2]]
[2020.09.18-07.38.32:437][  0]LogConfig: Setting CVar [[r.SSR.Quality:3]]
[2020.09.18-07.38.32:437][  0]LogConfig: Setting CVar [[r.SceneColorFormat:4]]
[2020.09.18-07.38.32:437][  0]LogConfig: Setting CVar [[r.DetailMode:2]]
[2020.09.18-07.38.32:437][  0]LogConfig: Setting CVar [[r.TranslucencyVolumeBlur:1]]
[2020.09.18-07.38.32:438][  0]LogConfig: Setting CVar [[r.MaterialQualityLevel:1 ; High quality]]
[2020.09.18-07.38.32:438][  0]LogConfig: Setting CVar [[r.SSS.Scale:1]]
[2020.09.18-07.38.32:438][  0]LogConfig: Setting CVar [[r.SSS.SampleSet:2]]
[2020.09.18-07.38.32:438][  0]LogConfig: Setting CVar [[r.SSS.Quality:1]]
[2020.09.18-07.38.32:438][  0]LogConfig: Setting CVar [[r.SSS.HalfRes:1]]
[2020.09.18-07.38.32:438][  0]LogConfig: Setting CVar [[r.EmitterSpawnRateScale:1.0]]
[2020.09.18-07.38.32:438][  0]LogConfig: Setting CVar [[r.ParticleLightQuality:2]]
[2020.09.18-07.38.32:438][  0]LogConfig: Applying CVar settings from Section [FoliageQuality@3] File [C:/Users/wonji/Desktop/UnrealProjects/UE4Self/UE4Self/Saved/Config/Windows/Scalability.ini]
[2020.09.18-07.38.32:438][  0]LogConfig: Setting CVar [[foliage.DensityScale:1.0]]
[2020.09.18-07.38.32:438][  0]LogConfig: Setting CVar [[grass.DensityScale:1.0]]
[2020.09.18-07.38.32:438][  0]LogConfig: Applying CVar settings from Section [Startup] File [../../../Engine/Config/ConsoleVariables.ini]
[2020.09.18-07.38.32:443][  0]LogConfig: Setting CVar [[net.UseAdaptiveNetUpdateFrequency:0]]
[2020.09.18-07.38.32:443][  0]LogConfig: Setting CVar [[p.chaos.AllowCreatePhysxBodies:1]]
[2020.09.18-07.38.32:443][  0]LogConfig: Applying CVar settings from Section [ConsoleVariables] File [C:/Users/wonji/Desktop/UnrealProjects/UE4Self/UE4Self/Saved/Config/Windows/Engine.ini]
[2020.09.18-07.38.32:444][  0]LogInit: Computer: LAPTOP-1UG54T2R
[2020.09.18-07.38.32:444][  0]LogInit: User: wonji
[2020.09.18-07.38.32:444][  0]LogInit: CPU Page size=4096, Cores=6
[2020.09.18-07.38.32:444][  0]LogInit: High frequency timer resolution =10.000000 MHz
[2020.09.18-07.38.32:444][  0]LogMemory: Memory total: Physical=15.9GB (16GB approx)
[2020.09.18-07.38.32:444][  0]LogMemory: Platform Memory Stats for Windows
[2020.09.18-07.38.32:444][  0]LogMemory: Process Physical Memory: 100.61 MB used, 100.61 MB peak
[2020.09.18-07.38.32:444][  0]LogMemory: Process Virtual Memory: 89.80 MB used, 89.80 MB peak
[2020.09.18-07.38.32:444][  0]LogMemory: Physical Memory: 5565.23 MB used,  10716.98 MB free, 16282.21 MB total
[2020.09.18-07.38.32:444][  0]LogMemory: Virtual Memory: 4661.23 MB used,  134213064.00 MB free, 134217728.00 MB total
[2020.09.18-07.38.32:682][  0]LogInit: Using OS detected language (ko-KR).
[2020.09.18-07.38.32:682][  0]LogInit: Using OS detected locale (ko-KR).
[2020.09.18-07.38.32:684][  0]LogTextLocalizationManager: No specific localization for 'ko-KR' exists, so the 'ko' localization will be used.
[2020.09.18-07.38.32:869][  0]LogInit: Setting process to per monitor DPI aware
[2020.09.18-07.38.32:981][  0]LogSlate: New Slate User Created.  User Index 0, Is Virtual User: 0
[2020.09.18-07.38.32:981][  0]LogSlate: Slate User Registered.  User Index 0, Is Virtual User: 0
[2020.09.18-07.38.35:049][  0]LogHMD: Failed to initialize OpenVR with code 110
[2020.09.18-07.38.35:049][  0]LogD3D11RHI: D3D11 adapters:
[2020.09.18-07.38.35:151][  0]LogD3D11RHI:    0. 'NVIDIA GeForce RTX 2080 with Max-Q Design' (Feature Level 11_0)
[2020.09.18-07.38.35:151][  0]LogD3D11RHI:       8010/0/8141 MB DedicatedVideo/DedicatedSystem/SharedSystem, Outputs:2, VendorId:0x10de
[2020.09.18-07.38.35:186][  0]LogD3D11RHI:    1. 'Intel(R) UHD Graphics 630' (Feature Level 11_0)
[2020.09.18-07.38.35:186][  0]LogD3D11RHI:       128/0/8141 MB DedicatedVideo/DedicatedSystem/SharedSystem, Outputs:0, VendorId:0x8086
[2020.09.18-07.38.35:193][  0]LogD3D11RHI:    2. 'Microsoft Basic Render Driver' (Feature Level 11_0)
[2020.09.18-07.38.35:193][  0]LogD3D11RHI:       0/0/8141 MB DedicatedVideo/DedicatedSystem/SharedSystem, Outputs:0, VendorId:0x1414
[2020.09.18-07.38.35:193][  0]LogD3D11RHI: Chosen D3D11 Adapter: 0
[2020.09.18-07.38.35:225][  0]LogD3D11RHI: Creating new Direct3DDevice
[2020.09.18-07.38.35:225][  0]LogD3D11RHI:     GPU DeviceId: 0x1e90 (for the marketing name, search the web for "GPU Device Id")
[2020.09.18-07.38.35:225][  0]LogWindows: EnumDisplayDevices:
[2020.09.18-07.38.35:226][  0]LogWindows:    0. 'Intel(R) UHD Graphics 630' (P:1 D:1)
[2020.09.18-07.38.35:226][  0]LogWindows:    1. 'Intel(R) UHD Graphics 630' (P:0 D:0)
[2020.09.18-07.38.35:226][  0]LogWindows:    2. 'Intel(R) UHD Graphics 630' (P:0 D:0)
[2020.09.18-07.38.35:226][  0]LogWindows:    3. 'NVIDIA GeForce RTX 2080 with Max-Q Design' (P:0 D:1)
[2020.09.18-07.38.35:227][  0]LogWindows:    4. 'NVIDIA GeForce RTX 2080 with Max-Q Design' (P:0 D:0)
[2020.09.18-07.38.35:227][  0]LogWindows:    5. 'NVIDIA GeForce RTX 2080 with Max-Q Design' (P:0 D:0)
[2020.09.18-07.38.35:227][  0]LogWindows:    6. 'NVIDIA GeForce RTX 2080 with Max-Q Design' (P:0 D:0)
[2020.09.18-07.38.35:227][  0]LogWindows: DebugString: PrimaryIsNotTheChoosenAdapter PrimaryIsNotTheChoosenAdapter PrimaryIsNotTheChoosenAdapter FoundDriverCount:4 
[2020.09.18-07.38.35:227][  0]LogD3D11RHI:     Adapter Name: NVIDIA GeForce RTX 2080 with Max-Q Design
[2020.09.18-07.38.35:227][  0]LogD3D11RHI:   Driver Version: 425.45 (internal:25.21.14.2545, unified:425.45)
[2020.09.18-07.38.35:227][  0]LogD3D11RHI:      Driver Date: 4-23-2019
[2020.09.18-07.38.35:227][  0]LogRHI: Texture pool is 5607 MB (70% of 8010 MB)
[2020.09.18-07.38.35:285][  0]LogD3D11RHI: Async texture creation enabled
[2020.09.18-07.38.35:294][  0]LogRendererCore: FGlobalReadBuffer::InitRHI
[2020.09.18-07.38.35:295][  0]LogRendererCore: FGlobalReadBuffer::InitRHI
[2020.09.18-07.38.35:295][  0]LogRendererCore: FGlobalReadBuffer::InitRHI
[2020.09.18-07.38.35:310][  0]LogD3D11RHI: GPU Timing Frequency: 1000.000000 (Debug: 2 2)
[2020.09.18-07.38.35:670][  0]LogTemp: Display: Module 'AllDesktopTargetPlatform' loaded TargetPlatform 'AllDesktop'
[2020.09.18-07.38.35:683][  0]LogTemp: Display: Module 'MacClientTargetPlatform' loaded TargetPlatform 'MacClient'
[2020.09.18-07.38.35:695][  0]LogTemp: Display: Module 'MacNoEditorTargetPlatform' loaded TargetPlatform 'MacNoEditor'
[2020.09.18-07.38.35:709][  0]LogTemp: Display: Module 'MacServerTargetPlatform' loaded TargetPlatform 'MacServer'
[2020.09.18-07.38.35:728][  0]LogTemp: Display: Module 'MacTargetPlatform' loaded TargetPlatform 'Mac'
[2020.09.18-07.38.35:742][  0]LogTemp: Display: Module 'WindowsClientTargetPlatform' loaded TargetPlatform 'WindowsClient'
[2020.09.18-07.38.35:756][  0]LogTemp: Display: Module 'WindowsNoEditorTargetPlatform' loaded TargetPlatform 'WindowsNoEditor'
[2020.09.18-07.38.35:769][  0]LogTemp: Display: Module 'WindowsServerTargetPlatform' loaded TargetPlatform 'WindowsServer'
[2020.09.18-07.38.35:776][  0]LogTemp: Display: Module 'WindowsTargetPlatform' loaded TargetPlatform 'Windows'
[2020.09.18-07.38.35:863][  0]LogTemp: Display: Module 'AndroidTargetPlatform' loaded TargetPlatform 'Android'
[2020.09.18-07.38.35:863][  0]LogTemp: Display: Module 'AndroidTargetPlatform' loaded TargetPlatform 'Android_ASTC'
[2020.09.18-07.38.35:863][  0]LogTemp: Display: Module 'AndroidTargetPlatform' loaded TargetPlatform 'Android_ATC'
[2020.09.18-07.38.35:863][  0]LogTemp: Display: Module 'AndroidTargetPlatform' loaded TargetPlatform 'Android_DXT'
[2020.09.18-07.38.35:863][  0]LogTemp: Display: Module 'AndroidTargetPlatform' loaded TargetPlatform 'Android_ETC1'
[2020.09.18-07.38.35:863][  0]LogTemp: Display: Module 'AndroidTargetPlatform' loaded TargetPlatform 'Android_ETC1a'
[2020.09.18-07.38.35:863][  0]LogTemp: Display: Module 'AndroidTargetPlatform' loaded TargetPlatform 'Android_ETC2'
[2020.09.18-07.38.35:863][  0]LogTemp: Display: Module 'AndroidTargetPlatform' loaded TargetPlatform 'Android_PVRTC'
[2020.09.18-07.38.35:863][  0]LogTemp: Display: Module 'AndroidTargetPlatform' loaded TargetPlatform 'AndroidClient'
[2020.09.18-07.38.35:863][  0]LogTemp: Display: Module 'AndroidTargetPlatform' loaded TargetPlatform 'Android_ASTCClient'
[2020.09.18-07.38.35:863][  0]LogTemp: Display: Module 'AndroidTargetPlatform' loaded TargetPlatform 'Android_ATCClient'
[2020.09.18-07.38.35:863][  0]LogTemp: Display: Module 'AndroidTargetPlatform' loaded TargetPlatform 'Android_DXTClient'
[2020.09.18-07.38.35:863][  0]LogTemp: Display: Module 'AndroidTargetPlatform' loaded TargetPlatform 'Android_ETC1Client'
[2020.09.18-07.38.35:863][  0]LogTemp: Display: Module 'AndroidTargetPlatform' loaded TargetPlatform 'Android_ETC1aClient'
[2020.09.18-07.38.35:863][  0]LogTemp: Display: Module 'AndroidTargetPlatform' loaded TargetPlatform 'Android_ETC2Client'
[2020.09.18-07.38.35:863][  0]LogTemp: Display: Module 'AndroidTargetPlatform' loaded TargetPlatform 'Android_PVRTCClient'
[2020.09.18-07.38.35:863][  0]LogTemp: Display: Module 'AndroidTargetPlatform' loaded TargetPlatform 'Android_Multi'
[2020.09.18-07.38.35:863][  0]LogTemp: Display: Module 'AndroidTargetPlatform' loaded TargetPlatform 'Android_MultiClient'
[2020.09.18-07.38.35:864][  0]LogTemp: Display: Module 'HTML5TargetPlatform' loaded TargetPlatform 'HTML5'
[2020.09.18-07.38.35:927][  0]LogTemp: Display: Module 'IOSTargetPlatform' loaded TargetPlatform 'IOSClient'
[2020.09.18-07.38.35:927][  0]LogTemp: Display: Module 'IOSTargetPlatform' loaded TargetPlatform 'IOS'
[2020.09.18-07.38.35:946][  0]LogTemp: Display: Module 'TVOSTargetPlatform' loaded TargetPlatform 'TVOSClient'
[2020.09.18-07.38.35:946][  0]LogTemp: Display: Module 'TVOSTargetPlatform' loaded TargetPlatform 'TVOS'
[2020.09.18-07.38.35:969][  0]LogTemp: Display: Module 'LinuxClientTargetPlatform' loaded TargetPlatform 'LinuxClient'
[2020.09.18-07.38.35:984][  0]LogTemp: Display: Module 'LinuxNoEditorTargetPlatform' loaded TargetPlatform 'LinuxNoEditor'
[2020.09.18-07.38.35:995][  0]LogTemp: Display: Module 'LinuxServerTargetPlatform' loaded TargetPlatform 'LinuxServer'
[2020.09.18-07.38.36:014][  0]LogTemp: Display: Module 'LinuxTargetPlatform' loaded TargetPlatform 'Linux'
[2020.09.18-07.38.36:056][  0]LogTemp: Display: Module 'LuminTargetPlatform' loaded TargetPlatform 'Lumin'
[2020.09.18-07.38.36:056][  0]LogTemp: Display: Module 'LuminTargetPlatform' loaded TargetPlatform 'LuminClient'
[2020.09.18-07.38.36:056][  0]LogTargetPlatformManager: Display: Building Assets For Windows
[2020.09.18-07.38.36:069][  0]LogAudioDebug: Display: Lib vorbis DLL was dynamically loaded.
[2020.09.18-07.38.36:202][  0]LogShaderCompilers: Guid format shader working directory is -22 characters bigger than the processId version (../../../../../../Users/wonji/Desktop/UnrealProjects/UE4Self/UE4Self/Intermediate/Shaders/WorkingDirectory/6400/).
[2020.09.18-07.38.36:203][  0]LogShaderCompilers: Cleaned the shader compiler working directory 'C:/Users/wonji/AppData/Local/Temp/UnrealShaderWorkingDir/2CA8FDC84698D4F1844550BB5FE75B8B/'.
[2020.09.18-07.38.36:207][  0]LogXGEController: Cleaning working directory: C:/Users/wonji/AppData/Local/Temp/UnrealXGEWorkingDir/
[2020.09.18-07.38.36:207][  0]LogXGEController: Cannot use XGE Controller as Incredibuild is not installed on this machine.
[2020.09.18-07.38.36:207][  0]LogShaderCompilers: Cannot use XGE Shader Compiler as Incredibuild is not installed on this machine.
[2020.09.18-07.38.36:207][  0]LogShaderCompilers: Display: Using Local Shader Compiler.
[2020.09.18-07.38.38:222][  0]LogDerivedDataCache: Display: Max Cache Size: 512 MB
[2020.09.18-07.38.38:318][  0]LogDerivedDataCache: Loaded boot cache 0.10s 75MB C:/Users/wonji/AppData/Local/UnrealEngine/4.22/DerivedDataCache/Boot.ddc.
[2020.09.18-07.38.38:318][  0]LogDerivedDataCache: Display: Loaded Boot cache: C:/Users/wonji/AppData/Local/UnrealEngine/4.22/DerivedDataCache/Boot.ddc
[2020.09.18-07.38.38:318][  0]LogDerivedDataCache: FDerivedDataBackendGraph:  Pak pak cache file ../../../../../../Users/wonji/Desktop/UnrealProjects/UE4Self/UE4Self/DerivedDataCache/DDC.ddp not found, will not use a pak cache.
[2020.09.18-07.38.38:318][  0]LogDerivedDataCache: Unable to find inner node Pak for hierarchical cache Hierarchy.
[2020.09.18-07.38.38:318][  0]LogDerivedDataCache: FDerivedDataBackendGraph:  CompressedPak pak cache file ../../../../../../Users/wonji/Desktop/UnrealProjects/UE4Self/UE4Self/DerivedDataCache/Compressed.ddp not found, will not use a pak cache.
[2020.09.18-07.38.38:318][  0]LogDerivedDataCache: Unable to find inner node CompressedPak for hierarchical cache Hierarchy.
[2020.09.18-07.38.38:338][  0]LogDerivedDataCache: Display: Pak cache opened for reading ../../../Engine/DerivedDataCache/Compressed.ddp.
[2020.09.18-07.38.38:338][  0]LogDerivedDataCache: FDerivedDataBackendGraph:  EnterprisePak pak cache file ../../../Enterprise/DerivedDataCache/Compressed.ddp not found, will not use a pak cache.
[2020.09.18-07.38.38:338][  0]LogDerivedDataCache: Unable to find inner node EnterprisePak for hierarchical cache Hierarchy.
[2020.09.18-07.38.38:351][  0]LogDerivedDataCache: Using Local data cache path C:/Users/wonji/AppData/Local/UnrealEngine/Common/DerivedDataCache: Writable
[2020.09.18-07.38.38:351][  0]LogDerivedDataCache: Shared data cache path not found in *engine.ini, will not use an Shared cache.
[2020.09.18-07.38.38:351][  0]LogDerivedDataCache: Unable to find inner node Shared for hierarchical cache Hierarchy.
[2020.09.18-07.38.38:373][  0]LogMaterial: Verifying Global Shaders for PCD3D_SM5
[2020.09.18-07.38.38:378][  0]LogSlate: Using FreeType 2.6.0
[2020.09.18-07.38.38:389][  0]LogSlate: SlateFontServices - WITH_FREETYPE: 1, WITH_HARFBUZZ: 1
[2020.09.18-07.38.38:552][  0]LogAssetRegistry: FAssetRegistry took 0.0331 seconds to start up
[2020.09.18-07.38.38:938][  0]LogInit: Selected Device Profile: [Windows]
[2020.09.18-07.38.39:255][  0]LogMeshReduction: Using QuadricMeshReduction for automatic static mesh reduction
[2020.09.18-07.38.39:255][  0]LogMeshReduction: Using SimplygonMeshReduction for automatic skeletal mesh reduction
[2020.09.18-07.38.39:255][  0]LogMeshReduction: Using ProxyLODMeshReduction for automatic mesh merging
[2020.09.18-07.38.39:255][  0]LogMeshReduction: No distributed automatic mesh merging module available
[2020.09.18-07.38.39:255][  0]LogMeshMerging: No distributed automatic mesh merging module available
[2020.09.18-07.38.39:309][  0]LogNetVersion: UE4Self 1.0.0, NetCL: 5660361, EngineNetVer: 10, GameNetVer: 0 (Checksum: 3979475100)
[2020.09.18-07.38.40:597][  0]LogPackageLocalizationCache: Processed 10 localized package path(s) for 1 prioritized culture(s) in 0.045656 seconds
[2020.09.18-07.38.40:602][  0]LogUObjectArray: 42205 objects as part of root set at end of initial load.
[2020.09.18-07.38.40:603][  0]LogUObjectAllocator: 7325032 out of 0 bytes used by permanent object pool.
[2020.09.18-07.38.40:603][  0]LogUObjectArray: CloseDisregardForGC: 0/0 objects in disregard for GC pool
[2020.09.18-07.38.42:545][  0]LogTcpMessaging: Initializing TcpMessaging bridge
[2020.09.18-07.38.42:563][  0]LogUdpMessaging: Initializing bridge on interface 0.0.0.0:0 to multicast group 230.0.0.1:6666.
[2020.09.18-07.38.43:200][  0]SourceControl: 소스 컨트롤이 꺼져 있습니다.
[2020.09.18-07.38.43:202][  0]SourceControl: 소스 컨트롤이 꺼져 있습니다.
[2020.09.18-07.38.43:214][  0]SourceControl: 소스 컨트롤이 꺼져 있습니다.
[2020.09.18-07.38.43:220][  0]SourceControl: 소스 컨트롤이 꺼져 있습니다.
[2020.09.18-07.38.43:425][  0]LogAndroidPermission: UAndroidPermissionCallbackProxy::GetInstance
[2020.09.18-07.38.43:541][  0]LogOcInput: OculusInput pre-init called
[2020.09.18-07.38.44:313][  0]LogEngine: Initializing Engine...
[2020.09.18-07.38.44:315][  0]LogHMD: Failed to initialize OpenVR with code 110
[2020.09.18-07.38.44:316][  0]LogStats: UGameplayTagsManager::InitializeManager -  0.001 s
[2020.09.18-07.38.44:690][  0]LogInit: Initializing FReadOnlyCVARCache
[2020.09.18-07.38.44:743][  0]LogAIModule: Creating AISystem for world Untitled
[2020.09.18-07.38.44:777][  0]LogInit: XAudio2 using 'Speakers(Realtek(R) Audio)' : 2 channels at 48 kHz using 32 bits per sample (channel mask 0x3)
[2020.09.18-07.38.44:972][  0]LogInit: FAudioDevice initialized.
[2020.09.18-07.38.44:972][  0]LogNetVersion: Set ProjectVersion to 1.0.0.0. Version Checksum will be recalculated on next use.
[2020.09.18-07.38.45:363][  0]LogDerivedDataCache: Saved boot cache 0.39s 75MB C:/Users/wonji/AppData/Local/UnrealEngine/4.22/DerivedDataCache/Boot.ddc.
[2020.09.18-07.38.45:388][  0]LogInit: Texture streaming: Enabled
[2020.09.18-07.38.45:461][  0]LogEngineSessionManager: EngineSessionManager initialized
[2020.09.18-07.38.45:556][  0]LogInit: Transaction tracking system initialized
[2020.09.18-07.38.45:829][  0]BlueprintLog: New page: 에디터 로드
[2020.09.18-07.38.46:222][  0]LocalizationService: 현지화 서비스가 비활성화되었습니다.
[2020.09.18-07.38.46:975][  0]LogFileCache: Scanning file cache for directory 'C:/Users/wonji/Desktop/UnrealProjects/UE4Self/UE4Self/Content/' took 0.02s
[2020.09.18-07.38.46:976][  0]LogCook: Display: Max memory allowance for cook 16384mb min free memory 0mb
[2020.09.18-07.38.46:976][  0]LogCook: Display: Mobile HDR setting 1
[2020.09.18-07.38.47:673][  0]SourceControl: 소스 컨트롤이 꺼져 있습니다.
[2020.09.18-07.38.47:674][  0]Cmd: MAP LOAD FILE="../../../../../../Users/wonji/Desktop/UnrealProjects/UE4Self/UE4Self/Content/ThirdPersonCPP/Maps/Sample.umap" TEMPLATE=0 SHOWPROGRESS=1 FEATURELEVEL=3
[2020.09.18-07.38.47:675][  0]LightingResults: New page: 라이팅 빌드
[2020.09.18-07.38.47:694][  0]MapCheck: New page: 맵 체크
[2020.09.18-07.38.47:694][  0]LightingResults: New page: 라이팅 빌드
[2020.09.18-07.38.47:737][  0]LogUObjectHash: Compacting FUObjectHashTables data took   1.74ms
[2020.09.18-07.38.47:926][  0]LogAIModule: Creating AISystem for world Sample
[2020.09.18-07.38.47:971][  0]LogEditorServer: Finished looking for orphan Actors (0.000 secs)
[2020.09.18-07.38.48:014][  0]LogUObjectHash: Compacting FUObjectHashTables data took   1.61ms
[2020.09.18-07.38.48:014][  0]Cmd: MAP CHECKDEP NOCLEARLOG
[2020.09.18-07.38.48:014][  0]MapCheck: 맵 체크 완료: 오류 0 회, 경고 0 회, 소요 시간 0.142ms.
[2020.09.18-07.38.48:014][  0]LogFileHelpers: Loading map 'Sample' took 0.342
[2020.09.18-07.38.48:259][  0]LogSlate: Updating window title bar state: overlay mode, drag disabled, window buttons hidden, title bar hidden
[2020.09.18-07.38.48:266][  0]LogSlate: Updating window title bar state: overlay mode, drag disabled, window buttons hidden, title bar hidden
[2020.09.18-07.38.48:273][  0]LogSlate: Updating window title bar state: overlay mode, drag disabled, window buttons hidden, title bar hidden
[2020.09.18-07.38.48:279][  0]LogSlate: Updating window title bar state: overlay mode, drag disabled, window buttons hidden, title bar hidden
[2020.09.18-07.38.48:315][  0]LogCollectionManager: Loaded 0 collections in 0.002405 seconds
[2020.09.18-07.38.48:370][  0]LogFileCache: Scanning file cache for directory 'C:/Users/wonji/Desktop/UnrealProjects/UE4Self/UE4Self/Saved/Collections/' took 0.01s
[2020.09.18-07.38.48:370][  0]LogFileCache: Scanning file cache for directory 'C:/Users/wonji/Desktop/UnrealProjects/UE4Self/UE4Self/Content/Developers/wonji/Collections/' took 0.01s
[2020.09.18-07.38.48:370][  0]LogFileCache: Scanning file cache for directory 'C:/Users/wonji/Desktop/UnrealProjects/UE4Self/UE4Self/Content/Collections/' took 0.00s
[2020.09.18-07.38.48:370][  0]LogCollectionManager: Rebuilt the GUID cache for 0 collections in 0.000000 seconds
[2020.09.18-07.38.48:381][  0]LogContentBrowser: Native class hierarchy populated in 0.0100 seconds. Added 2735 classes and 661 folders.
[2020.09.18-07.38.48:399][  0]LogContentBrowser: Native class hierarchy updated for 'WidgetCarousel' in 0.0003 seconds. Added 0 classes and 0 folders.
[2020.09.18-07.38.48:405][  0]LogPakFile: Registered encryption key '00000000000000000000000000000000': 0 pak files mounted, 0 remain pending
[2020.09.18-07.38.48:423][  0]LogPakFile: Registered encryption key '00000000000000000000000000000000': 0 pak files mounted, 0 remain pending
[2020.09.18-07.38.48:437][  0]LogPakFile: Registered encryption key '00000000000000000000000000000000': 0 pak files mounted, 0 remain pending
[2020.09.18-07.38.48:443][  0]LogPakFile: Registered encryption key '00000000000000000000000000000000': 0 pak files mounted, 0 remain pending
[2020.09.18-07.38.48:454][  0]LogPakFile: Registered encryption key '00000000000000000000000000000000': 0 pak files mounted, 0 remain pending
[2020.09.18-07.38.48:460][  0]LogPakFile: Registered encryption key '00000000000000000000000000000000': 0 pak files mounted, 0 remain pending
[2020.09.18-07.38.48:466][  0]LogPakFile: Registered encryption key '00000000000000000000000000000000': 0 pak files mounted, 0 remain pending
[2020.09.18-07.38.48:473][  0]LogPakFile: Registered encryption key '00000000000000000000000000000000': 0 pak files mounted, 0 remain pending
[2020.09.18-07.38.48:487][  0]LogPakFile: Registered encryption key '00000000000000000000000000000000': 0 pak files mounted, 0 remain pending
[2020.09.18-07.38.48:503][  0]LogPakFile: Registered encryption key '00000000000000000000000000000000': 0 pak files mounted, 0 remain pending
[2020.09.18-07.38.48:514][  0]LogPakFile: Registered encryption key '00000000000000000000000000000000': 0 pak files mounted, 0 remain pending
[2020.09.18-07.38.48:525][  0]LogPakFile: Registered encryption key '00000000000000000000000000000000': 0 pak files mounted, 0 remain pending
[2020.09.18-07.38.48:534][  0]LogPakFile: Registered encryption key '00000000000000000000000000000000': 0 pak files mounted, 0 remain pending
[2020.09.18-07.38.48:541][  0]LogPakFile: Registered encryption key '00000000000000000000000000000000': 0 pak files mounted, 0 remain pending
[2020.09.18-07.38.48:551][  0]LogPakFile: Registered encryption key '00000000000000000000000000000000': 0 pak files mounted, 0 remain pending
[2020.09.18-07.38.48:561][  0]LogPakFile: Registered encryption key '00000000000000000000000000000000': 0 pak files mounted, 0 remain pending
[2020.09.18-07.38.48:584][  0]LogPakFile: Registered encryption key '00000000000000000000000000000000': 0 pak files mounted, 0 remain pending
[2020.09.18-07.38.48:592][  0]LogPakFile: Registered encryption key '00000000000000000000000000000000': 0 pak files mounted, 0 remain pending
[2020.09.18-07.38.48:597][  0]LogPakFile: Registered encryption key '00000000000000000000000000000000': 0 pak files mounted, 0 remain pending
[2020.09.18-07.38.48:602][  0]LogPakFile: Registered encryption key '00000000000000000000000000000000': 0 pak files mounted, 0 remain pending
[2020.09.18-07.38.48:608][  0]LogPakFile: Registered encryption key '00000000000000000000000000000000': 0 pak files mounted, 0 remain pending
[2020.09.18-07.38.48:614][  0]LogPakFile: Registered encryption key '00000000000000000000000000000000': 0 pak files mounted, 0 remain pending
[2020.09.18-07.38.48:621][  0]LogPakFile: Registered encryption key '00000000000000000000000000000000': 0 pak files mounted, 0 remain pending
[2020.09.18-07.38.48:629][  0]LogPakFile: Registered encryption key '00000000000000000000000000000000': 0 pak files mounted, 0 remain pending
[2020.09.18-07.38.48:637][  0]LogPakFile: Registered encryption key '00000000000000000000000000000000': 0 pak files mounted, 0 remain pending
[2020.09.18-07.38.48:644][  0]LogPakFile: Registered encryption key '00000000000000000000000000000000': 0 pak files mounted, 0 remain pending
[2020.09.18-07.38.48:813][  0]LogContentBrowser: Native class hierarchy updated for 'AddContentDialog' in 0.0003 seconds. Added 0 classes and 0 folders.
[2020.09.18-07.38.48:846][  0]LogContentBrowser: Native class hierarchy updated for 'SceneOutliner' in 0.0011 seconds. Added 1 classes and 2 folders.
[2020.09.18-07.38.49:185][  0]LogSlate: Took 0.006481 seconds to synchronously load lazily loaded font '../../../Engine/Content/Slate/Fonts/Roboto-Regular.ttf' (155K)
[2020.09.18-07.38.49:245][  0]LogSlate: Took 0.058146 seconds to synchronously load lazily loaded font '../../../Engine/Content/Editor/Slate/Fonts/NanumGothic.ttf' (4243K)
[2020.09.18-07.38.49:305][  0]LogSlate: Took 0.059956 seconds to synchronously load lazily loaded font '../../../Engine/Content/Editor/Slate/Fonts/NanumGothicBold.ttf' (4188K)
[2020.09.18-07.38.49:316][  0]LogSlate: Took 0.010303 seconds to synchronously load lazily loaded font '../../../Engine/Content/Slate/Fonts/Roboto-Bold.ttf' (160K)
[2020.09.18-07.38.49:339][  0]LogSlate: Took 0.015710 seconds to synchronously load lazily loaded font '../../../Engine/Content/Editor/Slate/Fonts/FontAwesome.ttf' (139K)
[2020.09.18-07.38.49:353][  0]LogSlate: Took 0.013443 seconds to synchronously load lazily loaded font '../../../Engine/Content/Slate/Fonts/DroidSansMono.ttf' (77K)
[2020.09.18-07.38.49:495][  0]LogSlate: Took 0.098653 seconds to synchronously load lazily loaded font '../../../Engine/Content/Editor/Slate/Fonts/NanumGothicExtraBold.ttf' (4074K)
[2020.09.18-07.38.49:710][  0]LogRenderer: Reallocating scene render targets to support 1208x572 Format 10 NumSamples 1 (Frame:1).
[2020.09.18-07.38.49:931][  0]LogContentBrowser: Native class hierarchy updated for 'HierarchicalLODOutliner' in 0.0003 seconds. Added 0 classes and 0 folders.
[2020.09.18-07.38.49:931][  0]LogLoad: (Engine Initialization) Total time: 21.69 seconds
[2020.09.18-07.38.49:931][  0]LogLoad: (Engine Initialization) Total Blueprint compile time: 0.00 seconds
[2020.09.18-07.38.50:006][  0]LogAssetRegistry: Asset discovery search completed in 11.4755 seconds
[2020.09.18-07.38.50:007][  0]LogCollectionManager: Rebuilt the object cache for 0 collections in 0.000000 seconds (found 0 objects)
[2020.09.18-07.38.50:008][  0]LogCollectionManager: Fixed up redirectors for 0 collections in 0.000158 seconds (updated 0 objects)
[2020.09.18-07.38.50:011][  0]LogContentStreaming: Texture pool size now 1000 MB
[2020.09.18-07.38.56:978][410]LogSlate: FSceneViewport::OnFocusLost() reason 0
[2020.09.18-07.38.57:045][414]LogTemp: Repeating last play command: 선택된 뷰포트
[2020.09.18-07.38.57:055][414]LogBlueprintUserMessages: Early PlayInEditor Detection: Level '/Game/ThirdPersonCPP/Maps/Sample.Sample:PersistentLevel' has LevelScriptBlueprint '/Game/ThirdPersonCPP/Maps/Sample.Sample:PersistentLevel.Sample' with GeneratedClass '/Game/ThirdPersonCPP/Maps/Sample.Sample_C' with ClassGeneratedBy '/Game/ThirdPersonCPP/Maps/Sample.Sample:PersistentLevel.Sample'
[2020.09.18-07.38.57:063][414]LogPlayLevel: PlayLevel: No blueprints needed recompiling
[2020.09.18-07.38.57:067][414]PIE: New page: PIE 세션: Sample (2020. 9. 19. 오전 1:38:57)
[2020.09.18-07.38.57:089][414]LogPlayLevel: Creating play world package: /Game/ThirdPersonCPP/Maps/UEDPIE_0_Sample
[2020.09.18-07.38.57:091][414]LogPlayLevel: PIE: StaticDuplicateObject took: (0.001891s)
[2020.09.18-07.38.57:092][414]LogAIModule: Creating AISystem for world Sample
[2020.09.18-07.38.57:092][414]LogPlayLevel: PIE: World Init took: (0.000586s)
[2020.09.18-07.38.57:092][414]LogPlayLevel: PIE: Created PIE world by copying editor world from /Game/ThirdPersonCPP/Maps/Sample.Sample to /Game/ThirdPersonCPP/Maps/UEDPIE_0_Sample.Sample (0.002992s)
[2020.09.18-07.38.57:117][414]LogUObjectHash: Compacting FUObjectHashTables data took   0.89ms
[2020.09.18-07.38.57:125][414]LogInit: XAudio2 using 'Speakers(Realtek(R) Audio)' : 2 channels at 48 kHz using 32 bits per sample (channel mask 0x3)
[2020.09.18-07.38.57:136][414]LogInit: FAudioDevice initialized.
[2020.09.18-07.38.57:182][414]LogLoad: Game class is 'UE4SelfGameMode'
[2020.09.18-07.38.57:186][414]LogWorld: Bringing World /Game/ThirdPersonCPP/Maps/UEDPIE_0_Sample.Sample up for play (max tick rate 60) at 2020.09.18-16.38.57
[2020.09.18-07.38.57:188][414]LogWorld: Bringing up level for play took: 0.001900
[2020.09.18-07.38.57:245][414]LogContentBrowser: Native class hierarchy updated for 'MovieSceneCapture' in 0.0007 seconds. Added 20 classes and 0 folders.
[2020.09.18-07.38.57:267][414]LogTemp: Warning: Actor Location : X=1020.000 Y=-1340.000 Z=50.000
[2020.09.18-07.38.57:269][414]PIE: /Game/ThirdPersonCPP/Maps/UEDPIE_0_Sample 에 대한 에디터에서 플레이 시작 시간: 0.325
[2020.09.18-07.38.57:270][414]LogBlueprintUserMessages: Late PlayInEditor Detection: Level '/Game/ThirdPersonCPP/Maps/Sample.Sample:PersistentLevel' has LevelScriptBlueprint '/Game/ThirdPersonCPP/Maps/Sample.Sample:PersistentLevel.Sample' with GeneratedClass '/Game/ThirdPersonCPP/Maps/Sample.Sample_C' with ClassGeneratedBy '/Game/ThirdPersonCPP/Maps/Sample.Sample:PersistentLevel.Sample'
[2020.09.18-07.39.19:187][727]LogBlueprintUserMessages: Early EndPlayMap Detection: Level '/Game/ThirdPersonCPP/Maps/Sample.Sample:PersistentLevel' has LevelScriptBlueprint '/Game/ThirdPersonCPP/Maps/Sample.Sample:PersistentLevel.Sample' with GeneratedClass '/Game/ThirdPersonCPP/Maps/Sample.Sample_C' with ClassGeneratedBy '/Game/ThirdPersonCPP/Maps/Sample.Sample:PersistentLevel.Sample'
[2020.09.18-07.39.19:188][727]LogSlate: Updating window title bar state: overlay mode, drag disabled, window buttons hidden, title bar hidden
[2020.09.18-07.39.19:223][727]LogPlayLevel: Display: Shutting down PIE online subsystems
[2020.09.18-07.39.19:224][727]LogBlueprintUserMessages: Late EndPlayMap Detection: Level '/Game/ThirdPersonCPP/Maps/Sample.Sample:PersistentLevel' has LevelScriptBlueprint '/Game/ThirdPersonCPP/Maps/Sample.Sample:PersistentLevel.Sample' with GeneratedClass '/Game/ThirdPersonCPP/Maps/Sample.Sample_C' with ClassGeneratedBy '/Game/ThirdPersonCPP/Maps/Sample.Sample:PersistentLevel.Sample'
[2020.09.18-07.39.19:289][727]LogSlate: Updating window title bar state: overlay mode, drag disabled, window buttons hidden, title bar hidden
[2020.09.18-07.39.19:292][727]LogUObjectHash: Compacting FUObjectHashTables data took   1.37ms
[2020.09.18-07.39.19:308][728]LogPlayLevel: Display: Destroying online subsystem :Context_1
[2020.09.18-07.39.26:128][135]LogSlate: FSceneViewport::OnFocusLost() reason 0
[2020.09.18-07.39.26:162][135]LogSlate: Took 0.009764 seconds to synchronously load lazily loaded font '../../../Engine/Content/Slate/Fonts/Roboto-Light.ttf' (167K)
[2020.09.18-07.39.27:822][235]LogSlate: Took 0.000136 seconds to synchronously load lazily loaded font '../../../Engine/Content/Slate/Fonts/Roboto-Light.ttf' (167K)
[2020.09.18-07.39.27:831][235]LogAssetEditorManager: Opening Asset editor for Class /Script/UE4Self.SpinMush
[2020.09.18-08.53.47:984][805]LogUObjectHash: Compacting FUObjectHashTables data took   0.61ms
[2020.09.18-08.53.48:034][805]LogSlate: Window 'UE4Self - 언리얼 에디터' being destroyed
[2020.09.18-08.53.48:224][806]Cmd: QUIT_EDITOR
[2020.09.18-08.53.49:264][806]LogWindowsTextInputMethodSystem: Display: IME system now activated using TSF (Microsoft 입력기).
[2020.09.18-08.53.49:314][806]LogExit: Preparing to exit.
[2020.09.18-08.53.49:895][806]LogActorComponent: UnregisterComponent: (None.None) Not registered. Aborting.
[2020.09.18-08.53.49:895][806]LogActorComponent: UnregisterComponent: (None.None) Not registered. Aborting.
[2020.09.18-08.53.49:895][806]LogActorComponent: UnregisterComponent: (None.None) Not registered. Aborting.
[2020.09.18-08.53.49:895][806]LogActorComponent: UnregisterComponent: (None.None) Not registered. Aborting.
[2020.09.18-08.53.49:895][806]LogActorComponent: UnregisterComponent: (None.None) Not registered. Aborting.
[2020.09.18-08.53.49:895][806]LogActorComponent: UnregisterComponent: (None.None) Not registered. Aborting.
[2020.09.18-08.53.49:895][806]LogActorComponent: UnregisterComponent: (None.None) Not registered. Aborting.
[2020.09.18-08.53.49:911][806]LogExit: Editor shut down
[2020.09.18-08.53.49:912][806]LogExit: Transaction tracking system shut down
[2020.09.18-08.53.50:132][806]LogExit: Object subsystem successfully closed.
[2020.09.18-08.53.50:158][806]LogShaderCompilers: Display: Shaders left to compile 0
[2020.09.18-08.53.50:161][806]LogD3D11RHI: Shutdown
[2020.09.18-08.53.50:161][806]LogD3D11RHI: CleanupD3DDevice
[2020.09.18-08.53.50:161][806]LogRendererCore: FGlobalReadBuffer::ReleaseRHI
[2020.09.18-08.53.50:161][806]LogRendererCore: FGlobalDynamicReadBuffer::Cleanup()
[2020.09.18-08.53.50:161][806]LogRendererCore: FGlobalReadBuffer::ReleaseRHI
[2020.09.18-08.53.50:161][806]LogRendererCore: FGlobalDynamicReadBuffer::Cleanup()
[2020.09.18-08.53.50:161][806]LogRendererCore: FGlobalReadBuffer::ReleaseRHI
[2020.09.18-08.53.50:161][806]LogRendererCore: FGlobalDynamicReadBuffer::Cleanup()
[2020.09.18-08.53.50:234][806]LogD3D11RHI: ~FD3D11DynamicRHI
[2020.09.18-08.53.50:266][806]LogModuleManager: Shutting down and abandoning module MovieSceneCapture (648)
[2020.09.18-08.53.50:266][806]LogModuleManager: Shutting down and abandoning module Voice (646)
[2020.09.18-08.53.50:266][806]LogModuleManager: Shutting down and abandoning module HierarchicalLODOutliner (644)
[2020.09.18-08.53.50:266][806]LogModuleManager: Shutting down and abandoning module SceneOutliner (642)
[2020.09.18-08.53.50:266][806]LogModuleManager: Shutting down and abandoning module AddContentDialog (640)
[2020.09.18-08.53.50:267][806]LogModuleManager: Shutting down and abandoning module WidgetCarousel (639)
[2020.09.18-08.53.50:267][806]LogModuleManager: Shutting down and abandoning module EditorWidgets (636)
[2020.09.18-08.53.50:267][806]LogModuleManager: Shutting down and abandoning module CollectionManager (634)
[2020.09.18-08.53.50:267][806]LogModuleManager: Shutting down and abandoning module StatsViewer (632)
[2020.09.18-08.53.50:267][806]LogModuleManager: Shutting down and abandoning module FoliageEdit (630)
[2020.09.18-08.53.50:267][806]LogModuleManager: Shutting down and abandoning module LandscapeEditor (628)
[2020.09.18-08.53.50:268][806]LogModuleManager: Shutting down and abandoning module MeshPaintMode (626)
[2020.09.18-08.53.50:268][806]LogModuleManager: Shutting down and abandoning module SceneDepthPickerMode (624)
[2020.09.18-08.53.50:268][806]LogModuleManager: Shutting down and abandoning module ActorPickerMode (622)
[2020.09.18-08.53.50:268][806]LogModuleManager: Shutting down and abandoning module GeometryMode (620)
[2020.09.18-08.53.50:268][806]LogModuleManager: Shutting down and abandoning module TextureAlignMode (618)
[2020.09.18-08.53.50:268][806]LogModuleManager: Shutting down and abandoning module BspMode (616)
[2020.09.18-08.53.50:269][806]LogModuleManager: Shutting down and abandoning module PIEPreviewDeviceProfileSelector (614)
[2020.09.18-08.53.50:269][806]LogModuleManager: Shutting down and abandoning module SequenceRecorderSections (612)
[2020.09.18-08.53.50:269][806]LogModuleManager: Shutting down and abandoning module AutomationWorker (610)
[2020.09.18-08.53.50:269][806]LogModuleManager: Shutting down and abandoning module OculusMR (608)
[2020.09.18-08.53.50:269][806]LogModuleManager: Shutting down and abandoning module AudioCaptureEditor (606)
[2020.09.18-08.53.50:269][806]LogModuleManager: Shutting down and abandoning module MatineeToLevelSequence (604)
[2020.09.18-08.53.50:269][806]LogModuleManager: Shutting down and abandoning module LevelSequenceEditor (602)
[2020.09.18-08.53.50:272][806]LogModuleManager: Shutting down and abandoning module PlacementMode (601)
[2020.09.18-08.53.50:272][806]LogModuleManager: Shutting down and abandoning module MaterialEditor (600)
[2020.09.18-08.53.50:273][806]LogModuleManager: Shutting down and abandoning module ActorSequenceEditor (596)
[2020.09.18-08.53.50:273][806]LogModuleManager: Shutting down and abandoning module WmfMediaFactory (594)
[2020.09.18-08.53.50:273][806]LogModuleManager: Shutting down and abandoning module WmfMediaEditor (592)
[2020.09.18-08.53.50:273][806]LogModuleManager: Shutting down and abandoning module WebMMediaFactory (590)
[2020.09.18-08.53.50:273][806]LogModuleManager: Shutting down and abandoning module WebMMediaEditor (588)
[2020.09.18-08.53.50:273][806]LogModuleManager: Shutting down and abandoning module WebMMedia (586)
[2020.09.18-08.53.50:273][806]LogModuleManager: Shutting down and abandoning module MediaPlayerEditor (584)
[2020.09.18-08.53.50:273][806]LogModuleManager: Shutting down and abandoning module MediaCompositingEditor (582)
[2020.09.18-08.53.50:274][806]LogModuleManager: Shutting down and abandoning module SequenceRecorder (581)
[2020.09.18-08.53.50:274][806]LogModuleManager: Shutting down and abandoning module OpenExrWrapper (578)
[2020.09.18-08.53.50:274][806]LogModuleManager: Shutting down and abandoning module ImgMediaFactory (576)
[2020.09.18-08.53.50:274][806]LogModuleManager: Shutting down and abandoning module ImgMediaEditor (574)
[2020.09.18-08.53.50:274][806]LogModuleManager: Shutting down and abandoning module AvfMediaFactory (572)
[2020.09.18-08.53.50:274][806]LogModuleManager: Shutting down and abandoning module AvfMediaEditor (570)
[2020.09.18-08.53.50:274][806]LogModuleManager: Shutting down and abandoning module AndroidMediaFactory (568)
[2020.09.18-08.53.50:274][806]LogModuleManager: Shutting down and abandoning module AndroidMediaEditor (566)
[2020.09.18-08.53.50:274][806]LogModuleManager: Shutting down and abandoning module MagicLeapCameraPreviewFactory (564)
[2020.09.18-08.53.50:274][806]LogModuleManager: Shutting down and abandoning module MagicLeapMediaCodecFactory (562)
[2020.09.18-08.53.50:274][806]LogModuleManager: Shutting down and abandoning module MagicLeapMediaFactory (560)
[2020.09.18-08.53.50:274][806]LogModuleManager: Shutting down and abandoning module MagicLeapMediaEditor (558)
[2020.09.18-08.53.50:274][806]LogModuleManager: Shutting down and abandoning module CharacterAI (556)
[2020.09.18-08.53.50:274][806]LogModuleManager: Shutting down and abandoning module SmartSnapping (554)
[2020.09.18-08.53.50:274][806]LogModuleManager: Shutting down and abandoning module SessionServices (552)
[2020.09.18-08.53.50:274][806]LogModuleManager: Shutting down and abandoning module MeshPaint (550)
[2020.09.18-08.53.50:274][806]LogModuleManager: Shutting down and abandoning module ViewportSnapping (548)
[2020.09.18-08.53.50:274][806]LogModuleManager: Shutting down and abandoning module ViewportInteraction (546)
[2020.09.18-08.53.50:274][806]LogModuleManager: Shutting down and abandoning module ClothPainter (544)
[2020.09.18-08.53.50:274][806]LogModuleManager: Shutting down and abandoning module SkeletalMeshEditor (543)
[2020.09.18-08.53.50:275][806]LogModuleManager: Shutting down and abandoning module LogVisualizer (540)
[2020.09.18-08.53.50:275][806]LogModuleManager: Shutting down and abandoning module IntroTutorials (538)
[2020.09.18-08.53.50:275][806]LogModuleManager: Shutting down and abandoning module GameProjectGeneration (537)
[2020.09.18-08.53.50:276][806]LogModuleManager: Shutting down and abandoning module LuminPlatformEditor (534)
[2020.09.18-08.53.50:276][806]LogModuleManager: Shutting down and abandoning module IOSPlatformEditor (532)
[2020.09.18-08.53.50:276][806]LogModuleManager: Shutting down and abandoning module HTML5PlatformEditor (530)
[2020.09.18-08.53.50:276][806]LogModuleManager: Shutting down and abandoning module AndroidPlatformEditor (528)
[2020.09.18-08.53.50:276][806]LogModuleManager: Shutting down and abandoning module AndroidDeviceDetection (527)
[2020.09.18-08.53.50:986][806]LogModuleManager: Shutting down and abandoning module WindowsPlatformEditor (524)
[2020.09.18-08.53.50:987][806]LogModuleManager: Shutting down and abandoning module LuminRuntimeSettings (522)
[2020.09.18-08.53.50:987][806]LogModuleManager: Shutting down and abandoning module IOSRuntimeSettings (520)
[2020.09.18-08.53.50:987][806]LogModuleManager: Shutting down and abandoning module AndroidRuntimeSettings (518)
[2020.09.18-08.53.50:987][806]LogModuleManager: Shutting down and abandoning module TimeManagementEditor (516)
[2020.09.18-08.53.50:987][806]LogModuleManager: Shutting down and abandoning module InputBindingEditor (514)
[2020.09.18-08.53.50:989][806]LogModuleManager: Shutting down and abandoning module MergeActors (512)
[2020.09.18-08.53.50:989][806]LogModuleManager: Shutting down and abandoning module LocalizationDashboard (510)
[2020.09.18-08.53.50:989][806]LogModuleManager: Shutting down and abandoning module LocalizationService (509)
[2020.09.18-08.53.50:989][806]LogModuleManager: Shutting down and abandoning module HardwareTargeting (506)
[2020.09.18-08.53.50:989][806]LogModuleManager: Shutting down and abandoning module DeviceProfileEditor (504)
[2020.09.18-08.53.50:989][806]LogModuleManager: Shutting down and abandoning module UndoHistory (502)
[2020.09.18-08.53.50:990][806]LogModuleManager: Shutting down and abandoning module XmlParser (500)
[2020.09.18-08.53.50:990][806]LogModuleManager: Shutting down and abandoning module Blutility (498)
[2020.09.18-08.53.50:990][806]LogModuleManager: Shutting down and abandoning module ProjectSettingsViewer (496)
[2020.09.18-08.53.50:990][806]LogModuleManager: Shutting down and abandoning module ProjectTargetPlatformEditor (495)
[2020.09.18-08.53.50:990][806]LogModuleManager: Shutting down and abandoning module EditorSettingsViewer (492)
[2020.09.18-08.53.50:990][806]LogModuleManager: Shutting down and abandoning module SettingsEditor (490)
[2020.09.18-08.53.50:990][806]LogModuleManager: Shutting down and abandoning module ProjectLauncher (488)
[2020.09.18-08.53.50:990][806]LogModuleManager: Shutting down and abandoning module SessionFrontend (486)
[2020.09.18-08.53.50:990][806]LogModuleManager: Shutting down and abandoning module ProfilerClient (484)
[2020.09.18-08.53.50:990][806]LogModuleManager: Shutting down and abandoning module DeviceManager (482)
[2020.09.18-08.53.50:990][806]LogModuleManager: Shutting down and abandoning module TargetDeviceServices (481)
[2020.09.18-08.53.51:033][806]LogModuleManager: Shutting down and abandoning module AutomationController (478)
[2020.09.18-08.53.51:033][806]LogModuleManager: Shutting down and abandoning module AutomationWindow (476)
[2020.09.18-08.53.51:033][806]LogModuleManager: Shutting down and abandoning module Layers (474)
[2020.09.18-08.53.51:035][806]LogModuleManager: Shutting down and abandoning module ComponentVisualizers (472)
[2020.09.18-08.53.51:035][806]LogModuleManager: Shutting down and abandoning module DetailCustomizations (470)
[2020.09.18-08.53.51:035][806]LogModuleManager: Shutting down and abandoning module PackagesDialog (468)
[2020.09.18-08.53.51:035][806]LogModuleManager: Shutting down and abandoning module AnimationBlueprintEditor (466)
[2020.09.18-08.53.51:036][806]LogModuleManager: Shutting down and abandoning module Persona (464)
[2020.09.18-08.53.51:036][806]LogModuleManager: Shutting down and abandoning module AdvancedPreviewScene (463)
[2020.09.18-08.53.51:036][806]LogModuleManager: Shutting down and abandoning module AnimGraph (461)
[2020.09.18-08.53.51:036][806]LogModuleManager: Shutting down and abandoning module Kismet (458)
[2020.09.18-08.53.51:037][806]LogModuleManager: Shutting down and abandoning module GraphEditor (456)
[2020.09.18-08.53.51:039][806]LogModuleManager: Shutting down and abandoning module ClassViewer (454)
[2020.09.18-08.53.51:039][806]LogModuleManager: Shutting down and abandoning module Toolbox (452)
[2020.09.18-08.53.51:039][806]LogModuleManager: Shutting down and abandoning module DesktopPlatform (451)
[2020.09.18-08.53.51:039][806]LogModuleManager: Shutting down and abandoning module ModuleUI (448)
[2020.09.18-08.53.51:039][806]LogModuleManager: Shutting down and abandoning module MovieSceneTools (446)
[2020.09.18-08.53.51:040][806]LogModuleManager: Shutting down and abandoning module OutputLog (444)
[2020.09.18-08.53.51:040][806]LogModuleManager: Shutting down and abandoning module GammaUI (442)
[2020.09.18-08.53.51:040][806]LogModuleManager: Shutting down and abandoning module Documentation (440)
[2020.09.18-08.53.51:040][806]LogModuleManager: Shutting down and abandoning module LiveCoding (438)
[2020.09.18-08.53.51:040][806]LogModuleManager: Shutting down and abandoning module LevelSequence (436)
[2020.09.18-08.53.51:040][806]LogModuleManager: Shutting down and abandoning module MovieSceneTracks (434)
[2020.09.18-08.53.51:040][806]LogModuleManager: Shutting down and abandoning module MovieScene (432)
[2020.09.18-08.53.51:040][806]LogModuleManager: Shutting down and abandoning module StreamingPauseRendering (430)
[2020.09.18-08.53.51:040][806]LogModuleManager: Shutting down and abandoning module LauncherPlatform (428)
[2020.09.18-08.53.51:040][806]LogModuleManager: Shutting down and abandoning module AnalyticsET (426)
[2020.09.18-08.53.51:040][806]LogModuleManager: Shutting down and abandoning module PortalServices (424)
[2020.09.18-08.53.51:040][806]LogModuleManager: Shutting down and abandoning module PortalRpc (422)
[2020.09.18-08.53.51:040][806]LogModuleManager: Shutting down and abandoning module MessagingRpc (420)
[2020.09.18-08.53.51:040][806]LogModuleManager: Shutting down and abandoning module AIModule (418)
[2020.09.18-08.53.51:040][806]LogModuleManager: Shutting down and abandoning module GameplayDebugger (417)
[2020.09.18-08.53.51:040][806]LogModuleManager: Shutting down and abandoning module AITestSuite (415)
[2020.09.18-08.53.51:040][806]LogModuleManager: Shutting down and abandoning module NavigationSystem (413)
[2020.09.18-08.53.51:040][806]LogModuleManager: Shutting down and abandoning module ImageWriteQueue (410)
[2020.09.18-08.53.51:044][806]LogModuleManager: Shutting down and abandoning module ProfilerService (408)
[2020.09.18-08.53.51:285][806]LogModuleManager: Shutting down and abandoning module TaskGraph (406)
[2020.09.18-08.53.51:287][806]LogModuleManager: Shutting down and abandoning module SteamVRController (404)
[2020.09.18-08.53.51:287][806]LogModuleManager: Shutting down and abandoning module ProceduralMeshComponentEditor (402)
[2020.09.18-08.53.51:287][806]LogModuleManager: Shutting down and abandoning module ProceduralMeshComponent (400)
[2020.09.18-08.53.51:287][806]LogModuleManager: Shutting down and abandoning module OculusEditor (398)
[2020.09.18-08.53.51:287][806]LogModuleManager: Shutting down and abandoning module OculusInput (396)
[2020.09.18-08.53.51:287][806]LogModuleManager: Shutting down and abandoning module MobilePatchingUtils (394)
[2020.09.18-08.53.51:287][806]LogModuleManager: Shutting down and abandoning module EditableMesh (392)
[2020.09.18-08.53.51:287][806]LogModuleManager: Shutting down and abandoning module CustomMeshComponent (390)
[2020.09.18-08.53.51:287][806]LogModuleManager: Shutting down and abandoning module CableComponent (388)
[2020.09.18-08.53.51:287][806]LogModuleManager: Shutting down and abandoning module AudioCapture (386)
[2020.09.18-08.53.51:287][806]LogModuleManager: Shutting down and abandoning module ArchVisCharacter (384)
[2020.09.18-08.53.51:287][806]LogModuleManager: Shutting down and abandoning module AndroidPermission (382)
[2020.09.18-08.53.51:287][806]LogModuleManager: Shutting down and abandoning module NUTUnrealEngine4 (380)
[2020.09.18-08.53.51:287][806]LogModuleManager: Shutting down and abandoning module NetcodeUnitTest (378)
[2020.09.18-08.53.51:287][806]LogModuleManager: Shutting down and abandoning module MediaCompositing (376)
[2020.09.18-08.53.51:287][806]LogModuleManager: Shutting down and abandoning module LinearTimecode (374)
[2020.09.18-08.53.51:287][806]LogModuleManager: Shutting down and abandoning module ImgMedia (372)
[2020.09.18-08.53.51:287][806]LogModuleManager: Shutting down and abandoning module MagicLeapHelperVulkan (370)
[2020.09.18-08.53.51:287][806]LogModuleManager: Shutting down and abandoning module MagicLeapHelperOpenGL (368)
[2020.09.18-08.53.51:287][806]LogModuleManager: Shutting down and abandoning module MagicLeapAudio (366)
[2020.09.18-08.53.51:287][806]LogModuleManager: Shutting down and abandoning module HTML5Networking (364)
[2020.09.18-08.53.51:287][806]LogModuleManager: Shutting down and abandoning module GeometryCacheTracks (362)
[2020.09.18-08.53.51:287][806]LogModuleManager: Shutting down and abandoning module GeometryCacheSequencer (360)
[2020.09.18-08.53.51:287][806]LogModuleManager: Shutting down and abandoning module BackChannel (358)
[2020.09.18-08.53.51:287][806]LogModuleManager: Shutting down and abandoning module AppleVision (356)
[2020.09.18-08.53.51:287][806]LogModuleManager: Shutting down and abandoning module AppleImageUtilsBlueprintSupport (354)
[2020.09.18-08.53.51:287][806]LogModuleManager: Shutting down and abandoning module AppleImageUtils (352)
[2020.09.18-08.53.51:287][806]LogModuleManager: Shutting down and abandoning module AlembicImporter (350)
[2020.09.18-08.53.51:288][806]LogModuleManager: Shutting down and abandoning module AlembicLibrary (349)
[2020.09.18-08.53.51:288][806]LogModuleManager: Shutting down and abandoning module GeometryCache (348)
[2020.09.18-08.53.51:288][806]LogModuleManager: Shutting down and abandoning module GeometryCacheEd (347)
[2020.09.18-08.53.51:288][806]LogModuleManager: Shutting down and abandoning module VariantManagerContent (342)
[2020.09.18-08.53.51:288][806]LogModuleManager: Shutting down and abandoning module DatasmithContentEditor (340)
[2020.09.18-08.53.51:288][806]LogModuleManager: Shutting down and abandoning module SpeedTreeImporter (338)
[2020.09.18-08.53.51:288][806]LogModuleManager: Shutting down and abandoning module PluginBrowser (336)
[2020.09.18-08.53.51:288][806]LogModuleManager: Shutting down and abandoning module MobileLauncherProfileWizard (334)
[2020.09.18-08.53.51:288][806]LogModuleManager: Shutting down and abandoning module MaterialAnalyzer (332)
[2020.09.18-08.53.51:288][806]LogModuleManager: Shutting down and abandoning module CryptoKeysOpenSSL (330)
[2020.09.18-08.53.51:288][806]LogModuleManager: Shutting down and abandoning module CryptoKeys (328)
[2020.09.18-08.53.51:288][806]LogModuleManager: Shutting down and abandoning module VisualStudioSourceCodeAccess (326)
[2020.09.18-08.53.51:288][806]LogModuleManager: Shutting down and abandoning module VisualStudioCodeSourceCodeAccess (324)
[2020.09.18-08.53.51:289][806]LogModuleManager: Shutting down and abandoning module UObjectPlugin (322)
[2020.09.18-08.53.51:289][806]LogModuleManager: Shutting down and abandoning module SubversionSourceControl (320)
[2020.09.18-08.53.51:289][806]LogModuleManager: Shutting down and abandoning module PerforceSourceControl (318)
[2020.09.18-08.53.51:289][806]LogModuleManager: Shutting down and abandoning module GitSourceControl (316)
[2020.09.18-08.53.51:289][806]LogModuleManager: Shutting down and abandoning module SourceControl (315)
[2020.09.18-08.53.51:289][806]LogModuleManager: Shutting down and abandoning module CLionSourceCodeAccess (312)
[2020.09.18-08.53.51:289][806]LogModuleManager: Shutting down and abandoning module AnimationSharingEd (310)
[2020.09.18-08.53.51:289][806]LogModuleManager: Shutting down and abandoning module ActorLayerUtilitiesEditor (308)
[2020.09.18-08.53.51:289][806]LogModuleManager: Shutting down and abandoning module ActorLayerUtilities (306)
[2020.09.18-08.53.51:289][806]LogModuleManager: Shutting down and abandoning module LightPropagationVolumeEditor (304)
[2020.09.18-08.53.51:289][806]LogModuleManager: Shutting down and abandoning module PaperTiledImporter (302)
[2020.09.18-08.53.51:289][806]LogModuleManager: Shutting down and abandoning module PaperSpriteSheetImporter (300)
[2020.09.18-08.53.51:289][806]LogModuleManager: Shutting down and abandoning module Paper2DEditor (298)
[2020.09.18-08.53.51:290][806]LogModuleManager: Shutting down and abandoning module UE4Self (296)
[2020.09.18-08.53.51:290][806]LogModuleManager: Shutting down and abandoning module SignificanceManager (294)
[2020.09.18-08.53.51:290][806]LogModuleManager: Shutting down and abandoning module RuntimePhysXCooking (292)
[2020.09.18-08.53.51:290][806]LogModuleManager: Shutting down and abandoning module PhysXVehiclesEditor (290)
[2020.09.18-08.53.51:290][806]LogModuleManager: Shutting down and abandoning module PhysXVehicles (288)
[2020.09.18-08.53.51:290][806]LogModuleManager: Shutting down and abandoning module LocationServicesBPLibrary (286)
[2020.09.18-08.53.51:290][806]LogModuleManager: Shutting down and abandoning module ActorSequence (284)
[2020.09.18-08.53.51:290][806]LogModuleManager: Shutting down and abandoning module UdpMessaging (282)
[2020.09.18-08.53.51:392][806]LogModuleManager: Shutting down and abandoning module TcpMessaging (280)
